2022-05-03 22:35:20,594 INFO    MainThread:62292 [internal.py:wandb_internal():93] W&B internal server running at pid: 62292, started at: 2022-05-03 22:35:20.593380
2022-05-03 22:35:20,595 INFO    WriterThread:62292 [datastore.py:open_for_write():75] open: C:\Research\PINNs_Adaptive_thermal\wandb\run-20220503_223518-2908ol64\run-2908ol64.wandb
2022-05-03 22:35:20,600 DEBUG   SenderThread:62292 [sender.py:send():232] send: header
2022-05-03 22:35:20,600 DEBUG   SenderThread:62292 [sender.py:send():232] send: run
2022-05-03 22:35:20,822 DEBUG   HandlerThread:62292 [handler.py:handle_request():141] handle_request: check_version
2022-05-03 22:35:20,829 INFO    SenderThread:62292 [dir_watcher.py:__init__():197] watching files in: C:\Research\PINNs_Adaptive_thermal\wandb\run-20220503_223518-2908ol64\files
2022-05-03 22:35:20,830 INFO    SenderThread:62292 [sender.py:_start_run_threads():814] run started: 2908ol64 with start time 1651635319
2022-05-03 22:35:20,830 DEBUG   SenderThread:62292 [sender.py:send():232] send: summary
2022-05-03 22:35:20,831 INFO    SenderThread:62292 [sender.py:_save_file():948] saving file wandb-summary.json with policy end
2022-05-03 22:35:20,831 DEBUG   SenderThread:62292 [sender.py:send_request():246] send_request: check_version
2022-05-03 22:35:20,894 DEBUG   HandlerThread:62292 [handler.py:handle_request():141] handle_request: run_start
2022-05-03 22:35:21,831 INFO    Thread-11 :62292 [dir_watcher.py:_on_file_created():244] file/dir created: C:\Research\PINNs_Adaptive_thermal\wandb\run-20220503_223518-2908ol64\files\wandb-summary.json
2022-05-03 22:35:22,975 DEBUG   HandlerThread:62292 [meta.py:__init__():35] meta init
2022-05-03 22:35:22,975 DEBUG   HandlerThread:62292 [meta.py:__init__():49] meta init done
2022-05-03 22:35:22,975 DEBUG   HandlerThread:62292 [meta.py:probe():209] probe
2022-05-03 22:35:23,058 DEBUG   HandlerThread:62292 [meta.py:_setup_git():199] setup git
2022-05-03 22:35:23,133 DEBUG   HandlerThread:62292 [meta.py:_setup_git():206] setup git done
2022-05-03 22:35:23,134 DEBUG   HandlerThread:62292 [meta.py:_save_pip():53] save pip
2022-05-03 22:35:23,135 DEBUG   HandlerThread:62292 [meta.py:_save_pip():67] save pip done
2022-05-03 22:35:23,135 DEBUG   HandlerThread:62292 [meta.py:_save_conda():74] save conda
2022-05-03 22:35:23,860 INFO    Thread-11 :62292 [dir_watcher.py:_on_file_created():244] file/dir created: C:\Research\PINNs_Adaptive_thermal\wandb\run-20220503_223518-2908ol64\files\conda-environment.yaml
2022-05-03 22:35:23,861 INFO    Thread-11 :62292 [dir_watcher.py:_on_file_created():244] file/dir created: C:\Research\PINNs_Adaptive_thermal\wandb\run-20220503_223518-2908ol64\files\requirements.txt
2022-05-03 22:35:26,819 DEBUG   HandlerThread:62292 [meta.py:_save_conda():84] save conda done
2022-05-03 22:35:26,819 DEBUG   HandlerThread:62292 [meta.py:probe():247] probe done
2022-05-03 22:35:26,825 DEBUG   HandlerThread:62292 [handler.py:handle_request():141] handle_request: stop_status
2022-05-03 22:35:26,826 DEBUG   SenderThread:62292 [sender.py:send_request():246] send_request: stop_status
2022-05-03 22:35:26,902 INFO    Thread-11 :62292 [dir_watcher.py:_on_file_modified():257] file/dir modified: C:\Research\PINNs_Adaptive_thermal\wandb\run-20220503_223518-2908ol64\files\conda-environment.yaml
2022-05-03 22:35:26,903 INFO    Thread-11 :62292 [dir_watcher.py:_on_file_created():244] file/dir created: C:\Research\PINNs_Adaptive_thermal\wandb\run-20220503_223518-2908ol64\files\output.log
2022-05-03 22:35:26,903 INFO    Thread-11 :62292 [dir_watcher.py:_on_file_created():244] file/dir created: C:\Research\PINNs_Adaptive_thermal\wandb\run-20220503_223518-2908ol64\files\wandb-metadata.json
2022-05-03 22:35:26,977 DEBUG   SenderThread:62292 [sender.py:send():232] send: telemetry
2022-05-03 22:35:26,978 DEBUG   SenderThread:62292 [sender.py:send():232] send: files
2022-05-03 22:35:26,978 INFO    SenderThread:62292 [sender.py:_save_file():948] saving file wandb-metadata.json with policy now
2022-05-03 22:35:27,469 INFO    Thread-17 :62292 [upload_job.py:push():132] Uploaded file C:\Users\ganat\AppData\Local\Temp\tmpwaogz669wandb\39gyc7lb-wandb-metadata.json
2022-05-03 22:35:30,936 INFO    Thread-11 :62292 [dir_watcher.py:_on_file_modified():257] file/dir modified: C:\Research\PINNs_Adaptive_thermal\wandb\run-20220503_223518-2908ol64\files\output.log
2022-05-03 22:35:34,979 INFO    Thread-11 :62292 [dir_watcher.py:_on_file_modified():257] file/dir modified: C:\Research\PINNs_Adaptive_thermal\wandb\run-20220503_223518-2908ol64\files\output.log
2022-05-03 22:35:42,078 DEBUG   HandlerThread:62292 [handler.py:handle_request():141] handle_request: stop_status
2022-05-03 22:35:42,079 DEBUG   SenderThread:62292 [sender.py:send_request():246] send_request: stop_status
2022-05-03 22:35:46,991 DEBUG   SenderThread:62292 [sender.py:send():232] send: telemetry
2022-05-03 22:35:47,098 INFO    Thread-11 :62292 [dir_watcher.py:_on_file_modified():257] file/dir modified: C:\Research\PINNs_Adaptive_thermal\wandb\run-20220503_223518-2908ol64\files\output.log
2022-05-03 22:35:47,565 DEBUG   SenderThread:62292 [sender.py:send():232] send: exit
2022-05-03 22:35:47,565 INFO    SenderThread:62292 [sender.py:send_exit():368] handling exit code: 1
2022-05-03 22:35:47,566 INFO    SenderThread:62292 [sender.py:send_exit():370] handling runtime: 26
2022-05-03 22:35:47,566 INFO    SenderThread:62292 [sender.py:_save_file():948] saving file wandb-summary.json with policy end
2022-05-03 22:35:47,567 INFO    SenderThread:62292 [sender.py:send_exit():376] send defer
2022-05-03 22:35:47,567 DEBUG   HandlerThread:62292 [handler.py:handle_request():141] handle_request: poll_exit
2022-05-03 22:35:47,567 DEBUG   HandlerThread:62292 [handler.py:handle_request():141] handle_request: defer
2022-05-03 22:35:47,567 INFO    HandlerThread:62292 [handler.py:handle_request_defer():164] handle defer: 0
2022-05-03 22:35:47,567 DEBUG   SenderThread:62292 [sender.py:send_request():246] send_request: poll_exit
2022-05-03 22:35:47,567 DEBUG   SenderThread:62292 [sender.py:send_request():246] send_request: defer
2022-05-03 22:35:47,568 INFO    SenderThread:62292 [sender.py:send_request_defer():385] handle sender defer: 0
2022-05-03 22:35:47,568 INFO    SenderThread:62292 [sender.py:transition_state():389] send defer: 1
2022-05-03 22:35:47,568 DEBUG   HandlerThread:62292 [handler.py:handle_request():141] handle_request: defer
2022-05-03 22:35:47,568 INFO    HandlerThread:62292 [handler.py:handle_request_defer():164] handle defer: 1
2022-05-03 22:35:47,697 DEBUG   SenderThread:62292 [sender.py:send_request():246] send_request: defer
2022-05-03 22:35:47,697 INFO    SenderThread:62292 [sender.py:send_request_defer():385] handle sender defer: 1
2022-05-03 22:35:47,697 INFO    SenderThread:62292 [sender.py:transition_state():389] send defer: 2
2022-05-03 22:35:47,697 DEBUG   HandlerThread:62292 [handler.py:handle_request():141] handle_request: poll_exit
2022-05-03 22:35:47,697 DEBUG   SenderThread:62292 [sender.py:send_request():246] send_request: poll_exit
2022-05-03 22:35:47,698 DEBUG   SenderThread:62292 [sender.py:send():232] send: stats
2022-05-03 22:35:47,698 DEBUG   HandlerThread:62292 [handler.py:handle_request():141] handle_request: defer
2022-05-03 22:35:47,698 INFO    HandlerThread:62292 [handler.py:handle_request_defer():164] handle defer: 2
2022-05-03 22:35:47,698 DEBUG   SenderThread:62292 [sender.py:send_request():246] send_request: defer
2022-05-03 22:35:47,698 INFO    SenderThread:62292 [sender.py:send_request_defer():385] handle sender defer: 2
2022-05-03 22:35:47,699 INFO    SenderThread:62292 [sender.py:transition_state():389] send defer: 3
2022-05-03 22:35:47,699 DEBUG   HandlerThread:62292 [handler.py:handle_request():141] handle_request: defer
2022-05-03 22:35:47,699 INFO    HandlerThread:62292 [handler.py:handle_request_defer():164] handle defer: 3
2022-05-03 22:35:47,699 DEBUG   SenderThread:62292 [sender.py:send_request():246] send_request: defer
2022-05-03 22:35:47,699 INFO    SenderThread:62292 [sender.py:send_request_defer():385] handle sender defer: 3
2022-05-03 22:35:47,699 INFO    SenderThread:62292 [sender.py:transition_state():389] send defer: 4
2022-05-03 22:35:47,700 DEBUG   HandlerThread:62292 [handler.py:handle_request():141] handle_request: defer
2022-05-03 22:35:47,700 INFO    HandlerThread:62292 [handler.py:handle_request_defer():164] handle defer: 4
2022-05-03 22:35:47,700 DEBUG   SenderThread:62292 [sender.py:send():232] send: summary
2022-05-03 22:35:47,701 INFO    SenderThread:62292 [sender.py:_save_file():948] saving file wandb-summary.json with policy end
2022-05-03 22:35:47,701 DEBUG   SenderThread:62292 [sender.py:send_request():246] send_request: defer
2022-05-03 22:35:47,701 INFO    SenderThread:62292 [sender.py:send_request_defer():385] handle sender defer: 4
2022-05-03 22:35:47,701 INFO    SenderThread:62292 [sender.py:transition_state():389] send defer: 5
2022-05-03 22:35:47,702 DEBUG   HandlerThread:62292 [handler.py:handle_request():141] handle_request: defer
2022-05-03 22:35:47,702 INFO    HandlerThread:62292 [handler.py:handle_request_defer():164] handle defer: 5
2022-05-03 22:35:47,702 DEBUG   SenderThread:62292 [sender.py:send_request():246] send_request: defer
2022-05-03 22:35:47,702 INFO    SenderThread:62292 [sender.py:send_request_defer():385] handle sender defer: 5
2022-05-03 22:35:47,806 DEBUG   HandlerThread:62292 [handler.py:handle_request():141] handle_request: poll_exit
2022-05-03 22:35:47,887 INFO    SenderThread:62292 [sender.py:transition_state():389] send defer: 6
2022-05-03 22:35:47,888 DEBUG   SenderThread:62292 [sender.py:send_request():246] send_request: poll_exit
2022-05-03 22:35:47,889 DEBUG   HandlerThread:62292 [handler.py:handle_request():141] handle_request: defer
2022-05-03 22:35:47,890 INFO    HandlerThread:62292 [handler.py:handle_request_defer():164] handle defer: 6
2022-05-03 22:35:47,890 DEBUG   SenderThread:62292 [sender.py:send_request():246] send_request: defer
2022-05-03 22:35:47,890 INFO    SenderThread:62292 [sender.py:send_request_defer():385] handle sender defer: 6
2022-05-03 22:35:47,890 INFO    SenderThread:62292 [dir_watcher.py:finish():312] shutting down directory watcher
2022-05-03 22:35:47,994 DEBUG   HandlerThread:62292 [handler.py:handle_request():141] handle_request: poll_exit
2022-05-03 22:35:48,102 INFO    SenderThread:62292 [dir_watcher.py:_on_file_modified():257] file/dir modified: C:\Research\PINNs_Adaptive_thermal\wandb\run-20220503_223518-2908ol64\files\output.log
2022-05-03 22:35:48,102 INFO    SenderThread:62292 [dir_watcher.py:_on_file_modified():257] file/dir modified: C:\Research\PINNs_Adaptive_thermal\wandb\run-20220503_223518-2908ol64\files\wandb-summary.json
2022-05-03 22:35:48,102 INFO    SenderThread:62292 [dir_watcher.py:_on_file_modified():257] file/dir modified: C:\Research\PINNs_Adaptive_thermal\wandb\run-20220503_223518-2908ol64\files\config.yaml
2022-05-03 22:35:48,103 INFO    SenderThread:62292 [dir_watcher.py:finish():342] scan: C:\Research\PINNs_Adaptive_thermal\wandb\run-20220503_223518-2908ol64\files
2022-05-03 22:35:48,103 INFO    SenderThread:62292 [dir_watcher.py:finish():356] scan save: C:\Research\PINNs_Adaptive_thermal\wandb\run-20220503_223518-2908ol64\files\conda-environment.yaml conda-environment.yaml
2022-05-03 22:35:48,104 INFO    SenderThread:62292 [dir_watcher.py:finish():356] scan save: C:\Research\PINNs_Adaptive_thermal\wandb\run-20220503_223518-2908ol64\files\config.yaml config.yaml
2022-05-03 22:35:48,104 INFO    SenderThread:62292 [dir_watcher.py:finish():356] scan save: C:\Research\PINNs_Adaptive_thermal\wandb\run-20220503_223518-2908ol64\files\output.log output.log
2022-05-03 22:35:48,108 INFO    SenderThread:62292 [dir_watcher.py:finish():356] scan save: C:\Research\PINNs_Adaptive_thermal\wandb\run-20220503_223518-2908ol64\files\requirements.txt requirements.txt
2022-05-03 22:35:48,112 INFO    SenderThread:62292 [dir_watcher.py:finish():356] scan save: C:\Research\PINNs_Adaptive_thermal\wandb\run-20220503_223518-2908ol64\files\wandb-metadata.json wandb-metadata.json
2022-05-03 22:35:48,112 INFO    SenderThread:62292 [dir_watcher.py:finish():356] scan save: C:\Research\PINNs_Adaptive_thermal\wandb\run-20220503_223518-2908ol64\files\wandb-summary.json wandb-summary.json
2022-05-03 22:35:48,114 INFO    SenderThread:62292 [sender.py:transition_state():389] send defer: 7
2022-05-03 22:35:48,115 DEBUG   SenderThread:62292 [sender.py:send_request():246] send_request: poll_exit
2022-05-03 22:35:48,119 DEBUG   HandlerThread:62292 [handler.py:handle_request():141] handle_request: defer
2022-05-03 22:35:48,119 INFO    HandlerThread:62292 [handler.py:handle_request_defer():164] handle defer: 7
2022-05-03 22:35:48,122 DEBUG   SenderThread:62292 [sender.py:send_request():246] send_request: defer
2022-05-03 22:35:48,123 INFO    SenderThread:62292 [sender.py:send_request_defer():385] handle sender defer: 7
2022-05-03 22:35:48,123 INFO    SenderThread:62292 [file_pusher.py:finish():145] shutting down file pusher
2022-05-03 22:35:48,227 DEBUG   HandlerThread:62292 [handler.py:handle_request():141] handle_request: poll_exit
2022-05-03 22:35:48,227 DEBUG   SenderThread:62292 [sender.py:send_request():246] send_request: poll_exit
2022-05-03 22:35:48,336 DEBUG   HandlerThread:62292 [handler.py:handle_request():141] handle_request: poll_exit
2022-05-03 22:35:48,336 DEBUG   SenderThread:62292 [sender.py:send_request():246] send_request: poll_exit
2022-05-03 22:35:48,443 DEBUG   HandlerThread:62292 [handler.py:handle_request():141] handle_request: poll_exit
2022-05-03 22:35:48,444 DEBUG   SenderThread:62292 [sender.py:send_request():246] send_request: poll_exit
2022-05-03 22:35:48,554 DEBUG   HandlerThread:62292 [handler.py:handle_request():141] handle_request: poll_exit
2022-05-03 22:35:48,554 DEBUG   SenderThread:62292 [sender.py:send_request():246] send_request: poll_exit
2022-05-03 22:35:48,584 INFO    Thread-18 :62292 [upload_job.py:push():132] Uploaded file C:\Research\PINNs_Adaptive_thermal\wandb\run-20220503_223518-2908ol64\files\conda-environment.yaml
2022-05-03 22:35:48,608 INFO    Thread-22 :62292 [upload_job.py:push():132] Uploaded file C:\Research\PINNs_Adaptive_thermal\wandb\run-20220503_223518-2908ol64\files\wandb-summary.json
2022-05-03 22:35:48,636 INFO    Thread-19 :62292 [upload_job.py:push():132] Uploaded file C:\Research\PINNs_Adaptive_thermal\wandb\run-20220503_223518-2908ol64\files\config.yaml
2022-05-03 22:35:48,661 INFO    Thread-21 :62292 [upload_job.py:push():132] Uploaded file C:\Research\PINNs_Adaptive_thermal\wandb\run-20220503_223518-2908ol64\files\requirements.txt
2022-05-03 22:35:48,663 DEBUG   HandlerThread:62292 [handler.py:handle_request():141] handle_request: poll_exit
2022-05-03 22:35:48,665 DEBUG   SenderThread:62292 [sender.py:send_request():246] send_request: poll_exit
2022-05-03 22:35:48,773 DEBUG   HandlerThread:62292 [handler.py:handle_request():141] handle_request: poll_exit
2022-05-03 22:35:48,773 DEBUG   SenderThread:62292 [sender.py:send_request():246] send_request: poll_exit
2022-05-03 22:35:48,883 DEBUG   HandlerThread:62292 [handler.py:handle_request():141] handle_request: poll_exit
2022-05-03 22:35:48,883 DEBUG   SenderThread:62292 [sender.py:send_request():246] send_request: poll_exit
2022-05-03 22:35:48,993 DEBUG   HandlerThread:62292 [handler.py:handle_request():141] handle_request: poll_exit
2022-05-03 22:35:48,993 DEBUG   SenderThread:62292 [sender.py:send_request():246] send_request: poll_exit
2022-05-03 22:35:49,103 DEBUG   HandlerThread:62292 [handler.py:handle_request():141] handle_request: poll_exit
2022-05-03 22:35:49,103 DEBUG   SenderThread:62292 [sender.py:send_request():246] send_request: poll_exit
2022-05-03 22:35:49,211 DEBUG   HandlerThread:62292 [handler.py:handle_request():141] handle_request: poll_exit
2022-05-03 22:35:49,211 DEBUG   SenderThread:62292 [sender.py:send_request():246] send_request: poll_exit
2022-05-03 22:35:49,262 INFO    Thread-20 :62292 [upload_job.py:push():132] Uploaded file C:\Research\PINNs_Adaptive_thermal\wandb\run-20220503_223518-2908ol64\files\output.log
2022-05-03 22:35:49,320 DEBUG   HandlerThread:62292 [handler.py:handle_request():141] handle_request: poll_exit
2022-05-03 22:35:49,321 DEBUG   SenderThread:62292 [sender.py:send_request():246] send_request: poll_exit
2022-05-03 22:35:49,430 DEBUG   HandlerThread:62292 [handler.py:handle_request():141] handle_request: poll_exit
2022-05-03 22:35:49,430 DEBUG   SenderThread:62292 [sender.py:send_request():246] send_request: poll_exit
2022-05-03 22:35:49,478 INFO    Thread-10 :62292 [sender.py:transition_state():389] send defer: 8
2022-05-03 22:35:49,479 DEBUG   HandlerThread:62292 [handler.py:handle_request():141] handle_request: defer
2022-05-03 22:35:49,479 INFO    HandlerThread:62292 [handler.py:handle_request_defer():164] handle defer: 8
2022-05-03 22:35:49,479 DEBUG   SenderThread:62292 [sender.py:send_request():246] send_request: defer
2022-05-03 22:35:49,479 INFO    SenderThread:62292 [sender.py:send_request_defer():385] handle sender defer: 8
2022-05-03 22:35:49,541 DEBUG   HandlerThread:62292 [handler.py:handle_request():141] handle_request: poll_exit
2022-05-03 22:35:49,579 INFO    SenderThread:62292 [sender.py:transition_state():389] send defer: 9
2022-05-03 22:35:49,580 DEBUG   SenderThread:62292 [sender.py:send_request():246] send_request: poll_exit
2022-05-03 22:35:49,580 DEBUG   HandlerThread:62292 [handler.py:handle_request():141] handle_request: defer
2022-05-03 22:35:49,580 INFO    HandlerThread:62292 [handler.py:handle_request_defer():164] handle defer: 9
2022-05-03 22:35:49,580 DEBUG   SenderThread:62292 [sender.py:send_request():246] send_request: defer
2022-05-03 22:35:49,580 INFO    SenderThread:62292 [sender.py:send_request_defer():385] handle sender defer: 9
2022-05-03 22:35:49,580 INFO    SenderThread:62292 [sender.py:transition_state():389] send defer: 10
2022-05-03 22:35:49,581 DEBUG   SenderThread:62292 [sender.py:send():232] send: final
2022-05-03 22:35:49,581 DEBUG   SenderThread:62292 [sender.py:send():232] send: footer
2022-05-03 22:35:49,581 DEBUG   HandlerThread:62292 [handler.py:handle_request():141] handle_request: defer
2022-05-03 22:35:49,581 INFO    HandlerThread:62292 [handler.py:handle_request_defer():164] handle defer: 10
2022-05-03 22:35:49,582 DEBUG   SenderThread:62292 [sender.py:send_request():246] send_request: defer
2022-05-03 22:35:49,582 INFO    SenderThread:62292 [sender.py:send_request_defer():385] handle sender defer: 10
2022-05-03 22:35:49,683 DEBUG   HandlerThread:62292 [handler.py:handle_request():141] handle_request: poll_exit
2022-05-03 22:35:49,684 DEBUG   SenderThread:62292 [sender.py:send_request():246] send_request: poll_exit
2022-05-03 22:35:49,684 INFO    SenderThread:62292 [file_pusher.py:join():150] waiting for file pusher
2022-05-03 22:35:50,122 DEBUG   HandlerThread:62292 [handler.py:handle_request():141] handle_request: sampled_history
2022-05-03 22:35:50,123 DEBUG   HandlerThread:62292 [handler.py:handle_request():141] handle_request: get_summary
2022-05-03 22:35:50,123 DEBUG   HandlerThread:62292 [handler.py:handle_request():141] handle_request: shutdown
2022-05-03 22:35:50,124 INFO    HandlerThread:62292 [handler.py:finish():806] shutting down handler
2022-05-03 22:35:50,592 INFO    WriterThread:62292 [datastore.py:close():279] close: C:\Research\PINNs_Adaptive_thermal\wandb\run-20220503_223518-2908ol64\run-2908ol64.wandb
2022-05-03 22:35:51,027 INFO    SenderThread:62292 [sender.py:finish():1110] shutting down sender
2022-05-03 22:35:51,027 INFO    SenderThread:62292 [file_pusher.py:finish():145] shutting down file pusher
2022-05-03 22:35:51,027 INFO    SenderThread:62292 [file_pusher.py:join():150] waiting for file pusher
2022-05-03 22:35:51,029 INFO    MainThread:62292 [internal.py:handle_exit():80] Internal process exited
