2022-05-03 22:35:18,905 INFO    MainThread:46340 [wandb_setup.py:_flush():76] Loading settings from C:\Users\ganat\.config\wandb\settings
2022-05-03 22:35:18,905 INFO    MainThread:46340 [wandb_setup.py:_flush():76] Loading settings from C:\Research\PINNs_Adaptive_thermal\wandb\settings
2022-05-03 22:35:18,905 INFO    MainThread:46340 [wandb_setup.py:_flush():76] Loading settings from environment variables: {}
2022-05-03 22:35:18,905 INFO    MainThread:46340 [wandb_setup.py:_flush():76] Inferring run settings from compute environment: {'program_relpath': 'main.py', 'program': 'main.py'}
2022-05-03 22:35:18,905 INFO    MainThread:46340 [wandb_init.py:_log_setup():428] Logging user logs to C:\Research\PINNs_Adaptive_thermal\wandb\run-20220503_223518-2908ol64\logs\debug.log
2022-05-03 22:35:18,906 INFO    MainThread:46340 [wandb_init.py:_log_setup():429] Logging internal logs to C:\Research\PINNs_Adaptive_thermal\wandb\run-20220503_223518-2908ol64\logs\debug-internal.log
2022-05-03 22:35:18,906 INFO    MainThread:46340 [wandb_init.py:init():462] calling init triggers
2022-05-03 22:35:18,906 INFO    MainThread:46340 [wandb_init.py:init():466] wandb.init called with sweep_config: {}
config: {}
2022-05-03 22:35:18,906 INFO    MainThread:46340 [wandb_init.py:init():515] starting backend
2022-05-03 22:35:18,906 INFO    MainThread:46340 [backend.py:_multiprocessing_setup():99] multiprocessing start_methods=spawn, using: spawn
2022-05-03 22:35:18,913 INFO    MainThread:46340 [backend.py:ensure_launched():217] starting backend process...
2022-05-03 22:35:19,001 INFO    MainThread:46340 [backend.py:ensure_launched():222] started backend process with pid: 62292
2022-05-03 22:35:19,002 INFO    MainThread:46340 [wandb_init.py:init():525] backend started and connected
2022-05-03 22:35:19,003 INFO    MainThread:46340 [wandb_init.py:init():596] updated telemetry
2022-05-03 22:35:19,040 INFO    MainThread:46340 [wandb_init.py:init():628] communicating run to backend with 30 second timeout
2022-05-03 22:35:20,821 INFO    MainThread:46340 [wandb_run.py:_on_init():1924] communicating current version
2022-05-03 22:35:20,893 INFO    MainThread:46340 [wandb_run.py:_on_init():1928] got version response 
2022-05-03 22:35:20,893 INFO    MainThread:46340 [wandb_init.py:init():662] starting run threads in backend
2022-05-03 22:35:25,912 INFO    MainThread:46340 [wandb_run.py:_console_start():1898] atexit reg
2022-05-03 22:35:25,913 INFO    MainThread:46340 [wandb_run.py:_redirect():1771] redirect: SettingsConsole.WRAP
2022-05-03 22:35:25,913 INFO    MainThread:46340 [wandb_run.py:_redirect():1808] Wrapping output streams.
2022-05-03 22:35:25,916 INFO    MainThread:46340 [wandb_run.py:_redirect():1832] Redirects installed.
2022-05-03 22:35:25,916 INFO    MainThread:46340 [wandb_init.py:init():688] run started, returning control to user process
2022-05-03 22:35:46,989 INFO    MainThread:46340 [wandb_run.py:_atexit_cleanup():1867] got exitcode: 1
2022-05-03 22:35:46,990 INFO    MainThread:46340 [wandb_run.py:_restore():1839] restore
2022-05-03 22:35:47,568 INFO    MainThread:46340 [wandb_run.py:_on_finish():1996] got exit ret: file_counts {
  wandb_count: 1
}
pusher_stats {
  uploaded_bytes: 781
  total_bytes: 781
}

2022-05-03 22:35:47,698 INFO    MainThread:46340 [wandb_run.py:_on_finish():1996] got exit ret: file_counts {
  wandb_count: 1
}
pusher_stats {
  uploaded_bytes: 781
  total_bytes: 781
}

2022-05-03 22:35:47,889 INFO    MainThread:46340 [wandb_run.py:_on_finish():1996] got exit ret: file_counts {
  wandb_count: 1
}
pusher_stats {
  uploaded_bytes: 781
  total_bytes: 781
}

2022-05-03 22:35:48,119 INFO    MainThread:46340 [wandb_run.py:_on_finish():1996] got exit ret: file_counts {
  wandb_count: 5
}
pusher_stats {
  uploaded_bytes: 781
  total_bytes: 10720
}

2022-05-03 22:35:48,228 INFO    MainThread:46340 [wandb_run.py:_on_finish():1996] got exit ret: file_counts {
  wandb_count: 6
}
pusher_stats {
  uploaded_bytes: 781
  total_bytes: 10747
}

2022-05-03 22:35:48,337 INFO    MainThread:46340 [wandb_run.py:_on_finish():1996] got exit ret: file_counts {
  wandb_count: 6
}
pusher_stats {
  uploaded_bytes: 781
  total_bytes: 10747
}

2022-05-03 22:35:48,444 INFO    MainThread:46340 [wandb_run.py:_on_finish():1996] got exit ret: file_counts {
  wandb_count: 6
}
pusher_stats {
  uploaded_bytes: 6075
  total_bytes: 10747
}

2022-05-03 22:35:48,555 INFO    MainThread:46340 [wandb_run.py:_on_finish():1996] got exit ret: file_counts {
  wandb_count: 6
}
pusher_stats {
  uploaded_bytes: 6075
  total_bytes: 10747
}

2022-05-03 22:35:48,665 INFO    MainThread:46340 [wandb_run.py:_on_finish():1996] got exit ret: file_counts {
  wandb_count: 6
}
pusher_stats {
  uploaded_bytes: 6075
  total_bytes: 10747
}

2022-05-03 22:35:48,774 INFO    MainThread:46340 [wandb_run.py:_on_finish():1996] got exit ret: file_counts {
  wandb_count: 6
}
pusher_stats {
  uploaded_bytes: 10747
  total_bytes: 10747
}

2022-05-03 22:35:48,884 INFO    MainThread:46340 [wandb_run.py:_on_finish():1996] got exit ret: file_counts {
  wandb_count: 6
}
pusher_stats {
  uploaded_bytes: 10747
  total_bytes: 10747
}

2022-05-03 22:35:48,994 INFO    MainThread:46340 [wandb_run.py:_on_finish():1996] got exit ret: file_counts {
  wandb_count: 6
}
pusher_stats {
  uploaded_bytes: 10747
  total_bytes: 10747
}

2022-05-03 22:35:49,104 INFO    MainThread:46340 [wandb_run.py:_on_finish():1996] got exit ret: file_counts {
  wandb_count: 6
}
pusher_stats {
  uploaded_bytes: 10747
  total_bytes: 10747
}

2022-05-03 22:35:49,211 INFO    MainThread:46340 [wandb_run.py:_on_finish():1996] got exit ret: file_counts {
  wandb_count: 6
}
pusher_stats {
  uploaded_bytes: 10747
  total_bytes: 10747
}

2022-05-03 22:35:49,321 INFO    MainThread:46340 [wandb_run.py:_on_finish():1996] got exit ret: file_counts {
  wandb_count: 6
}
pusher_stats {
  uploaded_bytes: 10747
  total_bytes: 10747
}

2022-05-03 22:35:49,431 INFO    MainThread:46340 [wandb_run.py:_on_finish():1996] got exit ret: file_counts {
  wandb_count: 6
}
pusher_stats {
  uploaded_bytes: 10747
  total_bytes: 10747
}

2022-05-03 22:35:49,580 INFO    MainThread:46340 [wandb_run.py:_on_finish():1996] got exit ret: file_counts {
  wandb_count: 6
}
pusher_stats {
  uploaded_bytes: 10747
  total_bytes: 10747
}

2022-05-03 22:35:50,019 INFO    MainThread:46340 [wandb_run.py:_on_finish():1996] got exit ret: done: true
exit_result {
}
file_counts {
  wandb_count: 6
}
pusher_stats {
  uploaded_bytes: 10747
  total_bytes: 10747
}
local_info {
}

2022-05-03 22:35:51,373 INFO    MainThread:46340 [wandb_run.py:_footer_history_summary_info():3104] rendering history
2022-05-03 22:35:51,373 INFO    MainThread:46340 [wandb_run.py:_footer_history_summary_info():3136] rendering summary
2022-05-03 22:35:51,376 INFO    MainThread:46340 [wandb_run.py:_footer_sync_info():3060] logging synced files
