2022-05-03 22:45:29,313 INFO    MainThread:72560 [wandb_setup.py:_flush():76] Loading settings from C:\Users\ganat\.config\wandb\settings
2022-05-03 22:45:29,313 INFO    MainThread:72560 [wandb_setup.py:_flush():76] Loading settings from C:\Research\PINNs_Adaptive_thermal\wandb\settings
2022-05-03 22:45:29,313 INFO    MainThread:72560 [wandb_setup.py:_flush():76] Loading settings from environment variables: {}
2022-05-03 22:45:29,313 INFO    MainThread:72560 [wandb_setup.py:_flush():76] Inferring run settings from compute environment: {'program_relpath': 'main.py', 'program': 'main.py'}
2022-05-03 22:45:29,313 INFO    MainThread:72560 [wandb_init.py:_log_setup():428] Logging user logs to C:\Research\PINNs_Adaptive_thermal\wandb\run-20220503_224529-19wivdxg\logs\debug.log
2022-05-03 22:45:29,314 INFO    MainThread:72560 [wandb_init.py:_log_setup():429] Logging internal logs to C:\Research\PINNs_Adaptive_thermal\wandb\run-20220503_224529-19wivdxg\logs\debug-internal.log
2022-05-03 22:45:29,314 INFO    MainThread:72560 [wandb_init.py:init():462] calling init triggers
2022-05-03 22:45:29,314 INFO    MainThread:72560 [wandb_init.py:init():466] wandb.init called with sweep_config: {}
config: {}
2022-05-03 22:45:29,314 INFO    MainThread:72560 [wandb_init.py:init():515] starting backend
2022-05-03 22:45:29,314 INFO    MainThread:72560 [backend.py:_multiprocessing_setup():99] multiprocessing start_methods=spawn, using: spawn
2022-05-03 22:45:29,320 INFO    MainThread:72560 [backend.py:ensure_launched():217] starting backend process...
2022-05-03 22:45:29,399 INFO    MainThread:72560 [backend.py:ensure_launched():222] started backend process with pid: 26584
2022-05-03 22:45:29,400 INFO    MainThread:72560 [wandb_init.py:init():525] backend started and connected
2022-05-03 22:45:29,401 INFO    MainThread:72560 [wandb_init.py:init():596] updated telemetry
2022-05-03 22:45:29,540 INFO    MainThread:72560 [wandb_init.py:init():628] communicating run to backend with 30 second timeout
2022-05-03 22:45:31,179 INFO    MainThread:72560 [wandb_run.py:_on_init():1924] communicating current version
2022-05-03 22:45:31,254 INFO    MainThread:72560 [wandb_run.py:_on_init():1928] got version response 
2022-05-03 22:45:31,255 INFO    MainThread:72560 [wandb_init.py:init():662] starting run threads in backend
2022-05-03 22:45:36,274 INFO    MainThread:72560 [wandb_run.py:_console_start():1898] atexit reg
2022-05-03 22:45:36,275 INFO    MainThread:72560 [wandb_run.py:_redirect():1771] redirect: SettingsConsole.WRAP
2022-05-03 22:45:36,275 INFO    MainThread:72560 [wandb_run.py:_redirect():1808] Wrapping output streams.
2022-05-03 22:45:36,277 INFO    MainThread:72560 [wandb_run.py:_redirect():1832] Redirects installed.
2022-05-03 22:45:36,278 INFO    MainThread:72560 [wandb_init.py:init():688] run started, returning control to user process
2022-05-03 22:46:11,496 INFO    MainThread:72560 [wandb_run.py:_atexit_cleanup():1867] got exitcode: 255
2022-05-03 22:46:11,497 INFO    MainThread:72560 [wandb_run.py:_restore():1839] restore
2022-05-03 22:46:11,531 INFO    MainThread:72560 [wandb_run.py:_on_finish():1996] got exit ret: file_counts {
  wandb_count: 1
}
pusher_stats {
  uploaded_bytes: 781
  total_bytes: 781
}

2022-05-03 22:46:11,817 INFO    MainThread:72560 [wandb_run.py:_on_finish():1996] got exit ret: file_counts {
  wandb_count: 1
}
pusher_stats {
  uploaded_bytes: 781
  total_bytes: 781
}

2022-05-03 22:46:12,612 INFO    MainThread:72560 [wandb_run.py:_on_finish():1996] got exit ret: file_counts {
  wandb_count: 5
}
pusher_stats {
  uploaded_bytes: 781
  total_bytes: 10791
}

2022-05-03 22:46:12,729 INFO    MainThread:72560 [wandb_run.py:_on_finish():1996] got exit ret: file_counts {
  wandb_count: 6
}
pusher_stats {
  uploaded_bytes: 781
  total_bytes: 10818
}

2022-05-03 22:46:12,840 INFO    MainThread:72560 [wandb_run.py:_on_finish():1996] got exit ret: file_counts {
  wandb_count: 6
}
pusher_stats {
  uploaded_bytes: 781
  total_bytes: 10818
}

2022-05-03 22:46:12,950 INFO    MainThread:72560 [wandb_run.py:_on_finish():1996] got exit ret: file_counts {
  wandb_count: 6
}
pusher_stats {
  uploaded_bytes: 10818
  total_bytes: 10818
}

2022-05-03 22:46:13,060 INFO    MainThread:72560 [wandb_run.py:_on_finish():1996] got exit ret: file_counts {
  wandb_count: 6
}
pusher_stats {
  uploaded_bytes: 10818
  total_bytes: 10818
}

2022-05-03 22:46:13,169 INFO    MainThread:72560 [wandb_run.py:_on_finish():1996] got exit ret: file_counts {
  wandb_count: 6
}
pusher_stats {
  uploaded_bytes: 10818
  total_bytes: 10818
}

2022-05-03 22:46:13,279 INFO    MainThread:72560 [wandb_run.py:_on_finish():1996] got exit ret: file_counts {
  wandb_count: 6
}
pusher_stats {
  uploaded_bytes: 10818
  total_bytes: 10818
}

2022-05-03 22:46:13,387 INFO    MainThread:72560 [wandb_run.py:_on_finish():1996] got exit ret: file_counts {
  wandb_count: 6
}
pusher_stats {
  uploaded_bytes: 10818
  total_bytes: 10818
}

2022-05-03 22:46:13,533 INFO    MainThread:72560 [wandb_run.py:_on_finish():1996] got exit ret: file_counts {
  wandb_count: 6
}
pusher_stats {
  uploaded_bytes: 10818
  total_bytes: 10818
}

2022-05-03 22:46:13,981 INFO    MainThread:72560 [wandb_run.py:_on_finish():1996] got exit ret: done: true
exit_result {
}
file_counts {
  wandb_count: 6
}
pusher_stats {
  uploaded_bytes: 10818
  total_bytes: 10818
}
local_info {
}

2022-05-03 22:46:15,383 INFO    MainThread:72560 [wandb_run.py:_footer_history_summary_info():3104] rendering history
2022-05-03 22:46:15,383 INFO    MainThread:72560 [wandb_run.py:_footer_history_summary_info():3136] rendering summary
2022-05-03 22:46:15,386 INFO    MainThread:72560 [wandb_run.py:_footer_sync_info():3060] logging synced files
