2022-05-03 22:45:30,947 INFO    MainThread:26584 [internal.py:wandb_internal():93] W&B internal server running at pid: 26584, started at: 2022-05-03 22:45:30.946536
2022-05-03 22:45:30,950 INFO    WriterThread:26584 [datastore.py:open_for_write():75] open: C:\Research\PINNs_Adaptive_thermal\wandb\run-20220503_224529-19wivdxg\run-19wivdxg.wandb
2022-05-03 22:45:30,955 DEBUG   SenderThread:26584 [sender.py:send():232] send: header
2022-05-03 22:45:30,955 DEBUG   SenderThread:26584 [sender.py:send():232] send: run
2022-05-03 22:45:31,180 DEBUG   HandlerThread:26584 [handler.py:handle_request():141] handle_request: check_version
2022-05-03 22:45:31,187 INFO    SenderThread:26584 [dir_watcher.py:__init__():197] watching files in: C:\Research\PINNs_Adaptive_thermal\wandb\run-20220503_224529-19wivdxg\files
2022-05-03 22:45:31,187 INFO    SenderThread:26584 [sender.py:_start_run_threads():814] run started: 19wivdxg with start time 1651635929
2022-05-03 22:45:31,187 DEBUG   SenderThread:26584 [sender.py:send():232] send: summary
2022-05-03 22:45:31,188 INFO    SenderThread:26584 [sender.py:_save_file():948] saving file wandb-summary.json with policy end
2022-05-03 22:45:31,188 DEBUG   SenderThread:26584 [sender.py:send_request():246] send_request: check_version
2022-05-03 22:45:31,256 DEBUG   HandlerThread:26584 [handler.py:handle_request():141] handle_request: run_start
2022-05-03 22:45:32,191 INFO    Thread-11 :26584 [dir_watcher.py:_on_file_created():244] file/dir created: C:\Research\PINNs_Adaptive_thermal\wandb\run-20220503_224529-19wivdxg\files\wandb-summary.json
2022-05-03 22:45:33,426 DEBUG   HandlerThread:26584 [meta.py:__init__():35] meta init
2022-05-03 22:45:33,426 DEBUG   HandlerThread:26584 [meta.py:__init__():49] meta init done
2022-05-03 22:45:33,426 DEBUG   HandlerThread:26584 [meta.py:probe():209] probe
2022-05-03 22:45:33,505 DEBUG   HandlerThread:26584 [meta.py:_setup_git():199] setup git
2022-05-03 22:45:33,594 DEBUG   HandlerThread:26584 [meta.py:_setup_git():206] setup git done
2022-05-03 22:45:33,594 DEBUG   HandlerThread:26584 [meta.py:_save_pip():53] save pip
2022-05-03 22:45:33,595 DEBUG   HandlerThread:26584 [meta.py:_save_pip():67] save pip done
2022-05-03 22:45:33,595 DEBUG   HandlerThread:26584 [meta.py:_save_conda():74] save conda
2022-05-03 22:45:34,204 INFO    Thread-11 :26584 [dir_watcher.py:_on_file_created():244] file/dir created: C:\Research\PINNs_Adaptive_thermal\wandb\run-20220503_224529-19wivdxg\files\conda-environment.yaml
2022-05-03 22:45:34,205 INFO    Thread-11 :26584 [dir_watcher.py:_on_file_created():244] file/dir created: C:\Research\PINNs_Adaptive_thermal\wandb\run-20220503_224529-19wivdxg\files\requirements.txt
2022-05-03 22:45:37,081 DEBUG   HandlerThread:26584 [meta.py:_save_conda():84] save conda done
2022-05-03 22:45:37,081 DEBUG   HandlerThread:26584 [meta.py:probe():247] probe done
2022-05-03 22:45:37,088 DEBUG   HandlerThread:26584 [handler.py:handle_request():141] handle_request: stop_status
2022-05-03 22:45:37,089 DEBUG   SenderThread:26584 [sender.py:send_request():246] send_request: stop_status
2022-05-03 22:45:37,238 INFO    Thread-11 :26584 [dir_watcher.py:_on_file_modified():257] file/dir modified: C:\Research\PINNs_Adaptive_thermal\wandb\run-20220503_224529-19wivdxg\files\conda-environment.yaml
2022-05-03 22:45:37,239 INFO    Thread-11 :26584 [dir_watcher.py:_on_file_created():244] file/dir created: C:\Research\PINNs_Adaptive_thermal\wandb\run-20220503_224529-19wivdxg\files\wandb-metadata.json
2022-05-03 22:45:37,239 INFO    Thread-11 :26584 [dir_watcher.py:_on_file_created():244] file/dir created: C:\Research\PINNs_Adaptive_thermal\wandb\run-20220503_224529-19wivdxg\files\output.log
2022-05-03 22:45:37,272 DEBUG   SenderThread:26584 [sender.py:send():232] send: telemetry
2022-05-03 22:45:37,272 DEBUG   SenderThread:26584 [sender.py:send():232] send: files
2022-05-03 22:45:37,272 INFO    SenderThread:26584 [sender.py:_save_file():948] saving file wandb-metadata.json with policy now
2022-05-03 22:45:37,782 INFO    Thread-17 :26584 [upload_job.py:push():132] Uploaded file C:\Users\ganat\AppData\Local\Temp\tmp40nzzrprwandb\8zsthtgx-wandb-metadata.json
2022-05-03 22:45:41,259 INFO    Thread-11 :26584 [dir_watcher.py:_on_file_modified():257] file/dir modified: C:\Research\PINNs_Adaptive_thermal\wandb\run-20220503_224529-19wivdxg\files\output.log
2022-05-03 22:45:45,303 INFO    Thread-11 :26584 [dir_watcher.py:_on_file_modified():257] file/dir modified: C:\Research\PINNs_Adaptive_thermal\wandb\run-20220503_224529-19wivdxg\files\output.log
2022-05-03 22:45:52,274 DEBUG   HandlerThread:26584 [handler.py:handle_request():141] handle_request: stop_status
2022-05-03 22:45:52,274 DEBUG   SenderThread:26584 [sender.py:send_request():246] send_request: stop_status
2022-05-03 22:45:58,426 INFO    Thread-11 :26584 [dir_watcher.py:_on_file_modified():257] file/dir modified: C:\Research\PINNs_Adaptive_thermal\wandb\run-20220503_224529-19wivdxg\files\output.log
2022-05-03 22:46:02,488 INFO    Thread-11 :26584 [dir_watcher.py:_on_file_modified():257] file/dir modified: C:\Research\PINNs_Adaptive_thermal\wandb\run-20220503_224529-19wivdxg\files\config.yaml
2022-05-03 22:46:04,503 INFO    Thread-11 :26584 [dir_watcher.py:_on_file_modified():257] file/dir modified: C:\Research\PINNs_Adaptive_thermal\wandb\run-20220503_224529-19wivdxg\files\output.log
2022-05-03 22:46:05,052 DEBUG   SenderThread:26584 [sender.py:send():232] send: stats
2022-05-03 22:46:06,526 INFO    Thread-11 :26584 [dir_watcher.py:_on_file_modified():257] file/dir modified: C:\Research\PINNs_Adaptive_thermal\wandb\run-20220503_224529-19wivdxg\files\output.log
2022-05-03 22:46:07,439 DEBUG   HandlerThread:26584 [handler.py:handle_request():141] handle_request: stop_status
2022-05-03 22:46:07,439 DEBUG   SenderThread:26584 [sender.py:send_request():246] send_request: stop_status
2022-05-03 22:46:10,563 INFO    Thread-11 :26584 [dir_watcher.py:_on_file_modified():257] file/dir modified: C:\Research\PINNs_Adaptive_thermal\wandb\run-20220503_224529-19wivdxg\files\output.log
2022-05-03 22:46:11,358 WARNING MainThread:26584 [internal.py:wandb_internal():153] Internal process interrupt: 1
2022-05-03 22:46:11,497 DEBUG   SenderThread:26584 [sender.py:send():232] send: telemetry
2022-05-03 22:46:11,529 DEBUG   SenderThread:26584 [sender.py:send():232] send: exit
2022-05-03 22:46:11,529 INFO    SenderThread:26584 [sender.py:send_exit():368] handling exit code: 255
2022-05-03 22:46:11,529 INFO    SenderThread:26584 [sender.py:send_exit():370] handling runtime: 40
2022-05-03 22:46:11,530 DEBUG   HandlerThread:26584 [handler.py:handle_request():141] handle_request: poll_exit
2022-05-03 22:46:11,530 INFO    SenderThread:26584 [sender.py:_save_file():948] saving file wandb-summary.json with policy end
2022-05-03 22:46:11,530 INFO    SenderThread:26584 [sender.py:send_exit():376] send defer
2022-05-03 22:46:11,530 DEBUG   SenderThread:26584 [sender.py:send_request():246] send_request: poll_exit
2022-05-03 22:46:11,531 DEBUG   HandlerThread:26584 [handler.py:handle_request():141] handle_request: defer
2022-05-03 22:46:11,531 INFO    HandlerThread:26584 [handler.py:handle_request_defer():164] handle defer: 0
2022-05-03 22:46:11,531 DEBUG   SenderThread:26584 [sender.py:send_request():246] send_request: defer
2022-05-03 22:46:11,531 INFO    SenderThread:26584 [sender.py:send_request_defer():385] handle sender defer: 0
2022-05-03 22:46:11,531 INFO    SenderThread:26584 [sender.py:transition_state():389] send defer: 1
2022-05-03 22:46:11,531 DEBUG   HandlerThread:26584 [handler.py:handle_request():141] handle_request: defer
2022-05-03 22:46:11,531 INFO    HandlerThread:26584 [handler.py:handle_request_defer():164] handle defer: 1
2022-05-03 22:46:11,577 INFO    Thread-11 :26584 [dir_watcher.py:_on_file_modified():257] file/dir modified: C:\Research\PINNs_Adaptive_thermal\wandb\run-20220503_224529-19wivdxg\files\wandb-summary.json
2022-05-03 22:46:11,577 INFO    Thread-11 :26584 [dir_watcher.py:_on_file_modified():257] file/dir modified: C:\Research\PINNs_Adaptive_thermal\wandb\run-20220503_224529-19wivdxg\files\output.log
2022-05-03 22:46:11,596 DEBUG   SenderThread:26584 [sender.py:send_request():246] send_request: defer
2022-05-03 22:46:11,596 INFO    SenderThread:26584 [sender.py:send_request_defer():385] handle sender defer: 1
2022-05-03 22:46:11,596 INFO    SenderThread:26584 [sender.py:transition_state():389] send defer: 2
2022-05-03 22:46:11,597 DEBUG   HandlerThread:26584 [handler.py:handle_request():141] handle_request: defer
2022-05-03 22:46:11,597 INFO    HandlerThread:26584 [handler.py:handle_request_defer():164] handle defer: 2
2022-05-03 22:46:11,597 DEBUG   SenderThread:26584 [sender.py:send():232] send: stats
2022-05-03 22:46:11,597 DEBUG   SenderThread:26584 [sender.py:send_request():246] send_request: defer
2022-05-03 22:46:11,597 INFO    SenderThread:26584 [sender.py:send_request_defer():385] handle sender defer: 2
2022-05-03 22:46:11,598 INFO    SenderThread:26584 [sender.py:transition_state():389] send defer: 3
2022-05-03 22:46:11,598 DEBUG   HandlerThread:26584 [handler.py:handle_request():141] handle_request: defer
2022-05-03 22:46:11,598 INFO    HandlerThread:26584 [handler.py:handle_request_defer():164] handle defer: 3
2022-05-03 22:46:11,598 DEBUG   SenderThread:26584 [sender.py:send_request():246] send_request: defer
2022-05-03 22:46:11,598 INFO    SenderThread:26584 [sender.py:send_request_defer():385] handle sender defer: 3
2022-05-03 22:46:11,598 INFO    SenderThread:26584 [sender.py:transition_state():389] send defer: 4
2022-05-03 22:46:11,598 DEBUG   HandlerThread:26584 [handler.py:handle_request():141] handle_request: defer
2022-05-03 22:46:11,599 INFO    HandlerThread:26584 [handler.py:handle_request_defer():164] handle defer: 4
2022-05-03 22:46:11,599 DEBUG   SenderThread:26584 [sender.py:send():232] send: summary
2022-05-03 22:46:11,599 INFO    SenderThread:26584 [sender.py:_save_file():948] saving file wandb-summary.json with policy end
2022-05-03 22:46:11,599 DEBUG   SenderThread:26584 [sender.py:send_request():246] send_request: defer
2022-05-03 22:46:11,599 INFO    SenderThread:26584 [sender.py:send_request_defer():385] handle sender defer: 4
2022-05-03 22:46:11,599 INFO    SenderThread:26584 [sender.py:transition_state():389] send defer: 5
2022-05-03 22:46:11,600 DEBUG   HandlerThread:26584 [handler.py:handle_request():141] handle_request: defer
2022-05-03 22:46:11,600 INFO    HandlerThread:26584 [handler.py:handle_request_defer():164] handle defer: 5
2022-05-03 22:46:11,600 DEBUG   SenderThread:26584 [sender.py:send_request():246] send_request: defer
2022-05-03 22:46:11,600 INFO    SenderThread:26584 [sender.py:send_request_defer():385] handle sender defer: 5
2022-05-03 22:46:11,632 DEBUG   HandlerThread:26584 [handler.py:handle_request():141] handle_request: poll_exit
2022-05-03 22:46:11,816 INFO    SenderThread:26584 [sender.py:transition_state():389] send defer: 6
2022-05-03 22:46:11,816 DEBUG   SenderThread:26584 [sender.py:send_request():246] send_request: poll_exit
2022-05-03 22:46:11,816 DEBUG   HandlerThread:26584 [handler.py:handle_request():141] handle_request: defer
2022-05-03 22:46:11,817 INFO    HandlerThread:26584 [handler.py:handle_request_defer():164] handle defer: 6
2022-05-03 22:46:11,817 DEBUG   SenderThread:26584 [sender.py:send_request():246] send_request: defer
2022-05-03 22:46:11,817 INFO    SenderThread:26584 [sender.py:send_request_defer():385] handle sender defer: 6
2022-05-03 22:46:11,817 INFO    SenderThread:26584 [dir_watcher.py:finish():312] shutting down directory watcher
2022-05-03 22:46:11,929 DEBUG   HandlerThread:26584 [handler.py:handle_request():141] handle_request: poll_exit
2022-05-03 22:46:12,589 INFO    SenderThread:26584 [dir_watcher.py:_on_file_modified():257] file/dir modified: C:\Research\PINNs_Adaptive_thermal\wandb\run-20220503_224529-19wivdxg\files\wandb-summary.json
2022-05-03 22:46:12,590 INFO    SenderThread:26584 [dir_watcher.py:_on_file_modified():257] file/dir modified: C:\Research\PINNs_Adaptive_thermal\wandb\run-20220503_224529-19wivdxg\files\config.yaml
2022-05-03 22:46:12,590 INFO    SenderThread:26584 [dir_watcher.py:finish():342] scan: C:\Research\PINNs_Adaptive_thermal\wandb\run-20220503_224529-19wivdxg\files
2022-05-03 22:46:12,590 INFO    SenderThread:26584 [dir_watcher.py:finish():356] scan save: C:\Research\PINNs_Adaptive_thermal\wandb\run-20220503_224529-19wivdxg\files\conda-environment.yaml conda-environment.yaml
2022-05-03 22:46:12,591 INFO    SenderThread:26584 [dir_watcher.py:finish():356] scan save: C:\Research\PINNs_Adaptive_thermal\wandb\run-20220503_224529-19wivdxg\files\config.yaml config.yaml
2022-05-03 22:46:12,591 INFO    SenderThread:26584 [dir_watcher.py:finish():356] scan save: C:\Research\PINNs_Adaptive_thermal\wandb\run-20220503_224529-19wivdxg\files\output.log output.log
2022-05-03 22:46:12,595 INFO    SenderThread:26584 [dir_watcher.py:finish():356] scan save: C:\Research\PINNs_Adaptive_thermal\wandb\run-20220503_224529-19wivdxg\files\requirements.txt requirements.txt
2022-05-03 22:46:12,602 INFO    SenderThread:26584 [dir_watcher.py:finish():356] scan save: C:\Research\PINNs_Adaptive_thermal\wandb\run-20220503_224529-19wivdxg\files\wandb-metadata.json wandb-metadata.json
2022-05-03 22:46:12,602 INFO    SenderThread:26584 [dir_watcher.py:finish():356] scan save: C:\Research\PINNs_Adaptive_thermal\wandb\run-20220503_224529-19wivdxg\files\wandb-summary.json wandb-summary.json
2022-05-03 22:46:12,611 INFO    SenderThread:26584 [sender.py:transition_state():389] send defer: 7
2022-05-03 22:46:12,612 DEBUG   SenderThread:26584 [sender.py:send_request():246] send_request: poll_exit
2022-05-03 22:46:12,614 DEBUG   HandlerThread:26584 [handler.py:handle_request():141] handle_request: defer
2022-05-03 22:46:12,614 INFO    HandlerThread:26584 [handler.py:handle_request_defer():164] handle defer: 7
2022-05-03 22:46:12,617 DEBUG   SenderThread:26584 [sender.py:send_request():246] send_request: defer
2022-05-03 22:46:12,617 INFO    SenderThread:26584 [sender.py:send_request_defer():385] handle sender defer: 7
2022-05-03 22:46:12,618 INFO    SenderThread:26584 [file_pusher.py:finish():145] shutting down file pusher
2022-05-03 22:46:12,728 DEBUG   HandlerThread:26584 [handler.py:handle_request():141] handle_request: poll_exit
2022-05-03 22:46:12,728 DEBUG   SenderThread:26584 [sender.py:send_request():246] send_request: poll_exit
2022-05-03 22:46:12,839 DEBUG   HandlerThread:26584 [handler.py:handle_request():141] handle_request: poll_exit
2022-05-03 22:46:12,839 DEBUG   SenderThread:26584 [sender.py:send_request():246] send_request: poll_exit
2022-05-03 22:46:12,949 DEBUG   HandlerThread:26584 [handler.py:handle_request():141] handle_request: poll_exit
2022-05-03 22:46:12,949 DEBUG   SenderThread:26584 [sender.py:send_request():246] send_request: poll_exit
2022-05-03 22:46:13,059 DEBUG   HandlerThread:26584 [handler.py:handle_request():141] handle_request: poll_exit
2022-05-03 22:46:13,059 DEBUG   SenderThread:26584 [sender.py:send_request():246] send_request: poll_exit
2022-05-03 22:46:13,105 INFO    Thread-18 :26584 [upload_job.py:push():132] Uploaded file C:\Research\PINNs_Adaptive_thermal\wandb\run-20220503_224529-19wivdxg\files\conda-environment.yaml
2022-05-03 22:46:13,119 INFO    Thread-19 :26584 [upload_job.py:push():132] Uploaded file C:\Research\PINNs_Adaptive_thermal\wandb\run-20220503_224529-19wivdxg\files\config.yaml
2022-05-03 22:46:13,143 INFO    Thread-22 :26584 [upload_job.py:push():132] Uploaded file C:\Research\PINNs_Adaptive_thermal\wandb\run-20220503_224529-19wivdxg\files\wandb-summary.json
2022-05-03 22:46:13,169 DEBUG   HandlerThread:26584 [handler.py:handle_request():141] handle_request: poll_exit
2022-05-03 22:46:13,169 DEBUG   SenderThread:26584 [sender.py:send_request():246] send_request: poll_exit
2022-05-03 22:46:13,228 INFO    Thread-20 :26584 [upload_job.py:push():132] Uploaded file C:\Research\PINNs_Adaptive_thermal\wandb\run-20220503_224529-19wivdxg\files\output.log
2022-05-03 22:46:13,230 INFO    Thread-21 :26584 [upload_job.py:push():132] Uploaded file C:\Research\PINNs_Adaptive_thermal\wandb\run-20220503_224529-19wivdxg\files\requirements.txt
2022-05-03 22:46:13,278 DEBUG   HandlerThread:26584 [handler.py:handle_request():141] handle_request: poll_exit
2022-05-03 22:46:13,278 DEBUG   SenderThread:26584 [sender.py:send_request():246] send_request: poll_exit
2022-05-03 22:46:13,386 DEBUG   HandlerThread:26584 [handler.py:handle_request():141] handle_request: poll_exit
2022-05-03 22:46:13,386 DEBUG   SenderThread:26584 [sender.py:send_request():246] send_request: poll_exit
2022-05-03 22:46:13,433 INFO    Thread-10 :26584 [sender.py:transition_state():389] send defer: 8
2022-05-03 22:46:13,434 DEBUG   HandlerThread:26584 [handler.py:handle_request():141] handle_request: defer
2022-05-03 22:46:13,434 INFO    HandlerThread:26584 [handler.py:handle_request_defer():164] handle defer: 8
2022-05-03 22:46:13,434 DEBUG   SenderThread:26584 [sender.py:send_request():246] send_request: defer
2022-05-03 22:46:13,434 INFO    SenderThread:26584 [sender.py:send_request_defer():385] handle sender defer: 8
2022-05-03 22:46:13,495 DEBUG   HandlerThread:26584 [handler.py:handle_request():141] handle_request: poll_exit
2022-05-03 22:46:13,532 INFO    SenderThread:26584 [sender.py:transition_state():389] send defer: 9
2022-05-03 22:46:13,532 DEBUG   SenderThread:26584 [sender.py:send_request():246] send_request: poll_exit
2022-05-03 22:46:13,533 DEBUG   HandlerThread:26584 [handler.py:handle_request():141] handle_request: defer
2022-05-03 22:46:13,533 INFO    HandlerThread:26584 [handler.py:handle_request_defer():164] handle defer: 9
2022-05-03 22:46:13,533 DEBUG   SenderThread:26584 [sender.py:send_request():246] send_request: defer
2022-05-03 22:46:13,533 INFO    SenderThread:26584 [sender.py:send_request_defer():385] handle sender defer: 9
2022-05-03 22:46:13,534 INFO    SenderThread:26584 [sender.py:transition_state():389] send defer: 10
2022-05-03 22:46:13,534 DEBUG   HandlerThread:26584 [handler.py:handle_request():141] handle_request: defer
2022-05-03 22:46:13,534 DEBUG   SenderThread:26584 [sender.py:send():232] send: final
2022-05-03 22:46:13,534 INFO    HandlerThread:26584 [handler.py:handle_request_defer():164] handle defer: 10
2022-05-03 22:46:13,534 DEBUG   SenderThread:26584 [sender.py:send():232] send: footer
2022-05-03 22:46:13,535 DEBUG   SenderThread:26584 [sender.py:send_request():246] send_request: defer
2022-05-03 22:46:13,535 INFO    SenderThread:26584 [sender.py:send_request_defer():385] handle sender defer: 10
2022-05-03 22:46:13,637 DEBUG   HandlerThread:26584 [handler.py:handle_request():141] handle_request: poll_exit
2022-05-03 22:46:13,637 DEBUG   SenderThread:26584 [sender.py:send_request():246] send_request: poll_exit
2022-05-03 22:46:13,638 INFO    SenderThread:26584 [file_pusher.py:join():150] waiting for file pusher
2022-05-03 22:46:14,093 DEBUG   HandlerThread:26584 [handler.py:handle_request():141] handle_request: sampled_history
2022-05-03 22:46:14,094 DEBUG   HandlerThread:26584 [handler.py:handle_request():141] handle_request: get_summary
2022-05-03 22:46:14,095 DEBUG   HandlerThread:26584 [handler.py:handle_request():141] handle_request: shutdown
2022-05-03 22:46:14,095 INFO    HandlerThread:26584 [handler.py:finish():806] shutting down handler
2022-05-03 22:46:14,549 INFO    WriterThread:26584 [datastore.py:close():279] close: C:\Research\PINNs_Adaptive_thermal\wandb\run-20220503_224529-19wivdxg\run-19wivdxg.wandb
2022-05-03 22:46:14,989 INFO    SenderThread:26584 [sender.py:finish():1110] shutting down sender
2022-05-03 22:46:14,989 INFO    SenderThread:26584 [file_pusher.py:finish():145] shutting down file pusher
2022-05-03 22:46:14,989 INFO    SenderThread:26584 [file_pusher.py:join():150] waiting for file pusher
2022-05-03 22:46:14,992 INFO    MainThread:26584 [internal.py:handle_exit():80] Internal process exited
