2022-05-03 22:47:50,932 INFO    MainThread:73024 [wandb_setup.py:_flush():76] Loading settings from C:\Users\ganat\.config\wandb\settings
2022-05-03 22:47:50,932 INFO    MainThread:73024 [wandb_setup.py:_flush():76] Loading settings from C:\Research\PINNs_Adaptive_thermal\wandb\settings
2022-05-03 22:47:50,932 INFO    MainThread:73024 [wandb_setup.py:_flush():76] Loading settings from environment variables: {}
2022-05-03 22:47:50,932 INFO    MainThread:73024 [wandb_setup.py:_flush():76] Inferring run settings from compute environment: {'program_relpath': 'main.py', 'program': 'main.py'}
2022-05-03 22:47:50,933 INFO    MainThread:73024 [wandb_init.py:_log_setup():428] Logging user logs to C:\Research\PINNs_Adaptive_thermal\wandb\run-20220503_224750-1kn049ss\logs\debug.log
2022-05-03 22:47:50,933 INFO    MainThread:73024 [wandb_init.py:_log_setup():429] Logging internal logs to C:\Research\PINNs_Adaptive_thermal\wandb\run-20220503_224750-1kn049ss\logs\debug-internal.log
2022-05-03 22:47:50,933 INFO    MainThread:73024 [wandb_init.py:init():462] calling init triggers
2022-05-03 22:47:50,934 INFO    MainThread:73024 [wandb_init.py:init():466] wandb.init called with sweep_config: {}
config: {}
2022-05-03 22:47:50,934 INFO    MainThread:73024 [wandb_init.py:init():515] starting backend
2022-05-03 22:47:50,934 INFO    MainThread:73024 [backend.py:_multiprocessing_setup():99] multiprocessing start_methods=spawn, using: spawn
2022-05-03 22:47:50,943 INFO    MainThread:73024 [backend.py:ensure_launched():217] starting backend process...
2022-05-03 22:47:51,039 INFO    MainThread:73024 [backend.py:ensure_launched():222] started backend process with pid: 22444
2022-05-03 22:47:51,040 INFO    MainThread:73024 [wandb_init.py:init():525] backend started and connected
2022-05-03 22:47:51,040 INFO    MainThread:73024 [wandb_init.py:init():596] updated telemetry
2022-05-03 22:47:51,236 INFO    MainThread:73024 [wandb_init.py:init():628] communicating run to backend with 30 second timeout
2022-05-03 22:47:53,120 INFO    MainThread:73024 [wandb_run.py:_on_init():1924] communicating current version
2022-05-03 22:47:53,205 INFO    MainThread:73024 [wandb_run.py:_on_init():1928] got version response 
2022-05-03 22:47:53,205 INFO    MainThread:73024 [wandb_init.py:init():662] starting run threads in backend
2022-05-03 22:47:58,228 INFO    MainThread:73024 [wandb_run.py:_console_start():1898] atexit reg
2022-05-03 22:47:58,229 INFO    MainThread:73024 [wandb_run.py:_redirect():1771] redirect: SettingsConsole.WRAP
2022-05-03 22:47:58,230 INFO    MainThread:73024 [wandb_run.py:_redirect():1808] Wrapping output streams.
2022-05-03 22:47:58,233 INFO    MainThread:73024 [wandb_run.py:_redirect():1832] Redirects installed.
2022-05-03 22:47:58,233 INFO    MainThread:73024 [wandb_init.py:init():688] run started, returning control to user process
2022-05-04 21:54:15,827 INFO    MainThread:73024 [wandb_run.py:_atexit_cleanup():1867] got exitcode: 255
2022-05-04 21:54:16,026 INFO    MainThread:73024 [wandb_run.py:_restore():1839] restore
2022-05-04 21:54:16,683 INFO    MainThread:73024 [wandb_run.py:_on_finish():1996] got exit ret: file_counts {
  wandb_count: 1
  media_count: 157
}
pusher_stats {
  uploaded_bytes: 6929594
  total_bytes: 6929594
}

2022-05-04 21:54:16,826 INFO    MainThread:73024 [wandb_run.py:_on_finish():1996] got exit ret: file_counts {
  wandb_count: 1
  media_count: 157
}
pusher_stats {
  uploaded_bytes: 6929594
  total_bytes: 6929594
}

2022-05-04 21:54:17,225 INFO    MainThread:73024 [wandb_run.py:_on_finish():1996] got exit ret: file_counts {
  wandb_count: 1
  media_count: 157
}
pusher_stats {
  uploaded_bytes: 6929594
  total_bytes: 6929594
}

2022-05-04 21:54:17,832 INFO    MainThread:73024 [wandb_run.py:_on_finish():1996] got exit ret: file_counts {
  wandb_count: 6
  media_count: 157
}
pusher_stats {
  uploaded_bytes: 6929594
  total_bytes: 9034779
}

2022-05-04 21:54:17,949 INFO    MainThread:73024 [wandb_run.py:_on_finish():1996] got exit ret: file_counts {
  wandb_count: 6
  media_count: 157
}
pusher_stats {
  uploaded_bytes: 6929594
  total_bytes: 9034779
}

2022-05-04 21:54:18,053 INFO    MainThread:73024 [wandb_run.py:_on_finish():1996] got exit ret: file_counts {
  wandb_count: 6
  media_count: 157
}
pusher_stats {
  uploaded_bytes: 6929594
  total_bytes: 9034779
}

2022-05-04 21:54:18,158 INFO    MainThread:73024 [wandb_run.py:_on_finish():1996] got exit ret: file_counts {
  wandb_count: 6
  media_count: 157
}
pusher_stats {
  uploaded_bytes: 7110372
  total_bytes: 9034779
}

2022-05-04 21:54:18,262 INFO    MainThread:73024 [wandb_run.py:_on_finish():1996] got exit ret: file_counts {
  wandb_count: 6
  media_count: 157
}
pusher_stats {
  uploaded_bytes: 7888971
  total_bytes: 9034779
}

2022-05-04 21:54:18,367 INFO    MainThread:73024 [wandb_run.py:_on_finish():1996] got exit ret: file_counts {
  wandb_count: 6
  media_count: 157
}
pusher_stats {
  uploaded_bytes: 9034779
  total_bytes: 9034779
}

2022-05-04 21:54:18,473 INFO    MainThread:73024 [wandb_run.py:_on_finish():1996] got exit ret: file_counts {
  wandb_count: 6
  media_count: 157
}
pusher_stats {
  uploaded_bytes: 9034779
  total_bytes: 9034779
}

2022-05-04 21:54:18,578 INFO    MainThread:73024 [wandb_run.py:_on_finish():1996] got exit ret: file_counts {
  wandb_count: 6
  media_count: 157
}
pusher_stats {
  uploaded_bytes: 9034779
  total_bytes: 9034779
}

2022-05-04 21:54:18,682 INFO    MainThread:73024 [wandb_run.py:_on_finish():1996] got exit ret: file_counts {
  wandb_count: 6
  media_count: 157
}
pusher_stats {
  uploaded_bytes: 9034779
  total_bytes: 9034779
}

2022-05-04 21:54:18,787 INFO    MainThread:73024 [wandb_run.py:_on_finish():1996] got exit ret: file_counts {
  wandb_count: 6
  media_count: 157
}
pusher_stats {
  uploaded_bytes: 9034779
  total_bytes: 9034779
}

2022-05-04 21:54:19,196 INFO    MainThread:73024 [wandb_run.py:_on_finish():1996] got exit ret: file_counts {
  wandb_count: 6
  media_count: 157
}
pusher_stats {
  uploaded_bytes: 9034779
  total_bytes: 9034779
}

2022-05-04 21:54:19,995 INFO    MainThread:73024 [wandb_run.py:_on_finish():1996] got exit ret: done: true
exit_result {
}
file_counts {
  wandb_count: 6
  media_count: 157
}
pusher_stats {
  uploaded_bytes: 9034779
  total_bytes: 9034779
}
local_info {
}

2022-05-04 21:54:22,266 INFO    MainThread:73024 [wandb_run.py:_footer_history_summary_info():3104] rendering history
2022-05-04 21:54:22,271 INFO    MainThread:73024 [wandb_run.py:_footer_history_summary_info():3136] rendering summary
2022-05-04 21:54:22,313 INFO    MainThread:73024 [wandb_run.py:_footer_sync_info():3060] logging synced files
