2022-05-03 22:42:59,231 INFO    MainThread:88108 [wandb_setup.py:_flush():76] Loading settings from C:\Users\ganat\.config\wandb\settings
2022-05-03 22:42:59,231 INFO    MainThread:88108 [wandb_setup.py:_flush():76] Loading settings from C:\Research\PINNs_Adaptive_thermal\wandb\settings
2022-05-03 22:42:59,231 INFO    MainThread:88108 [wandb_setup.py:_flush():76] Loading settings from environment variables: {}
2022-05-03 22:42:59,231 INFO    MainThread:88108 [wandb_setup.py:_flush():76] Inferring run settings from compute environment: {'program_relpath': 'main.py', 'program': 'main.py'}
2022-05-03 22:42:59,231 INFO    MainThread:88108 [wandb_init.py:_log_setup():428] Logging user logs to C:\Research\PINNs_Adaptive_thermal\wandb\run-20220503_224259-1alpacgl\logs\debug.log
2022-05-03 22:42:59,231 INFO    MainThread:88108 [wandb_init.py:_log_setup():429] Logging internal logs to C:\Research\PINNs_Adaptive_thermal\wandb\run-20220503_224259-1alpacgl\logs\debug-internal.log
2022-05-03 22:42:59,231 INFO    MainThread:88108 [wandb_init.py:init():462] calling init triggers
2022-05-03 22:42:59,231 INFO    MainThread:88108 [wandb_init.py:init():466] wandb.init called with sweep_config: {}
config: {}
2022-05-03 22:42:59,231 INFO    MainThread:88108 [wandb_init.py:init():515] starting backend
2022-05-03 22:42:59,232 INFO    MainThread:88108 [backend.py:_multiprocessing_setup():99] multiprocessing start_methods=spawn, using: spawn
2022-05-03 22:42:59,237 INFO    MainThread:88108 [backend.py:ensure_launched():217] starting backend process...
2022-05-03 22:42:59,324 INFO    MainThread:88108 [backend.py:ensure_launched():222] started backend process with pid: 62920
2022-05-03 22:42:59,325 INFO    MainThread:88108 [wandb_init.py:init():525] backend started and connected
2022-05-03 22:42:59,326 INFO    MainThread:88108 [wandb_init.py:init():596] updated telemetry
2022-05-03 22:42:59,364 INFO    MainThread:88108 [wandb_init.py:init():628] communicating run to backend with 30 second timeout
2022-05-03 22:43:01,726 INFO    MainThread:88108 [wandb_run.py:_on_init():1924] communicating current version
2022-05-03 22:43:01,787 INFO    MainThread:88108 [wandb_run.py:_on_init():1928] got version response 
2022-05-03 22:43:01,787 INFO    MainThread:88108 [wandb_init.py:init():662] starting run threads in backend
2022-05-03 22:43:06,807 INFO    MainThread:88108 [wandb_run.py:_console_start():1898] atexit reg
2022-05-03 22:43:06,807 INFO    MainThread:88108 [wandb_run.py:_redirect():1771] redirect: SettingsConsole.WRAP
2022-05-03 22:43:06,808 INFO    MainThread:88108 [wandb_run.py:_redirect():1808] Wrapping output streams.
2022-05-03 22:43:06,812 INFO    MainThread:88108 [wandb_run.py:_redirect():1832] Redirects installed.
2022-05-03 22:43:06,812 INFO    MainThread:88108 [wandb_init.py:init():688] run started, returning control to user process
2022-05-03 22:43:29,545 INFO    MainThread:88108 [wandb_run.py:_atexit_cleanup():1867] got exitcode: 1
2022-05-03 22:43:29,546 INFO    MainThread:88108 [wandb_run.py:_restore():1839] restore
2022-05-03 22:43:30,457 INFO    MainThread:88108 [wandb_run.py:_on_finish():1996] got exit ret: file_counts {
  wandb_count: 1
}
pusher_stats {
  uploaded_bytes: 781
  total_bytes: 781
}

2022-05-03 22:43:30,744 INFO    MainThread:88108 [wandb_run.py:_on_finish():1996] got exit ret: file_counts {
  wandb_count: 1
}
pusher_stats {
  uploaded_bytes: 781
  total_bytes: 781
}

2022-05-03 22:43:31,032 INFO    MainThread:88108 [wandb_run.py:_on_finish():1996] got exit ret: file_counts {
  wandb_count: 5
}
pusher_stats {
  uploaded_bytes: 781
  total_bytes: 10845
}

2022-05-03 22:43:31,143 INFO    MainThread:88108 [wandb_run.py:_on_finish():1996] got exit ret: file_counts {
  wandb_count: 6
}
pusher_stats {
  uploaded_bytes: 781
  total_bytes: 10872
}

2022-05-03 22:43:31,251 INFO    MainThread:88108 [wandb_run.py:_on_finish():1996] got exit ret: file_counts {
  wandb_count: 6
}
pusher_stats {
  uploaded_bytes: 781
  total_bytes: 10872
}

2022-05-03 22:43:31,361 INFO    MainThread:88108 [wandb_run.py:_on_finish():1996] got exit ret: file_counts {
  wandb_count: 6
}
pusher_stats {
  uploaded_bytes: 10872
  total_bytes: 10872
}

2022-05-03 22:43:31,470 INFO    MainThread:88108 [wandb_run.py:_on_finish():1996] got exit ret: file_counts {
  wandb_count: 6
}
pusher_stats {
  uploaded_bytes: 10872
  total_bytes: 10872
}

2022-05-03 22:43:31,580 INFO    MainThread:88108 [wandb_run.py:_on_finish():1996] got exit ret: file_counts {
  wandb_count: 6
}
pusher_stats {
  uploaded_bytes: 10872
  total_bytes: 10872
}

2022-05-03 22:43:31,688 INFO    MainThread:88108 [wandb_run.py:_on_finish():1996] got exit ret: file_counts {
  wandb_count: 6
}
pusher_stats {
  uploaded_bytes: 10872
  total_bytes: 10872
}

2022-05-03 22:43:31,798 INFO    MainThread:88108 [wandb_run.py:_on_finish():1996] got exit ret: file_counts {
  wandb_count: 6
}
pusher_stats {
  uploaded_bytes: 10872
  total_bytes: 10872
}

2022-05-03 22:43:32,203 INFO    MainThread:88108 [wandb_run.py:_on_finish():1996] got exit ret: file_counts {
  wandb_count: 6
}
pusher_stats {
  uploaded_bytes: 10872
  total_bytes: 10872
}

2022-05-03 22:43:32,617 INFO    MainThread:88108 [wandb_run.py:_on_finish():1996] got exit ret: done: true
exit_result {
}
file_counts {
  wandb_count: 6
}
pusher_stats {
  uploaded_bytes: 10872
  total_bytes: 10872
}
local_info {
}

2022-05-03 22:43:33,990 INFO    MainThread:88108 [wandb_run.py:_footer_history_summary_info():3104] rendering history
2022-05-03 22:43:33,991 INFO    MainThread:88108 [wandb_run.py:_footer_history_summary_info():3136] rendering summary
2022-05-03 22:43:33,994 INFO    MainThread:88108 [wandb_run.py:_footer_sync_info():3060] logging synced files
