2022-05-03 22:43:01,498 INFO    MainThread:62920 [internal.py:wandb_internal():93] W&B internal server running at pid: 62920, started at: 2022-05-03 22:43:01.497175
2022-05-03 22:43:01,505 INFO    WriterThread:62920 [datastore.py:open_for_write():75] open: C:\Research\PINNs_Adaptive_thermal\wandb\run-20220503_224259-1alpacgl\run-1alpacgl.wandb
2022-05-03 22:43:01,510 DEBUG   SenderThread:62920 [sender.py:send():232] send: header
2022-05-03 22:43:01,510 DEBUG   SenderThread:62920 [sender.py:send():232] send: run
2022-05-03 22:43:01,727 DEBUG   HandlerThread:62920 [handler.py:handle_request():141] handle_request: check_version
2022-05-03 22:43:01,735 INFO    SenderThread:62920 [dir_watcher.py:__init__():197] watching files in: C:\Research\PINNs_Adaptive_thermal\wandb\run-20220503_224259-1alpacgl\files
2022-05-03 22:43:01,735 INFO    SenderThread:62920 [sender.py:_start_run_threads():814] run started: 1alpacgl with start time 1651635779
2022-05-03 22:43:01,735 DEBUG   SenderThread:62920 [sender.py:send():232] send: summary
2022-05-03 22:43:01,736 INFO    SenderThread:62920 [sender.py:_save_file():948] saving file wandb-summary.json with policy end
2022-05-03 22:43:01,736 DEBUG   SenderThread:62920 [sender.py:send_request():246] send_request: check_version
2022-05-03 22:43:01,788 DEBUG   HandlerThread:62920 [handler.py:handle_request():141] handle_request: run_start
2022-05-03 22:43:02,749 INFO    Thread-11 :62920 [dir_watcher.py:_on_file_created():244] file/dir created: C:\Research\PINNs_Adaptive_thermal\wandb\run-20220503_224259-1alpacgl\files\wandb-summary.json
2022-05-03 22:43:04,042 DEBUG   HandlerThread:62920 [meta.py:__init__():35] meta init
2022-05-03 22:43:04,042 DEBUG   HandlerThread:62920 [meta.py:__init__():49] meta init done
2022-05-03 22:43:04,042 DEBUG   HandlerThread:62920 [meta.py:probe():209] probe
2022-05-03 22:43:04,127 DEBUG   HandlerThread:62920 [meta.py:_setup_git():199] setup git
2022-05-03 22:43:04,221 DEBUG   HandlerThread:62920 [meta.py:_setup_git():206] setup git done
2022-05-03 22:43:04,221 DEBUG   HandlerThread:62920 [meta.py:_save_pip():53] save pip
2022-05-03 22:43:04,222 DEBUG   HandlerThread:62920 [meta.py:_save_pip():67] save pip done
2022-05-03 22:43:04,222 DEBUG   HandlerThread:62920 [meta.py:_save_conda():74] save conda
2022-05-03 22:43:04,775 INFO    Thread-11 :62920 [dir_watcher.py:_on_file_created():244] file/dir created: C:\Research\PINNs_Adaptive_thermal\wandb\run-20220503_224259-1alpacgl\files\conda-environment.yaml
2022-05-03 22:43:04,776 INFO    Thread-11 :62920 [dir_watcher.py:_on_file_created():244] file/dir created: C:\Research\PINNs_Adaptive_thermal\wandb\run-20220503_224259-1alpacgl\files\requirements.txt
2022-05-03 22:43:07,800 INFO    Thread-11 :62920 [dir_watcher.py:_on_file_created():244] file/dir created: C:\Research\PINNs_Adaptive_thermal\wandb\run-20220503_224259-1alpacgl\files\output.log
2022-05-03 22:43:08,758 DEBUG   HandlerThread:62920 [meta.py:_save_conda():84] save conda done
2022-05-03 22:43:08,758 DEBUG   HandlerThread:62920 [meta.py:probe():247] probe done
2022-05-03 22:43:08,767 DEBUG   HandlerThread:62920 [handler.py:handle_request():141] handle_request: stop_status
2022-05-03 22:43:08,767 DEBUG   SenderThread:62920 [sender.py:send_request():246] send_request: stop_status
2022-05-03 22:43:08,804 INFO    Thread-11 :62920 [dir_watcher.py:_on_file_modified():257] file/dir modified: C:\Research\PINNs_Adaptive_thermal\wandb\run-20220503_224259-1alpacgl\files\conda-environment.yaml
2022-05-03 22:43:08,804 INFO    Thread-11 :62920 [dir_watcher.py:_on_file_created():244] file/dir created: C:\Research\PINNs_Adaptive_thermal\wandb\run-20220503_224259-1alpacgl\files\wandb-metadata.json
2022-05-03 22:43:08,934 DEBUG   SenderThread:62920 [sender.py:send():232] send: telemetry
2022-05-03 22:43:08,934 DEBUG   SenderThread:62920 [sender.py:send():232] send: files
2022-05-03 22:43:08,935 INFO    SenderThread:62920 [sender.py:_save_file():948] saving file wandb-metadata.json with policy now
2022-05-03 22:43:09,486 INFO    Thread-17 :62920 [upload_job.py:push():132] Uploaded file C:\Users\ganat\AppData\Local\Temp\tmpozghyptswandb\3t4hm0gr-wandb-metadata.json
2022-05-03 22:43:11,842 INFO    Thread-11 :62920 [dir_watcher.py:_on_file_modified():257] file/dir modified: C:\Research\PINNs_Adaptive_thermal\wandb\run-20220503_224259-1alpacgl\files\output.log
2022-05-03 22:43:15,897 INFO    Thread-11 :62920 [dir_watcher.py:_on_file_modified():257] file/dir modified: C:\Research\PINNs_Adaptive_thermal\wandb\run-20220503_224259-1alpacgl\files\output.log
2022-05-03 22:43:23,944 DEBUG   HandlerThread:62920 [handler.py:handle_request():141] handle_request: stop_status
2022-05-03 22:43:23,944 DEBUG   SenderThread:62920 [sender.py:send_request():246] send_request: stop_status
2022-05-03 22:43:29,547 DEBUG   SenderThread:62920 [sender.py:send():232] send: telemetry
2022-05-03 22:43:30,006 INFO    Thread-11 :62920 [dir_watcher.py:_on_file_modified():257] file/dir modified: C:\Research\PINNs_Adaptive_thermal\wandb\run-20220503_224259-1alpacgl\files\output.log
2022-05-03 22:43:30,455 DEBUG   SenderThread:62920 [sender.py:send():232] send: exit
2022-05-03 22:43:30,455 INFO    SenderThread:62920 [sender.py:send_exit():368] handling exit code: 1
2022-05-03 22:43:30,455 INFO    SenderThread:62920 [sender.py:send_exit():370] handling runtime: 28
2022-05-03 22:43:30,455 INFO    SenderThread:62920 [sender.py:_save_file():948] saving file wandb-summary.json with policy end
2022-05-03 22:43:30,456 INFO    SenderThread:62920 [sender.py:send_exit():376] send defer
2022-05-03 22:43:30,456 DEBUG   HandlerThread:62920 [handler.py:handle_request():141] handle_request: defer
2022-05-03 22:43:30,456 INFO    HandlerThread:62920 [handler.py:handle_request_defer():164] handle defer: 0
2022-05-03 22:43:30,456 DEBUG   SenderThread:62920 [sender.py:send_request():246] send_request: defer
2022-05-03 22:43:30,456 INFO    SenderThread:62920 [sender.py:send_request_defer():385] handle sender defer: 0
2022-05-03 22:43:30,456 INFO    SenderThread:62920 [sender.py:transition_state():389] send defer: 1
2022-05-03 22:43:30,457 DEBUG   HandlerThread:62920 [handler.py:handle_request():141] handle_request: poll_exit
2022-05-03 22:43:30,457 DEBUG   SenderThread:62920 [sender.py:send_request():246] send_request: poll_exit
2022-05-03 22:43:30,457 DEBUG   HandlerThread:62920 [handler.py:handle_request():141] handle_request: defer
2022-05-03 22:43:30,457 INFO    HandlerThread:62920 [handler.py:handle_request_defer():164] handle defer: 1
2022-05-03 22:43:30,544 DEBUG   SenderThread:62920 [sender.py:send_request():246] send_request: defer
2022-05-03 22:43:30,544 INFO    SenderThread:62920 [sender.py:send_request_defer():385] handle sender defer: 1
2022-05-03 22:43:30,545 INFO    SenderThread:62920 [sender.py:transition_state():389] send defer: 2
2022-05-03 22:43:30,545 DEBUG   SenderThread:62920 [sender.py:send():232] send: stats
2022-05-03 22:43:30,545 DEBUG   HandlerThread:62920 [handler.py:handle_request():141] handle_request: defer
2022-05-03 22:43:30,546 INFO    HandlerThread:62920 [handler.py:handle_request_defer():164] handle defer: 2
2022-05-03 22:43:30,546 DEBUG   SenderThread:62920 [sender.py:send_request():246] send_request: defer
2022-05-03 22:43:30,546 INFO    SenderThread:62920 [sender.py:send_request_defer():385] handle sender defer: 2
2022-05-03 22:43:30,546 INFO    SenderThread:62920 [sender.py:transition_state():389] send defer: 3
2022-05-03 22:43:30,546 DEBUG   HandlerThread:62920 [handler.py:handle_request():141] handle_request: defer
2022-05-03 22:43:30,546 INFO    HandlerThread:62920 [handler.py:handle_request_defer():164] handle defer: 3
2022-05-03 22:43:30,546 DEBUG   SenderThread:62920 [sender.py:send_request():246] send_request: defer
2022-05-03 22:43:30,547 INFO    SenderThread:62920 [sender.py:send_request_defer():385] handle sender defer: 3
2022-05-03 22:43:30,547 INFO    SenderThread:62920 [sender.py:transition_state():389] send defer: 4
2022-05-03 22:43:30,547 DEBUG   HandlerThread:62920 [handler.py:handle_request():141] handle_request: defer
2022-05-03 22:43:30,547 INFO    HandlerThread:62920 [handler.py:handle_request_defer():164] handle defer: 4
2022-05-03 22:43:30,547 DEBUG   SenderThread:62920 [sender.py:send():232] send: summary
2022-05-03 22:43:30,548 INFO    SenderThread:62920 [sender.py:_save_file():948] saving file wandb-summary.json with policy end
2022-05-03 22:43:30,548 DEBUG   SenderThread:62920 [sender.py:send_request():246] send_request: defer
2022-05-03 22:43:30,548 INFO    SenderThread:62920 [sender.py:send_request_defer():385] handle sender defer: 4
2022-05-03 22:43:30,548 INFO    SenderThread:62920 [sender.py:transition_state():389] send defer: 5
2022-05-03 22:43:30,549 DEBUG   HandlerThread:62920 [handler.py:handle_request():141] handle_request: defer
2022-05-03 22:43:30,549 INFO    HandlerThread:62920 [handler.py:handle_request_defer():164] handle defer: 5
2022-05-03 22:43:30,549 DEBUG   SenderThread:62920 [sender.py:send_request():246] send_request: defer
2022-05-03 22:43:30,549 INFO    SenderThread:62920 [sender.py:send_request_defer():385] handle sender defer: 5
2022-05-03 22:43:30,568 DEBUG   HandlerThread:62920 [handler.py:handle_request():141] handle_request: poll_exit
2022-05-03 22:43:30,743 INFO    SenderThread:62920 [sender.py:transition_state():389] send defer: 6
2022-05-03 22:43:30,744 DEBUG   SenderThread:62920 [sender.py:send_request():246] send_request: poll_exit
2022-05-03 22:43:30,744 DEBUG   HandlerThread:62920 [handler.py:handle_request():141] handle_request: defer
2022-05-03 22:43:30,744 INFO    HandlerThread:62920 [handler.py:handle_request_defer():164] handle defer: 6
2022-05-03 22:43:30,745 DEBUG   SenderThread:62920 [sender.py:send_request():246] send_request: defer
2022-05-03 22:43:30,745 INFO    SenderThread:62920 [sender.py:send_request_defer():385] handle sender defer: 6
2022-05-03 22:43:30,745 INFO    SenderThread:62920 [dir_watcher.py:finish():312] shutting down directory watcher
2022-05-03 22:43:30,845 DEBUG   HandlerThread:62920 [handler.py:handle_request():141] handle_request: poll_exit
2022-05-03 22:43:31,017 INFO    SenderThread:62920 [dir_watcher.py:_on_file_modified():257] file/dir modified: C:\Research\PINNs_Adaptive_thermal\wandb\run-20220503_224259-1alpacgl\files\wandb-summary.json
2022-05-03 22:43:31,017 INFO    SenderThread:62920 [dir_watcher.py:_on_file_modified():257] file/dir modified: C:\Research\PINNs_Adaptive_thermal\wandb\run-20220503_224259-1alpacgl\files\output.log
2022-05-03 22:43:31,017 INFO    SenderThread:62920 [dir_watcher.py:_on_file_modified():257] file/dir modified: C:\Research\PINNs_Adaptive_thermal\wandb\run-20220503_224259-1alpacgl\files\config.yaml
2022-05-03 22:43:31,018 INFO    SenderThread:62920 [dir_watcher.py:finish():342] scan: C:\Research\PINNs_Adaptive_thermal\wandb\run-20220503_224259-1alpacgl\files
2022-05-03 22:43:31,018 INFO    SenderThread:62920 [dir_watcher.py:finish():356] scan save: C:\Research\PINNs_Adaptive_thermal\wandb\run-20220503_224259-1alpacgl\files\conda-environment.yaml conda-environment.yaml
2022-05-03 22:43:31,018 INFO    SenderThread:62920 [dir_watcher.py:finish():356] scan save: C:\Research\PINNs_Adaptive_thermal\wandb\run-20220503_224259-1alpacgl\files\config.yaml config.yaml
2022-05-03 22:43:31,019 INFO    SenderThread:62920 [dir_watcher.py:finish():356] scan save: C:\Research\PINNs_Adaptive_thermal\wandb\run-20220503_224259-1alpacgl\files\output.log output.log
2022-05-03 22:43:31,022 INFO    SenderThread:62920 [dir_watcher.py:finish():356] scan save: C:\Research\PINNs_Adaptive_thermal\wandb\run-20220503_224259-1alpacgl\files\requirements.txt requirements.txt
2022-05-03 22:43:31,026 INFO    SenderThread:62920 [dir_watcher.py:finish():356] scan save: C:\Research\PINNs_Adaptive_thermal\wandb\run-20220503_224259-1alpacgl\files\wandb-metadata.json wandb-metadata.json
2022-05-03 22:43:31,026 INFO    SenderThread:62920 [dir_watcher.py:finish():356] scan save: C:\Research\PINNs_Adaptive_thermal\wandb\run-20220503_224259-1alpacgl\files\wandb-summary.json wandb-summary.json
2022-05-03 22:43:31,031 INFO    SenderThread:62920 [sender.py:transition_state():389] send defer: 7
2022-05-03 22:43:31,031 DEBUG   SenderThread:62920 [sender.py:send_request():246] send_request: poll_exit
2022-05-03 22:43:31,032 DEBUG   HandlerThread:62920 [handler.py:handle_request():141] handle_request: defer
2022-05-03 22:43:31,037 INFO    HandlerThread:62920 [handler.py:handle_request_defer():164] handle defer: 7
2022-05-03 22:43:31,037 DEBUG   SenderThread:62920 [sender.py:send_request():246] send_request: defer
2022-05-03 22:43:31,037 INFO    SenderThread:62920 [sender.py:send_request_defer():385] handle sender defer: 7
2022-05-03 22:43:31,038 INFO    SenderThread:62920 [file_pusher.py:finish():145] shutting down file pusher
2022-05-03 22:43:31,142 DEBUG   HandlerThread:62920 [handler.py:handle_request():141] handle_request: poll_exit
2022-05-03 22:43:31,142 DEBUG   SenderThread:62920 [sender.py:send_request():246] send_request: poll_exit
2022-05-03 22:43:31,250 DEBUG   HandlerThread:62920 [handler.py:handle_request():141] handle_request: poll_exit
2022-05-03 22:43:31,250 DEBUG   SenderThread:62920 [sender.py:send_request():246] send_request: poll_exit
2022-05-03 22:43:31,360 DEBUG   HandlerThread:62920 [handler.py:handle_request():141] handle_request: poll_exit
2022-05-03 22:43:31,360 DEBUG   SenderThread:62920 [sender.py:send_request():246] send_request: poll_exit
2022-05-03 22:43:31,469 DEBUG   HandlerThread:62920 [handler.py:handle_request():141] handle_request: poll_exit
2022-05-03 22:43:31,469 DEBUG   SenderThread:62920 [sender.py:send_request():246] send_request: poll_exit
2022-05-03 22:43:31,503 INFO    Thread-18 :62920 [upload_job.py:push():132] Uploaded file C:\Research\PINNs_Adaptive_thermal\wandb\run-20220503_224259-1alpacgl\files\conda-environment.yaml
2022-05-03 22:43:31,522 INFO    Thread-19 :62920 [upload_job.py:push():132] Uploaded file C:\Research\PINNs_Adaptive_thermal\wandb\run-20220503_224259-1alpacgl\files\config.yaml
2022-05-03 22:43:31,526 INFO    Thread-20 :62920 [upload_job.py:push():132] Uploaded file C:\Research\PINNs_Adaptive_thermal\wandb\run-20220503_224259-1alpacgl\files\output.log
2022-05-03 22:43:31,544 INFO    Thread-21 :62920 [upload_job.py:push():132] Uploaded file C:\Research\PINNs_Adaptive_thermal\wandb\run-20220503_224259-1alpacgl\files\requirements.txt
2022-05-03 22:43:31,578 INFO    Thread-22 :62920 [upload_job.py:push():132] Uploaded file C:\Research\PINNs_Adaptive_thermal\wandb\run-20220503_224259-1alpacgl\files\wandb-summary.json
2022-05-03 22:43:31,579 DEBUG   HandlerThread:62920 [handler.py:handle_request():141] handle_request: poll_exit
2022-05-03 22:43:31,579 DEBUG   SenderThread:62920 [sender.py:send_request():246] send_request: poll_exit
2022-05-03 22:43:31,687 DEBUG   HandlerThread:62920 [handler.py:handle_request():141] handle_request: poll_exit
2022-05-03 22:43:31,687 DEBUG   SenderThread:62920 [sender.py:send_request():246] send_request: poll_exit
2022-05-03 22:43:31,797 INFO    Thread-10 :62920 [sender.py:transition_state():389] send defer: 8
2022-05-03 22:43:31,797 DEBUG   HandlerThread:62920 [handler.py:handle_request():141] handle_request: poll_exit
2022-05-03 22:43:31,798 DEBUG   SenderThread:62920 [sender.py:send_request():246] send_request: poll_exit
2022-05-03 22:43:31,798 DEBUG   HandlerThread:62920 [handler.py:handle_request():141] handle_request: defer
2022-05-03 22:43:31,798 INFO    HandlerThread:62920 [handler.py:handle_request_defer():164] handle defer: 8
2022-05-03 22:43:31,798 DEBUG   SenderThread:62920 [sender.py:send_request():246] send_request: defer
2022-05-03 22:43:31,798 INFO    SenderThread:62920 [sender.py:send_request_defer():385] handle sender defer: 8
2022-05-03 22:43:31,906 DEBUG   HandlerThread:62920 [handler.py:handle_request():141] handle_request: poll_exit
2022-05-03 22:43:32,203 INFO    SenderThread:62920 [sender.py:transition_state():389] send defer: 9
2022-05-03 22:43:32,203 DEBUG   SenderThread:62920 [sender.py:send_request():246] send_request: poll_exit
2022-05-03 22:43:32,203 DEBUG   HandlerThread:62920 [handler.py:handle_request():141] handle_request: defer
2022-05-03 22:43:32,204 INFO    HandlerThread:62920 [handler.py:handle_request_defer():164] handle defer: 9
2022-05-03 22:43:32,204 DEBUG   SenderThread:62920 [sender.py:send_request():246] send_request: defer
2022-05-03 22:43:32,204 INFO    SenderThread:62920 [sender.py:send_request_defer():385] handle sender defer: 9
2022-05-03 22:43:32,204 INFO    SenderThread:62920 [sender.py:transition_state():389] send defer: 10
2022-05-03 22:43:32,204 DEBUG   SenderThread:62920 [sender.py:send():232] send: final
2022-05-03 22:43:32,204 DEBUG   SenderThread:62920 [sender.py:send():232] send: footer
2022-05-03 22:43:32,205 DEBUG   HandlerThread:62920 [handler.py:handle_request():141] handle_request: defer
2022-05-03 22:43:32,205 INFO    HandlerThread:62920 [handler.py:handle_request_defer():164] handle defer: 10
2022-05-03 22:43:32,205 DEBUG   SenderThread:62920 [sender.py:send_request():246] send_request: defer
2022-05-03 22:43:32,205 INFO    SenderThread:62920 [sender.py:send_request_defer():385] handle sender defer: 10
2022-05-03 22:43:32,308 DEBUG   HandlerThread:62920 [handler.py:handle_request():141] handle_request: poll_exit
2022-05-03 22:43:32,308 DEBUG   SenderThread:62920 [sender.py:send_request():246] send_request: poll_exit
2022-05-03 22:43:32,308 INFO    SenderThread:62920 [file_pusher.py:join():150] waiting for file pusher
2022-05-03 22:43:32,726 DEBUG   HandlerThread:62920 [handler.py:handle_request():141] handle_request: sampled_history
2022-05-03 22:43:32,727 DEBUG   HandlerThread:62920 [handler.py:handle_request():141] handle_request: get_summary
2022-05-03 22:43:32,728 DEBUG   HandlerThread:62920 [handler.py:handle_request():141] handle_request: shutdown
2022-05-03 22:43:32,728 INFO    HandlerThread:62920 [handler.py:finish():806] shutting down handler
2022-05-03 22:43:33,213 INFO    WriterThread:62920 [datastore.py:close():279] close: C:\Research\PINNs_Adaptive_thermal\wandb\run-20220503_224259-1alpacgl\run-1alpacgl.wandb
2022-05-03 22:43:33,631 INFO    SenderThread:62920 [sender.py:finish():1110] shutting down sender
2022-05-03 22:43:33,631 INFO    SenderThread:62920 [file_pusher.py:finish():145] shutting down file pusher
2022-05-03 22:43:33,631 INFO    SenderThread:62920 [file_pusher.py:join():150] waiting for file pusher
2022-05-03 22:43:33,634 INFO    MainThread:62920 [internal.py:handle_exit():80] Internal process exited
