2022-05-03 22:37:39,153 INFO    MainThread:86560 [internal.py:wandb_internal():93] W&B internal server running at pid: 86560, started at: 2022-05-03 22:37:39.152720
2022-05-03 22:37:39,155 INFO    WriterThread:86560 [datastore.py:open_for_write():75] open: C:\Research\PINNs_Adaptive_thermal\wandb\run-20220503_223736-7oq9glan\run-7oq9glan.wandb
2022-05-03 22:37:39,157 DEBUG   SenderThread:86560 [sender.py:send():232] send: header
2022-05-03 22:37:39,157 DEBUG   SenderThread:86560 [sender.py:send():232] send: run
2022-05-03 22:37:39,362 DEBUG   HandlerThread:86560 [handler.py:handle_request():141] handle_request: check_version
2022-05-03 22:37:39,371 INFO    SenderThread:86560 [dir_watcher.py:__init__():197] watching files in: C:\Research\PINNs_Adaptive_thermal\wandb\run-20220503_223736-7oq9glan\files
2022-05-03 22:37:39,371 INFO    SenderThread:86560 [sender.py:_start_run_threads():814] run started: 7oq9glan with start time 1651635457
2022-05-03 22:37:39,372 DEBUG   SenderThread:86560 [sender.py:send():232] send: summary
2022-05-03 22:37:39,372 INFO    SenderThread:86560 [sender.py:_save_file():948] saving file wandb-summary.json with policy end
2022-05-03 22:37:39,373 DEBUG   SenderThread:86560 [sender.py:send_request():246] send_request: check_version
2022-05-03 22:37:39,432 DEBUG   HandlerThread:86560 [handler.py:handle_request():141] handle_request: run_start
2022-05-03 22:37:40,378 INFO    Thread-11 :86560 [dir_watcher.py:_on_file_created():244] file/dir created: C:\Research\PINNs_Adaptive_thermal\wandb\run-20220503_223736-7oq9glan\files\wandb-summary.json
2022-05-03 22:37:41,597 DEBUG   HandlerThread:86560 [meta.py:__init__():35] meta init
2022-05-03 22:37:41,597 DEBUG   HandlerThread:86560 [meta.py:__init__():49] meta init done
2022-05-03 22:37:41,597 DEBUG   HandlerThread:86560 [meta.py:probe():209] probe
2022-05-03 22:37:41,680 DEBUG   HandlerThread:86560 [meta.py:_setup_git():199] setup git
2022-05-03 22:37:41,763 DEBUG   HandlerThread:86560 [meta.py:_setup_git():206] setup git done
2022-05-03 22:37:41,763 DEBUG   HandlerThread:86560 [meta.py:_save_pip():53] save pip
2022-05-03 22:37:41,764 DEBUG   HandlerThread:86560 [meta.py:_save_pip():67] save pip done
2022-05-03 22:37:41,764 DEBUG   HandlerThread:86560 [meta.py:_save_conda():74] save conda
2022-05-03 22:37:42,405 INFO    Thread-11 :86560 [dir_watcher.py:_on_file_created():244] file/dir created: C:\Research\PINNs_Adaptive_thermal\wandb\run-20220503_223736-7oq9glan\files\requirements.txt
2022-05-03 22:37:42,406 INFO    Thread-11 :86560 [dir_watcher.py:_on_file_created():244] file/dir created: C:\Research\PINNs_Adaptive_thermal\wandb\run-20220503_223736-7oq9glan\files\conda-environment.yaml
2022-05-03 22:37:45,384 DEBUG   HandlerThread:86560 [meta.py:_save_conda():84] save conda done
2022-05-03 22:37:45,385 DEBUG   HandlerThread:86560 [meta.py:probe():247] probe done
2022-05-03 22:37:45,392 DEBUG   HandlerThread:86560 [handler.py:handle_request():141] handle_request: stop_status
2022-05-03 22:37:45,393 DEBUG   SenderThread:86560 [sender.py:send_request():246] send_request: stop_status
2022-05-03 22:37:45,430 INFO    Thread-11 :86560 [dir_watcher.py:_on_file_modified():257] file/dir modified: C:\Research\PINNs_Adaptive_thermal\wandb\run-20220503_223736-7oq9glan\files\conda-environment.yaml
2022-05-03 22:37:45,430 INFO    Thread-11 :86560 [dir_watcher.py:_on_file_created():244] file/dir created: C:\Research\PINNs_Adaptive_thermal\wandb\run-20220503_223736-7oq9glan\files\wandb-metadata.json
2022-05-03 22:37:45,431 INFO    Thread-11 :86560 [dir_watcher.py:_on_file_created():244] file/dir created: C:\Research\PINNs_Adaptive_thermal\wandb\run-20220503_223736-7oq9glan\files\output.log
2022-05-03 22:37:45,556 DEBUG   SenderThread:86560 [sender.py:send():232] send: telemetry
2022-05-03 22:37:45,556 DEBUG   SenderThread:86560 [sender.py:send():232] send: files
2022-05-03 22:37:45,557 INFO    SenderThread:86560 [sender.py:_save_file():948] saving file wandb-metadata.json with policy now
2022-05-03 22:37:46,192 INFO    Thread-17 :86560 [upload_job.py:push():132] Uploaded file C:\Users\ganat\AppData\Local\Temp\tmp32bovijrwandb\25u8nd0k-wandb-metadata.json
2022-05-03 22:37:49,455 INFO    Thread-11 :86560 [dir_watcher.py:_on_file_modified():257] file/dir modified: C:\Research\PINNs_Adaptive_thermal\wandb\run-20220503_223736-7oq9glan\files\output.log
2022-05-03 22:37:53,484 INFO    Thread-11 :86560 [dir_watcher.py:_on_file_modified():257] file/dir modified: C:\Research\PINNs_Adaptive_thermal\wandb\run-20220503_223736-7oq9glan\files\output.log
2022-05-03 22:38:00,558 DEBUG   HandlerThread:86560 [handler.py:handle_request():141] handle_request: stop_status
2022-05-03 22:38:00,558 DEBUG   SenderThread:86560 [sender.py:send_request():246] send_request: stop_status
2022-05-03 22:38:05,471 DEBUG   SenderThread:86560 [sender.py:send():232] send: telemetry
2022-05-03 22:38:05,594 INFO    Thread-11 :86560 [dir_watcher.py:_on_file_modified():257] file/dir modified: C:\Research\PINNs_Adaptive_thermal\wandb\run-20220503_223736-7oq9glan\files\output.log
2022-05-03 22:38:05,651 DEBUG   SenderThread:86560 [sender.py:send():232] send: exit
2022-05-03 22:38:05,652 INFO    SenderThread:86560 [sender.py:send_exit():368] handling exit code: 1
2022-05-03 22:38:05,652 INFO    SenderThread:86560 [sender.py:send_exit():370] handling runtime: 26
2022-05-03 22:38:05,652 INFO    SenderThread:86560 [sender.py:_save_file():948] saving file wandb-summary.json with policy end
2022-05-03 22:38:05,653 INFO    SenderThread:86560 [sender.py:send_exit():376] send defer
2022-05-03 22:38:05,653 DEBUG   HandlerThread:86560 [handler.py:handle_request():141] handle_request: poll_exit
2022-05-03 22:38:05,653 DEBUG   SenderThread:86560 [sender.py:send_request():246] send_request: poll_exit
2022-05-03 22:38:05,654 DEBUG   HandlerThread:86560 [handler.py:handle_request():141] handle_request: defer
2022-05-03 22:38:05,654 INFO    HandlerThread:86560 [handler.py:handle_request_defer():164] handle defer: 0
2022-05-03 22:38:05,654 DEBUG   SenderThread:86560 [sender.py:send_request():246] send_request: defer
2022-05-03 22:38:05,654 INFO    SenderThread:86560 [sender.py:send_request_defer():385] handle sender defer: 0
2022-05-03 22:38:05,654 INFO    SenderThread:86560 [sender.py:transition_state():389] send defer: 1
2022-05-03 22:38:05,655 DEBUG   HandlerThread:86560 [handler.py:handle_request():141] handle_request: defer
2022-05-03 22:38:05,655 INFO    HandlerThread:86560 [handler.py:handle_request_defer():164] handle defer: 1
2022-05-03 22:38:05,734 DEBUG   SenderThread:86560 [sender.py:send_request():246] send_request: defer
2022-05-03 22:38:05,734 INFO    SenderThread:86560 [sender.py:send_request_defer():385] handle sender defer: 1
2022-05-03 22:38:05,735 INFO    SenderThread:86560 [sender.py:transition_state():389] send defer: 2
2022-05-03 22:38:05,735 DEBUG   HandlerThread:86560 [handler.py:handle_request():141] handle_request: defer
2022-05-03 22:38:05,735 INFO    HandlerThread:86560 [handler.py:handle_request_defer():164] handle defer: 2
2022-05-03 22:38:05,735 DEBUG   SenderThread:86560 [sender.py:send():232] send: stats
2022-05-03 22:38:05,735 DEBUG   SenderThread:86560 [sender.py:send_request():246] send_request: defer
2022-05-03 22:38:05,736 INFO    SenderThread:86560 [sender.py:send_request_defer():385] handle sender defer: 2
2022-05-03 22:38:05,736 INFO    SenderThread:86560 [sender.py:transition_state():389] send defer: 3
2022-05-03 22:38:05,736 DEBUG   HandlerThread:86560 [handler.py:handle_request():141] handle_request: defer
2022-05-03 22:38:05,736 INFO    HandlerThread:86560 [handler.py:handle_request_defer():164] handle defer: 3
2022-05-03 22:38:05,736 DEBUG   SenderThread:86560 [sender.py:send_request():246] send_request: defer
2022-05-03 22:38:05,736 INFO    SenderThread:86560 [sender.py:send_request_defer():385] handle sender defer: 3
2022-05-03 22:38:05,736 INFO    SenderThread:86560 [sender.py:transition_state():389] send defer: 4
2022-05-03 22:38:05,737 DEBUG   HandlerThread:86560 [handler.py:handle_request():141] handle_request: defer
2022-05-03 22:38:05,737 INFO    HandlerThread:86560 [handler.py:handle_request_defer():164] handle defer: 4
2022-05-03 22:38:05,737 DEBUG   SenderThread:86560 [sender.py:send():232] send: summary
2022-05-03 22:38:05,737 INFO    SenderThread:86560 [sender.py:_save_file():948] saving file wandb-summary.json with policy end
2022-05-03 22:38:05,738 DEBUG   SenderThread:86560 [sender.py:send_request():246] send_request: defer
2022-05-03 22:38:05,738 INFO    SenderThread:86560 [sender.py:send_request_defer():385] handle sender defer: 4
2022-05-03 22:38:05,738 INFO    SenderThread:86560 [sender.py:transition_state():389] send defer: 5
2022-05-03 22:38:05,738 DEBUG   HandlerThread:86560 [handler.py:handle_request():141] handle_request: defer
2022-05-03 22:38:05,738 INFO    HandlerThread:86560 [handler.py:handle_request_defer():164] handle defer: 5
2022-05-03 22:38:05,738 DEBUG   SenderThread:86560 [sender.py:send_request():246] send_request: defer
2022-05-03 22:38:05,738 INFO    SenderThread:86560 [sender.py:send_request_defer():385] handle sender defer: 5
2022-05-03 22:38:05,768 DEBUG   HandlerThread:86560 [handler.py:handle_request():141] handle_request: poll_exit
2022-05-03 22:38:05,938 INFO    SenderThread:86560 [sender.py:transition_state():389] send defer: 6
2022-05-03 22:38:05,938 DEBUG   SenderThread:86560 [sender.py:send_request():246] send_request: poll_exit
2022-05-03 22:38:05,939 DEBUG   HandlerThread:86560 [handler.py:handle_request():141] handle_request: defer
2022-05-03 22:38:05,939 INFO    HandlerThread:86560 [handler.py:handle_request_defer():164] handle defer: 6
2022-05-03 22:38:05,939 DEBUG   SenderThread:86560 [sender.py:send_request():246] send_request: defer
2022-05-03 22:38:05,939 INFO    SenderThread:86560 [sender.py:send_request_defer():385] handle sender defer: 6
2022-05-03 22:38:05,939 INFO    SenderThread:86560 [dir_watcher.py:finish():312] shutting down directory watcher
2022-05-03 22:38:06,053 DEBUG   HandlerThread:86560 [handler.py:handle_request():141] handle_request: poll_exit
2022-05-03 22:38:06,597 INFO    SenderThread:86560 [dir_watcher.py:_on_file_modified():257] file/dir modified: C:\Research\PINNs_Adaptive_thermal\wandb\run-20220503_223736-7oq9glan\files\output.log
2022-05-03 22:38:06,597 INFO    SenderThread:86560 [dir_watcher.py:_on_file_modified():257] file/dir modified: C:\Research\PINNs_Adaptive_thermal\wandb\run-20220503_223736-7oq9glan\files\wandb-summary.json
2022-05-03 22:38:06,597 INFO    SenderThread:86560 [dir_watcher.py:_on_file_modified():257] file/dir modified: C:\Research\PINNs_Adaptive_thermal\wandb\run-20220503_223736-7oq9glan\files\config.yaml
2022-05-03 22:38:06,598 INFO    SenderThread:86560 [dir_watcher.py:finish():342] scan: C:\Research\PINNs_Adaptive_thermal\wandb\run-20220503_223736-7oq9glan\files
2022-05-03 22:38:06,598 INFO    SenderThread:86560 [dir_watcher.py:finish():356] scan save: C:\Research\PINNs_Adaptive_thermal\wandb\run-20220503_223736-7oq9glan\files\conda-environment.yaml conda-environment.yaml
2022-05-03 22:38:06,598 INFO    SenderThread:86560 [dir_watcher.py:finish():356] scan save: C:\Research\PINNs_Adaptive_thermal\wandb\run-20220503_223736-7oq9glan\files\config.yaml config.yaml
2022-05-03 22:38:06,598 INFO    SenderThread:86560 [dir_watcher.py:finish():356] scan save: C:\Research\PINNs_Adaptive_thermal\wandb\run-20220503_223736-7oq9glan\files\output.log output.log
2022-05-03 22:38:06,599 INFO    SenderThread:86560 [dir_watcher.py:finish():356] scan save: C:\Research\PINNs_Adaptive_thermal\wandb\run-20220503_223736-7oq9glan\files\requirements.txt requirements.txt
2022-05-03 22:38:06,602 INFO    SenderThread:86560 [dir_watcher.py:finish():356] scan save: C:\Research\PINNs_Adaptive_thermal\wandb\run-20220503_223736-7oq9glan\files\wandb-metadata.json wandb-metadata.json
2022-05-03 22:38:06,602 INFO    SenderThread:86560 [dir_watcher.py:finish():356] scan save: C:\Research\PINNs_Adaptive_thermal\wandb\run-20220503_223736-7oq9glan\files\wandb-summary.json wandb-summary.json
2022-05-03 22:38:06,603 INFO    SenderThread:86560 [sender.py:transition_state():389] send defer: 7
2022-05-03 22:38:06,603 DEBUG   SenderThread:86560 [sender.py:send_request():246] send_request: poll_exit
2022-05-03 22:38:06,607 DEBUG   HandlerThread:86560 [handler.py:handle_request():141] handle_request: defer
2022-05-03 22:38:06,608 INFO    HandlerThread:86560 [handler.py:handle_request_defer():164] handle defer: 7
2022-05-03 22:38:06,611 DEBUG   SenderThread:86560 [sender.py:send_request():246] send_request: defer
2022-05-03 22:38:06,611 INFO    SenderThread:86560 [sender.py:send_request_defer():385] handle sender defer: 7
2022-05-03 22:38:06,611 INFO    SenderThread:86560 [file_pusher.py:finish():145] shutting down file pusher
2022-05-03 22:38:06,708 DEBUG   HandlerThread:86560 [handler.py:handle_request():141] handle_request: poll_exit
2022-05-03 22:38:06,708 DEBUG   SenderThread:86560 [sender.py:send_request():246] send_request: poll_exit
2022-05-03 22:38:06,819 DEBUG   HandlerThread:86560 [handler.py:handle_request():141] handle_request: poll_exit
2022-05-03 22:38:06,819 DEBUG   SenderThread:86560 [sender.py:send_request():246] send_request: poll_exit
2022-05-03 22:38:06,926 DEBUG   HandlerThread:86560 [handler.py:handle_request():141] handle_request: poll_exit
2022-05-03 22:38:06,926 DEBUG   SenderThread:86560 [sender.py:send_request():246] send_request: poll_exit
2022-05-03 22:38:07,038 DEBUG   HandlerThread:86560 [handler.py:handle_request():141] handle_request: poll_exit
2022-05-03 22:38:07,038 DEBUG   SenderThread:86560 [sender.py:send_request():246] send_request: poll_exit
2022-05-03 22:38:07,081 INFO    Thread-18 :86560 [upload_job.py:push():132] Uploaded file C:\Research\PINNs_Adaptive_thermal\wandb\run-20220503_223736-7oq9glan\files\conda-environment.yaml
2022-05-03 22:38:07,123 INFO    Thread-21 :86560 [upload_job.py:push():132] Uploaded file C:\Research\PINNs_Adaptive_thermal\wandb\run-20220503_223736-7oq9glan\files\requirements.txt
2022-05-03 22:38:07,125 INFO    Thread-19 :86560 [upload_job.py:push():132] Uploaded file C:\Research\PINNs_Adaptive_thermal\wandb\run-20220503_223736-7oq9glan\files\config.yaml
2022-05-03 22:38:07,146 DEBUG   HandlerThread:86560 [handler.py:handle_request():141] handle_request: poll_exit
2022-05-03 22:38:07,146 DEBUG   SenderThread:86560 [sender.py:send_request():246] send_request: poll_exit
2022-05-03 22:38:07,161 INFO    Thread-20 :86560 [upload_job.py:push():132] Uploaded file C:\Research\PINNs_Adaptive_thermal\wandb\run-20220503_223736-7oq9glan\files\output.log
2022-05-03 22:38:07,254 DEBUG   HandlerThread:86560 [handler.py:handle_request():141] handle_request: poll_exit
2022-05-03 22:38:07,254 DEBUG   SenderThread:86560 [sender.py:send_request():246] send_request: poll_exit
2022-05-03 22:38:07,258 INFO    Thread-22 :86560 [upload_job.py:push():132] Uploaded file C:\Research\PINNs_Adaptive_thermal\wandb\run-20220503_223736-7oq9glan\files\wandb-summary.json
2022-05-03 22:38:07,364 DEBUG   HandlerThread:86560 [handler.py:handle_request():141] handle_request: poll_exit
2022-05-03 22:38:07,365 DEBUG   SenderThread:86560 [sender.py:send_request():246] send_request: poll_exit
2022-05-03 22:38:07,473 INFO    Thread-10 :86560 [sender.py:transition_state():389] send defer: 8
2022-05-03 22:38:07,473 DEBUG   HandlerThread:86560 [handler.py:handle_request():141] handle_request: poll_exit
2022-05-03 22:38:07,473 DEBUG   SenderThread:86560 [sender.py:send_request():246] send_request: poll_exit
2022-05-03 22:38:07,474 DEBUG   HandlerThread:86560 [handler.py:handle_request():141] handle_request: defer
2022-05-03 22:38:07,474 INFO    HandlerThread:86560 [handler.py:handle_request_defer():164] handle defer: 8
2022-05-03 22:38:07,474 DEBUG   SenderThread:86560 [sender.py:send_request():246] send_request: defer
2022-05-03 22:38:07,474 INFO    SenderThread:86560 [sender.py:send_request_defer():385] handle sender defer: 8
2022-05-03 22:38:07,581 DEBUG   HandlerThread:86560 [handler.py:handle_request():141] handle_request: poll_exit
2022-05-03 22:38:07,767 INFO    SenderThread:86560 [sender.py:transition_state():389] send defer: 9
2022-05-03 22:38:07,767 DEBUG   SenderThread:86560 [sender.py:send_request():246] send_request: poll_exit
2022-05-03 22:38:07,768 DEBUG   HandlerThread:86560 [handler.py:handle_request():141] handle_request: defer
2022-05-03 22:38:07,768 INFO    HandlerThread:86560 [handler.py:handle_request_defer():164] handle defer: 9
2022-05-03 22:38:07,769 DEBUG   SenderThread:86560 [sender.py:send_request():246] send_request: defer
2022-05-03 22:38:07,769 INFO    SenderThread:86560 [sender.py:send_request_defer():385] handle sender defer: 9
2022-05-03 22:38:07,769 INFO    SenderThread:86560 [sender.py:transition_state():389] send defer: 10
2022-05-03 22:38:07,769 DEBUG   HandlerThread:86560 [handler.py:handle_request():141] handle_request: defer
2022-05-03 22:38:07,770 INFO    HandlerThread:86560 [handler.py:handle_request_defer():164] handle defer: 10
2022-05-03 22:38:07,770 DEBUG   SenderThread:86560 [sender.py:send():232] send: final
2022-05-03 22:38:07,770 DEBUG   SenderThread:86560 [sender.py:send():232] send: footer
2022-05-03 22:38:07,770 DEBUG   SenderThread:86560 [sender.py:send_request():246] send_request: defer
2022-05-03 22:38:07,770 INFO    SenderThread:86560 [sender.py:send_request_defer():385] handle sender defer: 10
2022-05-03 22:38:07,879 DEBUG   HandlerThread:86560 [handler.py:handle_request():141] handle_request: poll_exit
2022-05-03 22:38:07,879 DEBUG   SenderThread:86560 [sender.py:send_request():246] send_request: poll_exit
2022-05-03 22:38:07,879 INFO    SenderThread:86560 [file_pusher.py:join():150] waiting for file pusher
2022-05-03 22:38:08,332 DEBUG   HandlerThread:86560 [handler.py:handle_request():141] handle_request: sampled_history
2022-05-03 22:38:08,333 DEBUG   HandlerThread:86560 [handler.py:handle_request():141] handle_request: get_summary
2022-05-03 22:38:08,333 DEBUG   HandlerThread:86560 [handler.py:handle_request():141] handle_request: shutdown
2022-05-03 22:38:08,333 INFO    HandlerThread:86560 [handler.py:finish():806] shutting down handler
2022-05-03 22:38:08,774 INFO    WriterThread:86560 [datastore.py:close():279] close: C:\Research\PINNs_Adaptive_thermal\wandb\run-20220503_223736-7oq9glan\run-7oq9glan.wandb
2022-05-03 22:38:09,232 INFO    SenderThread:86560 [sender.py:finish():1110] shutting down sender
2022-05-03 22:38:09,232 INFO    SenderThread:86560 [file_pusher.py:finish():145] shutting down file pusher
2022-05-03 22:38:09,233 INFO    SenderThread:86560 [file_pusher.py:join():150] waiting for file pusher
2022-05-03 22:38:09,235 INFO    MainThread:86560 [internal.py:handle_exit():80] Internal process exited
