2022-05-03 22:37:36,900 INFO    MainThread:76700 [wandb_setup.py:_flush():76] Loading settings from C:\Users\ganat\.config\wandb\settings
2022-05-03 22:37:36,900 INFO    MainThread:76700 [wandb_setup.py:_flush():76] Loading settings from C:\Research\PINNs_Adaptive_thermal\wandb\settings
2022-05-03 22:37:36,900 INFO    MainThread:76700 [wandb_setup.py:_flush():76] Loading settings from environment variables: {}
2022-05-03 22:37:36,900 INFO    MainThread:76700 [wandb_setup.py:_flush():76] Inferring run settings from compute environment: {'program_relpath': 'main.py', 'program': 'main.py'}
2022-05-03 22:37:36,901 INFO    MainThread:76700 [wandb_init.py:_log_setup():428] Logging user logs to C:\Research\PINNs_Adaptive_thermal\wandb\run-20220503_223736-7oq9glan\logs\debug.log
2022-05-03 22:37:36,901 INFO    MainThread:76700 [wandb_init.py:_log_setup():429] Logging internal logs to C:\Research\PINNs_Adaptive_thermal\wandb\run-20220503_223736-7oq9glan\logs\debug-internal.log
2022-05-03 22:37:36,901 INFO    MainThread:76700 [wandb_init.py:init():462] calling init triggers
2022-05-03 22:37:36,901 INFO    MainThread:76700 [wandb_init.py:init():466] wandb.init called with sweep_config: {}
config: {}
2022-05-03 22:37:36,901 INFO    MainThread:76700 [wandb_init.py:init():515] starting backend
2022-05-03 22:37:36,901 INFO    MainThread:76700 [backend.py:_multiprocessing_setup():99] multiprocessing start_methods=spawn, using: spawn
2022-05-03 22:37:36,909 INFO    MainThread:76700 [backend.py:ensure_launched():217] starting backend process...
2022-05-03 22:37:37,019 INFO    MainThread:76700 [backend.py:ensure_launched():222] started backend process with pid: 86560
2022-05-03 22:37:37,020 INFO    MainThread:76700 [wandb_init.py:init():525] backend started and connected
2022-05-03 22:37:37,021 INFO    MainThread:76700 [wandb_init.py:init():596] updated telemetry
2022-05-03 22:37:37,069 INFO    MainThread:76700 [wandb_init.py:init():628] communicating run to backend with 30 second timeout
2022-05-03 22:37:39,361 INFO    MainThread:76700 [wandb_run.py:_on_init():1924] communicating current version
2022-05-03 22:37:39,431 INFO    MainThread:76700 [wandb_run.py:_on_init():1928] got version response 
2022-05-03 22:37:39,431 INFO    MainThread:76700 [wandb_init.py:init():662] starting run threads in backend
2022-05-03 22:37:44,446 INFO    MainThread:76700 [wandb_run.py:_console_start():1898] atexit reg
2022-05-03 22:37:44,446 INFO    MainThread:76700 [wandb_run.py:_redirect():1771] redirect: SettingsConsole.WRAP
2022-05-03 22:37:44,447 INFO    MainThread:76700 [wandb_run.py:_redirect():1808] Wrapping output streams.
2022-05-03 22:37:44,449 INFO    MainThread:76700 [wandb_run.py:_redirect():1832] Redirects installed.
2022-05-03 22:37:44,449 INFO    MainThread:76700 [wandb_init.py:init():688] run started, returning control to user process
2022-05-03 22:38:05,469 INFO    MainThread:76700 [wandb_run.py:_atexit_cleanup():1867] got exitcode: 1
2022-05-03 22:38:05,470 INFO    MainThread:76700 [wandb_run.py:_restore():1839] restore
2022-05-03 22:38:05,654 INFO    MainThread:76700 [wandb_run.py:_on_finish():1996] got exit ret: file_counts {
  wandb_count: 1
}
pusher_stats {
  uploaded_bytes: 781
  total_bytes: 781
}

2022-05-03 22:38:05,939 INFO    MainThread:76700 [wandb_run.py:_on_finish():1996] got exit ret: file_counts {
  wandb_count: 1
}
pusher_stats {
  uploaded_bytes: 781
  total_bytes: 781
}

2022-05-03 22:38:06,604 INFO    MainThread:76700 [wandb_run.py:_on_finish():1996] got exit ret: file_counts {
  wandb_count: 5
}
pusher_stats {
  uploaded_bytes: 781
  total_bytes: 10864
}

2022-05-03 22:38:06,709 INFO    MainThread:76700 [wandb_run.py:_on_finish():1996] got exit ret: file_counts {
  wandb_count: 6
}
pusher_stats {
  uploaded_bytes: 781
  total_bytes: 10891
}

2022-05-03 22:38:06,820 INFO    MainThread:76700 [wandb_run.py:_on_finish():1996] got exit ret: file_counts {
  wandb_count: 6
}
pusher_stats {
  uploaded_bytes: 781
  total_bytes: 10891
}

2022-05-03 22:38:06,927 INFO    MainThread:76700 [wandb_run.py:_on_finish():1996] got exit ret: file_counts {
  wandb_count: 6
}
pusher_stats {
  uploaded_bytes: 10891
  total_bytes: 10891
}

2022-05-03 22:38:07,038 INFO    MainThread:76700 [wandb_run.py:_on_finish():1996] got exit ret: file_counts {
  wandb_count: 6
}
pusher_stats {
  uploaded_bytes: 10891
  total_bytes: 10891
}

2022-05-03 22:38:07,146 INFO    MainThread:76700 [wandb_run.py:_on_finish():1996] got exit ret: file_counts {
  wandb_count: 6
}
pusher_stats {
  uploaded_bytes: 10891
  total_bytes: 10891
}

2022-05-03 22:38:07,254 INFO    MainThread:76700 [wandb_run.py:_on_finish():1996] got exit ret: file_counts {
  wandb_count: 6
}
pusher_stats {
  uploaded_bytes: 10891
  total_bytes: 10891
}

2022-05-03 22:38:07,366 INFO    MainThread:76700 [wandb_run.py:_on_finish():1996] got exit ret: file_counts {
  wandb_count: 6
}
pusher_stats {
  uploaded_bytes: 10891
  total_bytes: 10891
}

2022-05-03 22:38:07,474 INFO    MainThread:76700 [wandb_run.py:_on_finish():1996] got exit ret: file_counts {
  wandb_count: 6
}
pusher_stats {
  uploaded_bytes: 10891
  total_bytes: 10891
}

2022-05-03 22:38:07,768 INFO    MainThread:76700 [wandb_run.py:_on_finish():1996] got exit ret: file_counts {
  wandb_count: 6
}
pusher_stats {
  uploaded_bytes: 10891
  total_bytes: 10891
}

2022-05-03 22:38:08,217 INFO    MainThread:76700 [wandb_run.py:_on_finish():1996] got exit ret: done: true
exit_result {
}
file_counts {
  wandb_count: 6
}
pusher_stats {
  uploaded_bytes: 10891
  total_bytes: 10891
}
local_info {
}

2022-05-03 22:38:09,584 INFO    MainThread:76700 [wandb_run.py:_footer_history_summary_info():3104] rendering history
2022-05-03 22:38:09,584 INFO    MainThread:76700 [wandb_run.py:_footer_history_summary_info():3136] rendering summary
2022-05-03 22:38:09,586 INFO    MainThread:76700 [wandb_run.py:_footer_sync_info():3060] logging synced files
