2022-05-03 22:40:12,095 INFO    MainThread:4940 [internal.py:wandb_internal():93] W&B internal server running at pid: 4940, started at: 2022-05-03 22:40:12.095319
2022-05-03 22:40:12,098 INFO    WriterThread:4940 [datastore.py:open_for_write():75] open: C:\Research\PINNs_Adaptive_thermal\wandb\run-20220503_224010-25zcz7lh\run-25zcz7lh.wandb
2022-05-03 22:40:12,101 DEBUG   SenderThread:4940 [sender.py:send():232] send: header
2022-05-03 22:40:12,101 DEBUG   SenderThread:4940 [sender.py:send():232] send: run
2022-05-03 22:40:12,331 DEBUG   HandlerThread:4940 [handler.py:handle_request():141] handle_request: check_version
2022-05-03 22:40:12,337 INFO    SenderThread:4940 [dir_watcher.py:__init__():197] watching files in: C:\Research\PINNs_Adaptive_thermal\wandb\run-20220503_224010-25zcz7lh\files
2022-05-03 22:40:12,337 INFO    SenderThread:4940 [sender.py:_start_run_threads():814] run started: 25zcz7lh with start time 1651635610
2022-05-03 22:40:12,337 DEBUG   SenderThread:4940 [sender.py:send():232] send: summary
2022-05-03 22:40:12,338 INFO    SenderThread:4940 [sender.py:_save_file():948] saving file wandb-summary.json with policy end
2022-05-03 22:40:12,338 DEBUG   SenderThread:4940 [sender.py:send_request():246] send_request: check_version
2022-05-03 22:40:12,390 DEBUG   HandlerThread:4940 [handler.py:handle_request():141] handle_request: run_start
2022-05-03 22:40:13,376 INFO    Thread-11 :4940 [dir_watcher.py:_on_file_created():244] file/dir created: C:\Research\PINNs_Adaptive_thermal\wandb\run-20220503_224010-25zcz7lh\files\wandb-summary.json
2022-05-03 22:40:14,489 DEBUG   HandlerThread:4940 [meta.py:__init__():35] meta init
2022-05-03 22:40:14,489 DEBUG   HandlerThread:4940 [meta.py:__init__():49] meta init done
2022-05-03 22:40:14,489 DEBUG   HandlerThread:4940 [meta.py:probe():209] probe
2022-05-03 22:40:14,572 DEBUG   HandlerThread:4940 [meta.py:_setup_git():199] setup git
2022-05-03 22:40:14,643 DEBUG   HandlerThread:4940 [meta.py:_setup_git():206] setup git done
2022-05-03 22:40:14,644 DEBUG   HandlerThread:4940 [meta.py:_save_pip():53] save pip
2022-05-03 22:40:14,645 DEBUG   HandlerThread:4940 [meta.py:_save_pip():67] save pip done
2022-05-03 22:40:14,645 DEBUG   HandlerThread:4940 [meta.py:_save_conda():74] save conda
2022-05-03 22:40:15,392 INFO    Thread-11 :4940 [dir_watcher.py:_on_file_created():244] file/dir created: C:\Research\PINNs_Adaptive_thermal\wandb\run-20220503_224010-25zcz7lh\files\conda-environment.yaml
2022-05-03 22:40:15,393 INFO    Thread-11 :4940 [dir_watcher.py:_on_file_created():244] file/dir created: C:\Research\PINNs_Adaptive_thermal\wandb\run-20220503_224010-25zcz7lh\files\requirements.txt
2022-05-03 22:40:17,412 INFO    Thread-11 :4940 [dir_watcher.py:_on_file_created():244] file/dir created: C:\Research\PINNs_Adaptive_thermal\wandb\run-20220503_224010-25zcz7lh\files\output.log
2022-05-03 22:40:18,122 DEBUG   HandlerThread:4940 [meta.py:_save_conda():84] save conda done
2022-05-03 22:40:18,122 DEBUG   HandlerThread:4940 [meta.py:probe():247] probe done
2022-05-03 22:40:18,127 DEBUG   HandlerThread:4940 [handler.py:handle_request():141] handle_request: stop_status
2022-05-03 22:40:18,127 DEBUG   SenderThread:4940 [sender.py:send_request():246] send_request: stop_status
2022-05-03 22:40:18,287 DEBUG   SenderThread:4940 [sender.py:send():232] send: telemetry
2022-05-03 22:40:18,287 DEBUG   SenderThread:4940 [sender.py:send():232] send: files
2022-05-03 22:40:18,287 INFO    SenderThread:4940 [sender.py:_save_file():948] saving file wandb-metadata.json with policy now
2022-05-03 22:40:18,424 INFO    Thread-11 :4940 [dir_watcher.py:_on_file_modified():257] file/dir modified: C:\Research\PINNs_Adaptive_thermal\wandb\run-20220503_224010-25zcz7lh\files\conda-environment.yaml
2022-05-03 22:40:18,424 INFO    Thread-11 :4940 [dir_watcher.py:_on_file_created():244] file/dir created: C:\Research\PINNs_Adaptive_thermal\wandb\run-20220503_224010-25zcz7lh\files\wandb-metadata.json
2022-05-03 22:40:18,823 INFO    Thread-17 :4940 [upload_job.py:push():132] Uploaded file C:\Users\ganat\AppData\Local\Temp\tmp8fb6jsmjwandb\2lbqft5r-wandb-metadata.json
2022-05-03 22:40:21,451 INFO    Thread-11 :4940 [dir_watcher.py:_on_file_modified():257] file/dir modified: C:\Research\PINNs_Adaptive_thermal\wandb\run-20220503_224010-25zcz7lh\files\output.log
2022-05-03 22:40:25,482 INFO    Thread-11 :4940 [dir_watcher.py:_on_file_modified():257] file/dir modified: C:\Research\PINNs_Adaptive_thermal\wandb\run-20220503_224010-25zcz7lh\files\output.log
2022-05-03 22:40:33,299 DEBUG   HandlerThread:4940 [handler.py:handle_request():141] handle_request: stop_status
2022-05-03 22:40:33,299 DEBUG   SenderThread:4940 [sender.py:send_request():246] send_request: stop_status
2022-05-03 22:40:37,107 DEBUG   SenderThread:4940 [sender.py:send():232] send: telemetry
2022-05-03 22:40:37,442 DEBUG   SenderThread:4940 [sender.py:send():232] send: exit
2022-05-03 22:40:37,442 INFO    SenderThread:4940 [sender.py:send_exit():368] handling exit code: 1
2022-05-03 22:40:37,443 INFO    SenderThread:4940 [sender.py:send_exit():370] handling runtime: 25
2022-05-03 22:40:37,444 INFO    SenderThread:4940 [sender.py:_save_file():948] saving file wandb-summary.json with policy end
2022-05-03 22:40:37,444 INFO    SenderThread:4940 [sender.py:send_exit():376] send defer
2022-05-03 22:40:37,445 DEBUG   HandlerThread:4940 [handler.py:handle_request():141] handle_request: poll_exit
2022-05-03 22:40:37,445 DEBUG   HandlerThread:4940 [handler.py:handle_request():141] handle_request: defer
2022-05-03 22:40:37,445 INFO    HandlerThread:4940 [handler.py:handle_request_defer():164] handle defer: 0
2022-05-03 22:40:37,445 DEBUG   SenderThread:4940 [sender.py:send_request():246] send_request: poll_exit
2022-05-03 22:40:37,445 DEBUG   SenderThread:4940 [sender.py:send_request():246] send_request: defer
2022-05-03 22:40:37,445 INFO    SenderThread:4940 [sender.py:send_request_defer():385] handle sender defer: 0
2022-05-03 22:40:37,445 INFO    SenderThread:4940 [sender.py:transition_state():389] send defer: 1
2022-05-03 22:40:37,446 DEBUG   HandlerThread:4940 [handler.py:handle_request():141] handle_request: defer
2022-05-03 22:40:37,446 INFO    HandlerThread:4940 [handler.py:handle_request_defer():164] handle defer: 1
2022-05-03 22:40:37,555 DEBUG   HandlerThread:4940 [handler.py:handle_request():141] handle_request: poll_exit
2022-05-03 22:40:37,555 DEBUG   SenderThread:4940 [sender.py:send_request():246] send_request: defer
2022-05-03 22:40:37,555 INFO    SenderThread:4940 [sender.py:send_request_defer():385] handle sender defer: 1
2022-05-03 22:40:37,555 INFO    SenderThread:4940 [sender.py:transition_state():389] send defer: 2
2022-05-03 22:40:37,555 DEBUG   SenderThread:4940 [sender.py:send_request():246] send_request: poll_exit
2022-05-03 22:40:37,555 DEBUG   SenderThread:4940 [sender.py:send():232] send: stats
2022-05-03 22:40:37,556 DEBUG   HandlerThread:4940 [handler.py:handle_request():141] handle_request: defer
2022-05-03 22:40:37,556 INFO    HandlerThread:4940 [handler.py:handle_request_defer():164] handle defer: 2
2022-05-03 22:40:37,556 DEBUG   SenderThread:4940 [sender.py:send_request():246] send_request: defer
2022-05-03 22:40:37,556 INFO    SenderThread:4940 [sender.py:send_request_defer():385] handle sender defer: 2
2022-05-03 22:40:37,556 INFO    SenderThread:4940 [sender.py:transition_state():389] send defer: 3
2022-05-03 22:40:37,556 DEBUG   HandlerThread:4940 [handler.py:handle_request():141] handle_request: defer
2022-05-03 22:40:37,557 INFO    HandlerThread:4940 [handler.py:handle_request_defer():164] handle defer: 3
2022-05-03 22:40:37,557 DEBUG   SenderThread:4940 [sender.py:send_request():246] send_request: defer
2022-05-03 22:40:37,557 INFO    SenderThread:4940 [sender.py:send_request_defer():385] handle sender defer: 3
2022-05-03 22:40:37,557 INFO    SenderThread:4940 [sender.py:transition_state():389] send defer: 4
2022-05-03 22:40:37,557 DEBUG   HandlerThread:4940 [handler.py:handle_request():141] handle_request: defer
2022-05-03 22:40:37,557 INFO    HandlerThread:4940 [handler.py:handle_request_defer():164] handle defer: 4
2022-05-03 22:40:37,557 DEBUG   SenderThread:4940 [sender.py:send():232] send: summary
2022-05-03 22:40:37,558 INFO    SenderThread:4940 [sender.py:_save_file():948] saving file wandb-summary.json with policy end
2022-05-03 22:40:37,558 DEBUG   SenderThread:4940 [sender.py:send_request():246] send_request: defer
2022-05-03 22:40:37,558 INFO    SenderThread:4940 [sender.py:send_request_defer():385] handle sender defer: 4
2022-05-03 22:40:37,558 INFO    SenderThread:4940 [sender.py:transition_state():389] send defer: 5
2022-05-03 22:40:37,558 DEBUG   HandlerThread:4940 [handler.py:handle_request():141] handle_request: defer
2022-05-03 22:40:37,558 INFO    HandlerThread:4940 [handler.py:handle_request_defer():164] handle defer: 5
2022-05-03 22:40:37,559 DEBUG   SenderThread:4940 [sender.py:send_request():246] send_request: defer
2022-05-03 22:40:37,559 INFO    SenderThread:4940 [sender.py:send_request_defer():385] handle sender defer: 5
2022-05-03 22:40:37,600 INFO    Thread-11 :4940 [dir_watcher.py:_on_file_modified():257] file/dir modified: C:\Research\PINNs_Adaptive_thermal\wandb\run-20220503_224010-25zcz7lh\files\wandb-summary.json
2022-05-03 22:40:37,600 INFO    Thread-11 :4940 [dir_watcher.py:_on_file_modified():257] file/dir modified: C:\Research\PINNs_Adaptive_thermal\wandb\run-20220503_224010-25zcz7lh\files\output.log
2022-05-03 22:40:37,664 DEBUG   HandlerThread:4940 [handler.py:handle_request():141] handle_request: poll_exit
2022-05-03 22:40:38,375 INFO    SenderThread:4940 [sender.py:transition_state():389] send defer: 6
2022-05-03 22:40:38,375 DEBUG   SenderThread:4940 [sender.py:send_request():246] send_request: poll_exit
2022-05-03 22:40:38,376 DEBUG   HandlerThread:4940 [handler.py:handle_request():141] handle_request: defer
2022-05-03 22:40:38,376 INFO    HandlerThread:4940 [handler.py:handle_request_defer():164] handle defer: 6
2022-05-03 22:40:38,377 DEBUG   SenderThread:4940 [sender.py:send_request():246] send_request: defer
2022-05-03 22:40:38,377 INFO    SenderThread:4940 [sender.py:send_request_defer():385] handle sender defer: 6
2022-05-03 22:40:38,377 INFO    SenderThread:4940 [dir_watcher.py:finish():312] shutting down directory watcher
2022-05-03 22:40:38,481 DEBUG   HandlerThread:4940 [handler.py:handle_request():141] handle_request: poll_exit
2022-05-03 22:40:38,608 INFO    SenderThread:4940 [dir_watcher.py:_on_file_modified():257] file/dir modified: C:\Research\PINNs_Adaptive_thermal\wandb\run-20220503_224010-25zcz7lh\files\config.yaml
2022-05-03 22:40:38,608 INFO    SenderThread:4940 [dir_watcher.py:finish():342] scan: C:\Research\PINNs_Adaptive_thermal\wandb\run-20220503_224010-25zcz7lh\files
2022-05-03 22:40:38,609 INFO    SenderThread:4940 [dir_watcher.py:finish():356] scan save: C:\Research\PINNs_Adaptive_thermal\wandb\run-20220503_224010-25zcz7lh\files\conda-environment.yaml conda-environment.yaml
2022-05-03 22:40:38,609 INFO    SenderThread:4940 [dir_watcher.py:finish():356] scan save: C:\Research\PINNs_Adaptive_thermal\wandb\run-20220503_224010-25zcz7lh\files\config.yaml config.yaml
2022-05-03 22:40:38,610 INFO    SenderThread:4940 [dir_watcher.py:finish():356] scan save: C:\Research\PINNs_Adaptive_thermal\wandb\run-20220503_224010-25zcz7lh\files\output.log output.log
2022-05-03 22:40:38,613 INFO    SenderThread:4940 [dir_watcher.py:finish():356] scan save: C:\Research\PINNs_Adaptive_thermal\wandb\run-20220503_224010-25zcz7lh\files\requirements.txt requirements.txt
2022-05-03 22:40:38,620 INFO    SenderThread:4940 [dir_watcher.py:finish():356] scan save: C:\Research\PINNs_Adaptive_thermal\wandb\run-20220503_224010-25zcz7lh\files\wandb-metadata.json wandb-metadata.json
2022-05-03 22:40:38,620 INFO    SenderThread:4940 [dir_watcher.py:finish():356] scan save: C:\Research\PINNs_Adaptive_thermal\wandb\run-20220503_224010-25zcz7lh\files\wandb-summary.json wandb-summary.json
2022-05-03 22:40:38,621 INFO    SenderThread:4940 [sender.py:transition_state():389] send defer: 7
2022-05-03 22:40:38,621 DEBUG   SenderThread:4940 [sender.py:send_request():246] send_request: poll_exit
2022-05-03 22:40:38,628 DEBUG   HandlerThread:4940 [handler.py:handle_request():141] handle_request: defer
2022-05-03 22:40:38,629 INFO    HandlerThread:4940 [handler.py:handle_request_defer():164] handle defer: 7
2022-05-03 22:40:38,630 DEBUG   SenderThread:4940 [sender.py:send_request():246] send_request: defer
2022-05-03 22:40:38,630 INFO    SenderThread:4940 [sender.py:send_request_defer():385] handle sender defer: 7
2022-05-03 22:40:38,631 INFO    SenderThread:4940 [file_pusher.py:finish():145] shutting down file pusher
2022-05-03 22:40:38,733 DEBUG   HandlerThread:4940 [handler.py:handle_request():141] handle_request: poll_exit
2022-05-03 22:40:38,733 DEBUG   SenderThread:4940 [sender.py:send_request():246] send_request: poll_exit
2022-05-03 22:40:38,842 DEBUG   HandlerThread:4940 [handler.py:handle_request():141] handle_request: poll_exit
2022-05-03 22:40:38,842 DEBUG   SenderThread:4940 [sender.py:send_request():246] send_request: poll_exit
2022-05-03 22:40:38,952 DEBUG   HandlerThread:4940 [handler.py:handle_request():141] handle_request: poll_exit
2022-05-03 22:40:38,952 DEBUG   SenderThread:4940 [sender.py:send_request():246] send_request: poll_exit
2022-05-03 22:40:39,062 DEBUG   HandlerThread:4940 [handler.py:handle_request():141] handle_request: poll_exit
2022-05-03 22:40:39,062 DEBUG   SenderThread:4940 [sender.py:send_request():246] send_request: poll_exit
2022-05-03 22:40:39,092 INFO    Thread-21 :4940 [upload_job.py:push():132] Uploaded file C:\Research\PINNs_Adaptive_thermal\wandb\run-20220503_224010-25zcz7lh\files\requirements.txt
2022-05-03 22:40:39,111 INFO    Thread-19 :4940 [upload_job.py:push():132] Uploaded file C:\Research\PINNs_Adaptive_thermal\wandb\run-20220503_224010-25zcz7lh\files\config.yaml
2022-05-03 22:40:39,139 INFO    Thread-22 :4940 [upload_job.py:push():132] Uploaded file C:\Research\PINNs_Adaptive_thermal\wandb\run-20220503_224010-25zcz7lh\files\wandb-summary.json
2022-05-03 22:40:39,142 INFO    Thread-20 :4940 [upload_job.py:push():132] Uploaded file C:\Research\PINNs_Adaptive_thermal\wandb\run-20220503_224010-25zcz7lh\files\output.log
2022-05-03 22:40:39,170 DEBUG   HandlerThread:4940 [handler.py:handle_request():141] handle_request: poll_exit
2022-05-03 22:40:39,170 DEBUG   SenderThread:4940 [sender.py:send_request():246] send_request: poll_exit
2022-05-03 22:40:39,281 DEBUG   HandlerThread:4940 [handler.py:handle_request():141] handle_request: poll_exit
2022-05-03 22:40:39,281 DEBUG   SenderThread:4940 [sender.py:send_request():246] send_request: poll_exit
2022-05-03 22:40:39,393 DEBUG   HandlerThread:4940 [handler.py:handle_request():141] handle_request: poll_exit
2022-05-03 22:40:39,393 DEBUG   SenderThread:4940 [sender.py:send_request():246] send_request: poll_exit
2022-05-03 22:40:39,499 DEBUG   HandlerThread:4940 [handler.py:handle_request():141] handle_request: poll_exit
2022-05-03 22:40:39,500 DEBUG   SenderThread:4940 [sender.py:send_request():246] send_request: poll_exit
2022-05-03 22:40:39,609 DEBUG   HandlerThread:4940 [handler.py:handle_request():141] handle_request: poll_exit
2022-05-03 22:40:39,610 DEBUG   SenderThread:4940 [sender.py:send_request():246] send_request: poll_exit
2022-05-03 22:40:39,720 DEBUG   HandlerThread:4940 [handler.py:handle_request():141] handle_request: poll_exit
2022-05-03 22:40:39,720 DEBUG   SenderThread:4940 [sender.py:send_request():246] send_request: poll_exit
2022-05-03 22:40:39,829 DEBUG   HandlerThread:4940 [handler.py:handle_request():141] handle_request: poll_exit
2022-05-03 22:40:39,829 DEBUG   SenderThread:4940 [sender.py:send_request():246] send_request: poll_exit
2022-05-03 22:40:39,938 DEBUG   HandlerThread:4940 [handler.py:handle_request():141] handle_request: poll_exit
2022-05-03 22:40:39,938 DEBUG   SenderThread:4940 [sender.py:send_request():246] send_request: poll_exit
2022-05-03 22:40:40,043 INFO    Thread-18 :4940 [upload_job.py:push():132] Uploaded file C:\Research\PINNs_Adaptive_thermal\wandb\run-20220503_224010-25zcz7lh\files\conda-environment.yaml
2022-05-03 22:40:40,047 DEBUG   HandlerThread:4940 [handler.py:handle_request():141] handle_request: poll_exit
2022-05-03 22:40:40,048 DEBUG   SenderThread:4940 [sender.py:send_request():246] send_request: poll_exit
2022-05-03 22:40:40,157 DEBUG   HandlerThread:4940 [handler.py:handle_request():141] handle_request: poll_exit
2022-05-03 22:40:40,157 DEBUG   SenderThread:4940 [sender.py:send_request():246] send_request: poll_exit
2022-05-03 22:40:40,251 INFO    Thread-10 :4940 [sender.py:transition_state():389] send defer: 8
2022-05-03 22:40:40,252 DEBUG   HandlerThread:4940 [handler.py:handle_request():141] handle_request: defer
2022-05-03 22:40:40,252 INFO    HandlerThread:4940 [handler.py:handle_request_defer():164] handle defer: 8
2022-05-03 22:40:40,252 DEBUG   SenderThread:4940 [sender.py:send_request():246] send_request: defer
2022-05-03 22:40:40,252 INFO    SenderThread:4940 [sender.py:send_request_defer():385] handle sender defer: 8
2022-05-03 22:40:40,268 DEBUG   HandlerThread:4940 [handler.py:handle_request():141] handle_request: poll_exit
2022-05-03 22:40:41,260 INFO    SenderThread:4940 [sender.py:transition_state():389] send defer: 9
2022-05-03 22:40:41,260 DEBUG   SenderThread:4940 [sender.py:send_request():246] send_request: poll_exit
2022-05-03 22:40:41,260 DEBUG   HandlerThread:4940 [handler.py:handle_request():141] handle_request: defer
2022-05-03 22:40:41,260 INFO    HandlerThread:4940 [handler.py:handle_request_defer():164] handle defer: 9
2022-05-03 22:40:41,261 DEBUG   SenderThread:4940 [sender.py:send_request():246] send_request: defer
2022-05-03 22:40:41,261 INFO    SenderThread:4940 [sender.py:send_request_defer():385] handle sender defer: 9
2022-05-03 22:40:41,261 INFO    SenderThread:4940 [sender.py:transition_state():389] send defer: 10
2022-05-03 22:40:41,261 DEBUG   HandlerThread:4940 [handler.py:handle_request():141] handle_request: defer
2022-05-03 22:40:41,261 INFO    HandlerThread:4940 [handler.py:handle_request_defer():164] handle defer: 10
2022-05-03 22:40:41,262 DEBUG   SenderThread:4940 [sender.py:send():232] send: final
2022-05-03 22:40:41,262 DEBUG   SenderThread:4940 [sender.py:send():232] send: footer
2022-05-03 22:40:41,262 DEBUG   SenderThread:4940 [sender.py:send_request():246] send_request: defer
2022-05-03 22:40:41,262 INFO    SenderThread:4940 [sender.py:send_request_defer():385] handle sender defer: 10
2022-05-03 22:40:41,374 DEBUG   HandlerThread:4940 [handler.py:handle_request():141] handle_request: poll_exit
2022-05-03 22:40:41,374 DEBUG   SenderThread:4940 [sender.py:send_request():246] send_request: poll_exit
2022-05-03 22:40:41,375 INFO    SenderThread:4940 [file_pusher.py:join():150] waiting for file pusher
2022-05-03 22:40:41,844 DEBUG   HandlerThread:4940 [handler.py:handle_request():141] handle_request: sampled_history
2022-05-03 22:40:41,845 DEBUG   HandlerThread:4940 [handler.py:handle_request():141] handle_request: get_summary
2022-05-03 22:40:41,846 DEBUG   HandlerThread:4940 [handler.py:handle_request():141] handle_request: shutdown
2022-05-03 22:40:41,846 INFO    HandlerThread:4940 [handler.py:finish():806] shutting down handler
2022-05-03 22:40:42,270 INFO    WriterThread:4940 [datastore.py:close():279] close: C:\Research\PINNs_Adaptive_thermal\wandb\run-20220503_224010-25zcz7lh\run-25zcz7lh.wandb
2022-05-03 22:40:42,740 INFO    SenderThread:4940 [sender.py:finish():1110] shutting down sender
2022-05-03 22:40:42,740 INFO    SenderThread:4940 [file_pusher.py:finish():145] shutting down file pusher
2022-05-03 22:40:42,740 INFO    SenderThread:4940 [file_pusher.py:join():150] waiting for file pusher
2022-05-03 22:40:42,742 INFO    MainThread:4940 [internal.py:handle_exit():80] Internal process exited
