2022-05-03 22:40:10,488 INFO    MainThread:24860 [wandb_setup.py:_flush():76] Loading settings from C:\Users\ganat\.config\wandb\settings
2022-05-03 22:40:10,488 INFO    MainThread:24860 [wandb_setup.py:_flush():76] Loading settings from C:\Research\PINNs_Adaptive_thermal\wandb\settings
2022-05-03 22:40:10,489 INFO    MainThread:24860 [wandb_setup.py:_flush():76] Loading settings from environment variables: {}
2022-05-03 22:40:10,489 INFO    MainThread:24860 [wandb_setup.py:_flush():76] Inferring run settings from compute environment: {'program_relpath': 'main.py', 'program': 'main.py'}
2022-05-03 22:40:10,489 INFO    MainThread:24860 [wandb_init.py:_log_setup():428] Logging user logs to C:\Research\PINNs_Adaptive_thermal\wandb\run-20220503_224010-25zcz7lh\logs\debug.log
2022-05-03 22:40:10,490 INFO    MainThread:24860 [wandb_init.py:_log_setup():429] Logging internal logs to C:\Research\PINNs_Adaptive_thermal\wandb\run-20220503_224010-25zcz7lh\logs\debug-internal.log
2022-05-03 22:40:10,491 INFO    MainThread:24860 [wandb_init.py:init():462] calling init triggers
2022-05-03 22:40:10,491 INFO    MainThread:24860 [wandb_init.py:init():466] wandb.init called with sweep_config: {}
config: {}
2022-05-03 22:40:10,491 INFO    MainThread:24860 [wandb_init.py:init():515] starting backend
2022-05-03 22:40:10,491 INFO    MainThread:24860 [backend.py:_multiprocessing_setup():99] multiprocessing start_methods=spawn, using: spawn
2022-05-03 22:40:10,505 INFO    MainThread:24860 [backend.py:ensure_launched():217] starting backend process...
2022-05-03 22:40:10,592 INFO    MainThread:24860 [backend.py:ensure_launched():222] started backend process with pid: 4940
2022-05-03 22:40:10,592 INFO    MainThread:24860 [wandb_init.py:init():525] backend started and connected
2022-05-03 22:40:10,593 INFO    MainThread:24860 [wandb_init.py:init():596] updated telemetry
2022-05-03 22:40:10,630 INFO    MainThread:24860 [wandb_init.py:init():628] communicating run to backend with 30 second timeout
2022-05-03 22:40:12,330 INFO    MainThread:24860 [wandb_run.py:_on_init():1924] communicating current version
2022-05-03 22:40:12,389 INFO    MainThread:24860 [wandb_run.py:_on_init():1928] got version response 
2022-05-03 22:40:12,389 INFO    MainThread:24860 [wandb_init.py:init():662] starting run threads in backend
2022-05-03 22:40:17,407 INFO    MainThread:24860 [wandb_run.py:_console_start():1898] atexit reg
2022-05-03 22:40:17,408 INFO    MainThread:24860 [wandb_run.py:_redirect():1771] redirect: SettingsConsole.WRAP
2022-05-03 22:40:17,408 INFO    MainThread:24860 [wandb_run.py:_redirect():1808] Wrapping output streams.
2022-05-03 22:40:17,411 INFO    MainThread:24860 [wandb_run.py:_redirect():1832] Redirects installed.
2022-05-03 22:40:17,411 INFO    MainThread:24860 [wandb_init.py:init():688] run started, returning control to user process
2022-05-03 22:40:37,105 INFO    MainThread:24860 [wandb_run.py:_atexit_cleanup():1867] got exitcode: 1
2022-05-03 22:40:37,106 INFO    MainThread:24860 [wandb_run.py:_restore():1839] restore
2022-05-03 22:40:37,446 INFO    MainThread:24860 [wandb_run.py:_on_finish():1996] got exit ret: file_counts {
  wandb_count: 1
}
pusher_stats {
  uploaded_bytes: 781
  total_bytes: 781
}

2022-05-03 22:40:37,555 INFO    MainThread:24860 [wandb_run.py:_on_finish():1996] got exit ret: file_counts {
  wandb_count: 1
}
pusher_stats {
  uploaded_bytes: 781
  total_bytes: 781
}

2022-05-03 22:40:38,376 INFO    MainThread:24860 [wandb_run.py:_on_finish():1996] got exit ret: file_counts {
  wandb_count: 1
}
pusher_stats {
  uploaded_bytes: 781
  total_bytes: 781
}

2022-05-03 22:40:38,628 INFO    MainThread:24860 [wandb_run.py:_on_finish():1996] got exit ret: file_counts {
  wandb_count: 6
}
pusher_stats {
  uploaded_bytes: 781
  total_bytes: 10891
}

2022-05-03 22:40:38,734 INFO    MainThread:24860 [wandb_run.py:_on_finish():1996] got exit ret: file_counts {
  wandb_count: 6
}
pusher_stats {
  uploaded_bytes: 781
  total_bytes: 10891
}

2022-05-03 22:40:38,843 INFO    MainThread:24860 [wandb_run.py:_on_finish():1996] got exit ret: file_counts {
  wandb_count: 6
}
pusher_stats {
  uploaded_bytes: 781
  total_bytes: 10891
}

2022-05-03 22:40:38,953 INFO    MainThread:24860 [wandb_run.py:_on_finish():1996] got exit ret: file_counts {
  wandb_count: 6
}
pusher_stats {
  uploaded_bytes: 10792
  total_bytes: 10891
}

2022-05-03 22:40:39,063 INFO    MainThread:24860 [wandb_run.py:_on_finish():1996] got exit ret: file_counts {
  wandb_count: 6
}
pusher_stats {
  uploaded_bytes: 10792
  total_bytes: 10891
}

2022-05-03 22:40:39,171 INFO    MainThread:24860 [wandb_run.py:_on_finish():1996] got exit ret: file_counts {
  wandb_count: 6
}
pusher_stats {
  uploaded_bytes: 10792
  total_bytes: 10891
}

2022-05-03 22:40:39,282 INFO    MainThread:24860 [wandb_run.py:_on_finish():1996] got exit ret: file_counts {
  wandb_count: 6
}
pusher_stats {
  uploaded_bytes: 10792
  total_bytes: 10891
}

2022-05-03 22:40:39,394 INFO    MainThread:24860 [wandb_run.py:_on_finish():1996] got exit ret: file_counts {
  wandb_count: 6
}
pusher_stats {
  uploaded_bytes: 10792
  total_bytes: 10891
}

2022-05-03 22:40:39,500 INFO    MainThread:24860 [wandb_run.py:_on_finish():1996] got exit ret: file_counts {
  wandb_count: 6
}
pusher_stats {
  uploaded_bytes: 10792
  total_bytes: 10891
}

2022-05-03 22:40:39,610 INFO    MainThread:24860 [wandb_run.py:_on_finish():1996] got exit ret: file_counts {
  wandb_count: 6
}
pusher_stats {
  uploaded_bytes: 10792
  total_bytes: 10891
}

2022-05-03 22:40:39,721 INFO    MainThread:24860 [wandb_run.py:_on_finish():1996] got exit ret: file_counts {
  wandb_count: 6
}
pusher_stats {
  uploaded_bytes: 10792
  total_bytes: 10891
}

2022-05-03 22:40:39,830 INFO    MainThread:24860 [wandb_run.py:_on_finish():1996] got exit ret: file_counts {
  wandb_count: 6
}
pusher_stats {
  uploaded_bytes: 10891
  total_bytes: 10891
}

2022-05-03 22:40:39,939 INFO    MainThread:24860 [wandb_run.py:_on_finish():1996] got exit ret: file_counts {
  wandb_count: 6
}
pusher_stats {
  uploaded_bytes: 10891
  total_bytes: 10891
}

2022-05-03 22:40:40,048 INFO    MainThread:24860 [wandb_run.py:_on_finish():1996] got exit ret: file_counts {
  wandb_count: 6
}
pusher_stats {
  uploaded_bytes: 10891
  total_bytes: 10891
}

2022-05-03 22:40:40,158 INFO    MainThread:24860 [wandb_run.py:_on_finish():1996] got exit ret: file_counts {
  wandb_count: 6
}
pusher_stats {
  uploaded_bytes: 10891
  total_bytes: 10891
}

2022-05-03 22:40:41,260 INFO    MainThread:24860 [wandb_run.py:_on_finish():1996] got exit ret: file_counts {
  wandb_count: 6
}
pusher_stats {
  uploaded_bytes: 10891
  total_bytes: 10891
}

2022-05-03 22:40:41,741 INFO    MainThread:24860 [wandb_run.py:_on_finish():1996] got exit ret: done: true
exit_result {
}
file_counts {
  wandb_count: 6
}
pusher_stats {
  uploaded_bytes: 10891
  total_bytes: 10891
}
local_info {
}

2022-05-03 22:40:43,082 INFO    MainThread:24860 [wandb_run.py:_footer_history_summary_info():3104] rendering history
2022-05-03 22:40:43,082 INFO    MainThread:24860 [wandb_run.py:_footer_history_summary_info():3136] rendering summary
2022-05-03 22:40:43,085 INFO    MainThread:24860 [wandb_run.py:_footer_sync_info():3060] logging synced files
