2022-05-03 22:18:55,712 INFO    MainThread:4976 [internal.py:wandb_internal():93] W&B internal server running at pid: 4976, started at: 2022-05-03 22:18:55.711828
2022-05-03 22:18:55,715 INFO    WriterThread:4976 [datastore.py:open_for_write():75] open: C:\Research\PINNs_Adaptive_thermal\wandb\run-20220503_221853-9ecn7dv5\run-9ecn7dv5.wandb
2022-05-03 22:18:55,719 DEBUG   SenderThread:4976 [sender.py:send():232] send: header
2022-05-03 22:18:55,720 DEBUG   SenderThread:4976 [sender.py:send():232] send: run
2022-05-03 22:18:55,952 DEBUG   HandlerThread:4976 [handler.py:handle_request():141] handle_request: check_version
2022-05-03 22:18:55,959 INFO    SenderThread:4976 [dir_watcher.py:__init__():197] watching files in: C:\Research\PINNs_Adaptive_thermal\wandb\run-20220503_221853-9ecn7dv5\files
2022-05-03 22:18:55,959 INFO    SenderThread:4976 [sender.py:_start_run_threads():814] run started: 9ecn7dv5 with start time 1651634333
2022-05-03 22:18:55,960 DEBUG   SenderThread:4976 [sender.py:send():232] send: summary
2022-05-03 22:18:55,960 INFO    SenderThread:4976 [sender.py:_save_file():948] saving file wandb-summary.json with policy end
2022-05-03 22:18:55,961 DEBUG   SenderThread:4976 [sender.py:send_request():246] send_request: check_version
2022-05-03 22:18:56,070 DEBUG   HandlerThread:4976 [handler.py:handle_request():141] handle_request: run_start
2022-05-03 22:18:56,973 INFO    Thread-11 :4976 [dir_watcher.py:_on_file_created():244] file/dir created: C:\Research\PINNs_Adaptive_thermal\wandb\run-20220503_221853-9ecn7dv5\files\wandb-summary.json
2022-05-03 22:18:58,762 DEBUG   HandlerThread:4976 [meta.py:__init__():35] meta init
2022-05-03 22:18:58,762 DEBUG   HandlerThread:4976 [meta.py:__init__():49] meta init done
2022-05-03 22:18:58,762 DEBUG   HandlerThread:4976 [meta.py:probe():209] probe
2022-05-03 22:18:58,846 DEBUG   HandlerThread:4976 [meta.py:_setup_git():199] setup git
2022-05-03 22:18:58,916 DEBUG   HandlerThread:4976 [meta.py:_setup_git():206] setup git done
2022-05-03 22:18:58,916 DEBUG   HandlerThread:4976 [meta.py:_save_pip():53] save pip
2022-05-03 22:18:58,917 DEBUG   HandlerThread:4976 [meta.py:_save_pip():67] save pip done
2022-05-03 22:18:58,917 DEBUG   HandlerThread:4976 [meta.py:_save_conda():74] save conda
2022-05-03 22:18:58,983 INFO    Thread-11 :4976 [dir_watcher.py:_on_file_created():244] file/dir created: C:\Research\PINNs_Adaptive_thermal\wandb\run-20220503_221853-9ecn7dv5\files\requirements.txt
2022-05-03 22:18:58,983 INFO    Thread-11 :4976 [dir_watcher.py:_on_file_created():244] file/dir created: C:\Research\PINNs_Adaptive_thermal\wandb\run-20220503_221853-9ecn7dv5\files\conda-environment.yaml
2022-05-03 22:19:02,001 INFO    Thread-11 :4976 [dir_watcher.py:_on_file_created():244] file/dir created: C:\Research\PINNs_Adaptive_thermal\wandb\run-20220503_221853-9ecn7dv5\files\output.log
2022-05-03 22:19:04,013 INFO    Thread-11 :4976 [dir_watcher.py:_on_file_modified():257] file/dir modified: C:\Research\PINNs_Adaptive_thermal\wandb\run-20220503_221853-9ecn7dv5\files\conda-environment.yaml
2022-05-03 22:19:04,013 DEBUG   HandlerThread:4976 [meta.py:_save_conda():84] save conda done
2022-05-03 22:19:04,013 DEBUG   HandlerThread:4976 [meta.py:probe():247] probe done
2022-05-03 22:19:04,021 DEBUG   HandlerThread:4976 [handler.py:handle_request():141] handle_request: stop_status
2022-05-03 22:19:04,021 DEBUG   SenderThread:4976 [sender.py:send_request():246] send_request: stop_status
2022-05-03 22:19:04,192 DEBUG   SenderThread:4976 [sender.py:send():232] send: telemetry
2022-05-03 22:19:04,192 DEBUG   SenderThread:4976 [sender.py:send():232] send: files
2022-05-03 22:19:04,192 INFO    SenderThread:4976 [sender.py:_save_file():948] saving file wandb-metadata.json with policy now
2022-05-03 22:19:04,712 INFO    Thread-17 :4976 [upload_job.py:push():132] Uploaded file C:\Users\ganat\AppData\Local\Temp\tmpdn6ns3jowandb\1eb4zm2h-wandb-metadata.json
2022-05-03 22:19:05,022 INFO    Thread-11 :4976 [dir_watcher.py:_on_file_created():244] file/dir created: C:\Research\PINNs_Adaptive_thermal\wandb\run-20220503_221853-9ecn7dv5\files\wandb-metadata.json
2022-05-03 22:19:06,035 INFO    Thread-11 :4976 [dir_watcher.py:_on_file_modified():257] file/dir modified: C:\Research\PINNs_Adaptive_thermal\wandb\run-20220503_221853-9ecn7dv5\files\output.log
2022-05-03 22:19:12,075 INFO    Thread-11 :4976 [dir_watcher.py:_on_file_modified():257] file/dir modified: C:\Research\PINNs_Adaptive_thermal\wandb\run-20220503_221853-9ecn7dv5\files\output.log
2022-05-03 22:19:19,194 DEBUG   HandlerThread:4976 [handler.py:handle_request():141] handle_request: stop_status
2022-05-03 22:19:19,195 DEBUG   SenderThread:4976 [sender.py:send_request():246] send_request: stop_status
2022-05-03 22:19:26,178 INFO    Thread-11 :4976 [dir_watcher.py:_on_file_modified():257] file/dir modified: C:\Research\PINNs_Adaptive_thermal\wandb\run-20220503_221853-9ecn7dv5\files\output.log
2022-05-03 22:19:27,186 INFO    Thread-11 :4976 [dir_watcher.py:_on_file_modified():257] file/dir modified: C:\Research\PINNs_Adaptive_thermal\wandb\run-20220503_221853-9ecn7dv5\files\config.yaml
2022-05-03 22:19:30,158 DEBUG   SenderThread:4976 [sender.py:send():232] send: stats
2022-05-03 22:19:32,221 INFO    Thread-11 :4976 [dir_watcher.py:_on_file_modified():257] file/dir modified: C:\Research\PINNs_Adaptive_thermal\wandb\run-20220503_221853-9ecn7dv5\files\output.log
2022-05-03 22:19:34,368 DEBUG   HandlerThread:4976 [handler.py:handle_request():141] handle_request: stop_status
2022-05-03 22:19:34,368 DEBUG   SenderThread:4976 [sender.py:send_request():246] send_request: stop_status
2022-05-03 22:19:37,265 INFO    Thread-11 :4976 [dir_watcher.py:_on_file_modified():257] file/dir modified: C:\Research\PINNs_Adaptive_thermal\wandb\run-20220503_221853-9ecn7dv5\files\output.log
2022-05-03 22:19:43,324 INFO    Thread-11 :4976 [dir_watcher.py:_on_file_modified():257] file/dir modified: C:\Research\PINNs_Adaptive_thermal\wandb\run-20220503_221853-9ecn7dv5\files\output.log
2022-05-03 22:19:47,360 INFO    Thread-11 :4976 [dir_watcher.py:_on_file_modified():257] file/dir modified: C:\Research\PINNs_Adaptive_thermal\wandb\run-20220503_221853-9ecn7dv5\files\output.log
2022-05-03 22:19:48,366 INFO    Thread-11 :4976 [dir_watcher.py:_on_file_modified():257] file/dir modified: C:\Research\PINNs_Adaptive_thermal\wandb\run-20220503_221853-9ecn7dv5\files\output.log
2022-05-03 22:19:49,594 DEBUG   HandlerThread:4976 [handler.py:handle_request():141] handle_request: stop_status
2022-05-03 22:19:49,594 DEBUG   SenderThread:4976 [sender.py:send_request():246] send_request: stop_status
2022-05-03 22:19:54,443 INFO    Thread-11 :4976 [dir_watcher.py:_on_file_modified():257] file/dir modified: C:\Research\PINNs_Adaptive_thermal\wandb\run-20220503_221853-9ecn7dv5\files\output.log
2022-05-03 22:19:55,450 INFO    Thread-11 :4976 [dir_watcher.py:_on_file_modified():257] file/dir modified: C:\Research\PINNs_Adaptive_thermal\wandb\run-20220503_221853-9ecn7dv5\files\output.log
2022-05-03 22:20:01,519 INFO    Thread-11 :4976 [dir_watcher.py:_on_file_modified():257] file/dir modified: C:\Research\PINNs_Adaptive_thermal\wandb\run-20220503_221853-9ecn7dv5\files\output.log
2022-05-03 22:20:03,846 DEBUG   SenderThread:4976 [sender.py:send():232] send: stats
2022-05-03 22:20:04,762 DEBUG   HandlerThread:4976 [handler.py:handle_request():141] handle_request: stop_status
2022-05-03 22:20:04,762 DEBUG   SenderThread:4976 [sender.py:send_request():246] send_request: stop_status
2022-05-03 22:20:11,600 INFO    Thread-11 :4976 [dir_watcher.py:_on_file_modified():257] file/dir modified: C:\Research\PINNs_Adaptive_thermal\wandb\run-20220503_221853-9ecn7dv5\files\output.log
2022-05-03 22:20:17,650 INFO    Thread-11 :4976 [dir_watcher.py:_on_file_modified():257] file/dir modified: C:\Research\PINNs_Adaptive_thermal\wandb\run-20220503_221853-9ecn7dv5\files\output.log
2022-05-03 22:20:19,953 DEBUG   HandlerThread:4976 [handler.py:handle_request():141] handle_request: stop_status
2022-05-03 22:20:19,953 DEBUG   SenderThread:4976 [sender.py:send_request():246] send_request: stop_status
2022-05-03 22:20:23,684 INFO    Thread-11 :4976 [dir_watcher.py:_on_file_modified():257] file/dir modified: C:\Research\PINNs_Adaptive_thermal\wandb\run-20220503_221853-9ecn7dv5\files\output.log
2022-05-03 22:20:29,753 INFO    Thread-11 :4976 [dir_watcher.py:_on_file_modified():257] file/dir modified: C:\Research\PINNs_Adaptive_thermal\wandb\run-20220503_221853-9ecn7dv5\files\output.log
2022-05-03 22:20:35,168 DEBUG   HandlerThread:4976 [handler.py:handle_request():141] handle_request: stop_status
2022-05-03 22:20:35,168 DEBUG   SenderThread:4976 [sender.py:send_request():246] send_request: stop_status
2022-05-03 22:20:35,790 INFO    Thread-11 :4976 [dir_watcher.py:_on_file_modified():257] file/dir modified: C:\Research\PINNs_Adaptive_thermal\wandb\run-20220503_221853-9ecn7dv5\files\output.log
2022-05-03 22:20:37,492 DEBUG   SenderThread:4976 [sender.py:send():232] send: stats
2022-05-03 22:20:41,846 INFO    Thread-11 :4976 [dir_watcher.py:_on_file_modified():257] file/dir modified: C:\Research\PINNs_Adaptive_thermal\wandb\run-20220503_221853-9ecn7dv5\files\output.log
2022-05-03 22:20:45,860 INFO    Thread-11 :4976 [dir_watcher.py:_on_file_modified():257] file/dir modified: C:\Research\PINNs_Adaptive_thermal\wandb\run-20220503_221853-9ecn7dv5\files\output.log
2022-05-03 22:20:50,378 DEBUG   HandlerThread:4976 [handler.py:handle_request():141] handle_request: stop_status
2022-05-03 22:20:50,378 DEBUG   SenderThread:4976 [sender.py:send_request():246] send_request: stop_status
2022-05-03 22:20:51,900 INFO    Thread-11 :4976 [dir_watcher.py:_on_file_modified():257] file/dir modified: C:\Research\PINNs_Adaptive_thermal\wandb\run-20220503_221853-9ecn7dv5\files\output.log
2022-05-03 22:20:55,943 INFO    Thread-11 :4976 [dir_watcher.py:_on_file_modified():257] file/dir modified: C:\Research\PINNs_Adaptive_thermal\wandb\run-20220503_221853-9ecn7dv5\files\output.log
2022-05-03 22:21:02,024 INFO    Thread-11 :4976 [dir_watcher.py:_on_file_modified():257] file/dir modified: C:\Research\PINNs_Adaptive_thermal\wandb\run-20220503_221853-9ecn7dv5\files\output.log
2022-05-03 22:21:05,639 DEBUG   HandlerThread:4976 [handler.py:handle_request():141] handle_request: stop_status
2022-05-03 22:21:05,640 DEBUG   SenderThread:4976 [sender.py:send_request():246] send_request: stop_status
2022-05-03 22:21:06,062 INFO    Thread-11 :4976 [dir_watcher.py:_on_file_modified():257] file/dir modified: C:\Research\PINNs_Adaptive_thermal\wandb\run-20220503_221853-9ecn7dv5\files\output.log
2022-05-03 22:21:10,090 INFO    Thread-11 :4976 [dir_watcher.py:_on_file_modified():257] file/dir modified: C:\Research\PINNs_Adaptive_thermal\wandb\run-20220503_221853-9ecn7dv5\files\output.log
2022-05-03 22:21:11,367 DEBUG   SenderThread:4976 [sender.py:send():232] send: stats
2022-05-03 22:21:16,155 INFO    Thread-11 :4976 [dir_watcher.py:_on_file_modified():257] file/dir modified: C:\Research\PINNs_Adaptive_thermal\wandb\run-20220503_221853-9ecn7dv5\files\output.log
2022-05-03 22:21:20,183 INFO    Thread-11 :4976 [dir_watcher.py:_on_file_modified():257] file/dir modified: C:\Research\PINNs_Adaptive_thermal\wandb\run-20220503_221853-9ecn7dv5\files\output.log
2022-05-03 22:21:20,811 DEBUG   HandlerThread:4976 [handler.py:handle_request():141] handle_request: stop_status
2022-05-03 22:21:20,811 DEBUG   SenderThread:4976 [sender.py:send_request():246] send_request: stop_status
2022-05-03 22:21:26,229 INFO    Thread-11 :4976 [dir_watcher.py:_on_file_modified():257] file/dir modified: C:\Research\PINNs_Adaptive_thermal\wandb\run-20220503_221853-9ecn7dv5\files\output.log
2022-05-03 22:21:32,290 INFO    Thread-11 :4976 [dir_watcher.py:_on_file_modified():257] file/dir modified: C:\Research\PINNs_Adaptive_thermal\wandb\run-20220503_221853-9ecn7dv5\files\output.log
2022-05-03 22:21:36,346 INFO    Thread-11 :4976 [dir_watcher.py:_on_file_modified():257] file/dir modified: C:\Research\PINNs_Adaptive_thermal\wandb\run-20220503_221853-9ecn7dv5\files\output.log
2022-05-03 22:21:36,474 DEBUG   HandlerThread:4976 [handler.py:handle_request():141] handle_request: stop_status
2022-05-03 22:21:36,474 DEBUG   SenderThread:4976 [sender.py:send_request():246] send_request: stop_status
2022-05-03 22:21:40,361 INFO    Thread-11 :4976 [dir_watcher.py:_on_file_modified():257] file/dir modified: C:\Research\PINNs_Adaptive_thermal\wandb\run-20220503_221853-9ecn7dv5\files\output.log
2022-05-03 22:21:45,242 DEBUG   SenderThread:4976 [sender.py:send():232] send: stats
2022-05-03 22:21:46,421 INFO    Thread-11 :4976 [dir_watcher.py:_on_file_modified():257] file/dir modified: C:\Research\PINNs_Adaptive_thermal\wandb\run-20220503_221853-9ecn7dv5\files\output.log
2022-05-03 22:21:50,459 INFO    Thread-11 :4976 [dir_watcher.py:_on_file_modified():257] file/dir modified: C:\Research\PINNs_Adaptive_thermal\wandb\run-20220503_221853-9ecn7dv5\files\output.log
2022-05-03 22:21:51,879 DEBUG   HandlerThread:4976 [handler.py:handle_request():141] handle_request: stop_status
2022-05-03 22:21:51,879 DEBUG   SenderThread:4976 [sender.py:send_request():246] send_request: stop_status
2022-05-03 22:21:56,522 INFO    Thread-11 :4976 [dir_watcher.py:_on_file_modified():257] file/dir modified: C:\Research\PINNs_Adaptive_thermal\wandb\run-20220503_221853-9ecn7dv5\files\output.log
2022-05-03 22:22:00,547 INFO    Thread-11 :4976 [dir_watcher.py:_on_file_modified():257] file/dir modified: C:\Research\PINNs_Adaptive_thermal\wandb\run-20220503_221853-9ecn7dv5\files\output.log
2022-05-03 22:22:06,601 INFO    Thread-11 :4976 [dir_watcher.py:_on_file_modified():257] file/dir modified: C:\Research\PINNs_Adaptive_thermal\wandb\run-20220503_221853-9ecn7dv5\files\output.log
2022-05-03 22:22:07,039 DEBUG   HandlerThread:4976 [handler.py:handle_request():141] handle_request: stop_status
2022-05-03 22:22:07,039 DEBUG   SenderThread:4976 [sender.py:send_request():246] send_request: stop_status
2022-05-03 22:22:10,638 INFO    Thread-11 :4976 [dir_watcher.py:_on_file_modified():257] file/dir modified: C:\Research\PINNs_Adaptive_thermal\wandb\run-20220503_221853-9ecn7dv5\files\output.log
2022-05-03 22:22:16,700 INFO    Thread-11 :4976 [dir_watcher.py:_on_file_modified():257] file/dir modified: C:\Research\PINNs_Adaptive_thermal\wandb\run-20220503_221853-9ecn7dv5\files\output.log
2022-05-03 22:22:19,116 DEBUG   SenderThread:4976 [sender.py:send():232] send: stats
2022-05-03 22:22:20,745 INFO    Thread-11 :4976 [dir_watcher.py:_on_file_modified():257] file/dir modified: C:\Research\PINNs_Adaptive_thermal\wandb\run-20220503_221853-9ecn7dv5\files\output.log
2022-05-03 22:22:22,225 DEBUG   HandlerThread:4976 [handler.py:handle_request():141] handle_request: stop_status
2022-05-03 22:22:22,225 DEBUG   SenderThread:4976 [sender.py:send_request():246] send_request: stop_status
2022-05-03 22:22:24,788 INFO    Thread-11 :4976 [dir_watcher.py:_on_file_modified():257] file/dir modified: C:\Research\PINNs_Adaptive_thermal\wandb\run-20220503_221853-9ecn7dv5\files\output.log
2022-05-03 22:22:30,840 INFO    Thread-11 :4976 [dir_watcher.py:_on_file_modified():257] file/dir modified: C:\Research\PINNs_Adaptive_thermal\wandb\run-20220503_221853-9ecn7dv5\files\output.log
2022-05-03 22:22:34,878 INFO    Thread-11 :4976 [dir_watcher.py:_on_file_modified():257] file/dir modified: C:\Research\PINNs_Adaptive_thermal\wandb\run-20220503_221853-9ecn7dv5\files\output.log
2022-05-03 22:22:37,391 DEBUG   HandlerThread:4976 [handler.py:handle_request():141] handle_request: stop_status
2022-05-03 22:22:37,391 DEBUG   SenderThread:4976 [sender.py:send_request():246] send_request: stop_status
2022-05-03 22:22:40,926 INFO    Thread-11 :4976 [dir_watcher.py:_on_file_modified():257] file/dir modified: C:\Research\PINNs_Adaptive_thermal\wandb\run-20220503_221853-9ecn7dv5\files\output.log
2022-05-03 22:22:44,960 INFO    Thread-11 :4976 [dir_watcher.py:_on_file_modified():257] file/dir modified: C:\Research\PINNs_Adaptive_thermal\wandb\run-20220503_221853-9ecn7dv5\files\output.log
2022-05-03 22:22:48,996 INFO    Thread-11 :4976 [dir_watcher.py:_on_file_modified():257] file/dir modified: C:\Research\PINNs_Adaptive_thermal\wandb\run-20220503_221853-9ecn7dv5\files\output.log
2022-05-03 22:22:52,786 DEBUG   HandlerThread:4976 [handler.py:handle_request():141] handle_request: stop_status
2022-05-03 22:22:52,786 DEBUG   SenderThread:4976 [sender.py:send_request():246] send_request: stop_status
2022-05-03 22:22:52,983 DEBUG   SenderThread:4976 [sender.py:send():232] send: stats
2022-05-03 22:22:55,055 INFO    Thread-11 :4976 [dir_watcher.py:_on_file_modified():257] file/dir modified: C:\Research\PINNs_Adaptive_thermal\wandb\run-20220503_221853-9ecn7dv5\files\output.log
2022-05-03 22:22:59,105 INFO    Thread-11 :4976 [dir_watcher.py:_on_file_modified():257] file/dir modified: C:\Research\PINNs_Adaptive_thermal\wandb\run-20220503_221853-9ecn7dv5\files\output.log
2022-05-03 22:23:05,166 INFO    Thread-11 :4976 [dir_watcher.py:_on_file_modified():257] file/dir modified: C:\Research\PINNs_Adaptive_thermal\wandb\run-20220503_221853-9ecn7dv5\files\output.log
2022-05-03 22:23:08,003 DEBUG   HandlerThread:4976 [handler.py:handle_request():141] handle_request: stop_status
2022-05-03 22:23:08,003 DEBUG   SenderThread:4976 [sender.py:send_request():246] send_request: stop_status
2022-05-03 22:23:09,201 INFO    Thread-11 :4976 [dir_watcher.py:_on_file_modified():257] file/dir modified: C:\Research\PINNs_Adaptive_thermal\wandb\run-20220503_221853-9ecn7dv5\files\output.log
2022-05-03 22:23:13,247 INFO    Thread-11 :4976 [dir_watcher.py:_on_file_modified():257] file/dir modified: C:\Research\PINNs_Adaptive_thermal\wandb\run-20220503_221853-9ecn7dv5\files\output.log
2022-05-03 22:23:19,288 INFO    Thread-11 :4976 [dir_watcher.py:_on_file_modified():257] file/dir modified: C:\Research\PINNs_Adaptive_thermal\wandb\run-20220503_221853-9ecn7dv5\files\output.log
2022-05-03 22:23:23,201 DEBUG   HandlerThread:4976 [handler.py:handle_request():141] handle_request: stop_status
2022-05-03 22:23:23,201 DEBUG   SenderThread:4976 [sender.py:send_request():246] send_request: stop_status
2022-05-03 22:23:25,348 INFO    Thread-11 :4976 [dir_watcher.py:_on_file_modified():257] file/dir modified: C:\Research\PINNs_Adaptive_thermal\wandb\run-20220503_221853-9ecn7dv5\files\output.log
2022-05-03 22:23:26,830 DEBUG   SenderThread:4976 [sender.py:send():232] send: stats
2022-05-03 22:23:29,391 INFO    Thread-11 :4976 [dir_watcher.py:_on_file_modified():257] file/dir modified: C:\Research\PINNs_Adaptive_thermal\wandb\run-20220503_221853-9ecn7dv5\files\output.log
2022-05-03 22:23:33,416 INFO    Thread-11 :4976 [dir_watcher.py:_on_file_modified():257] file/dir modified: C:\Research\PINNs_Adaptive_thermal\wandb\run-20220503_221853-9ecn7dv5\files\output.log
2022-05-03 22:23:38,379 DEBUG   HandlerThread:4976 [handler.py:handle_request():141] handle_request: stop_status
2022-05-03 22:23:38,380 DEBUG   SenderThread:4976 [sender.py:send_request():246] send_request: stop_status
2022-05-03 22:23:39,469 INFO    Thread-11 :4976 [dir_watcher.py:_on_file_modified():257] file/dir modified: C:\Research\PINNs_Adaptive_thermal\wandb\run-20220503_221853-9ecn7dv5\files\output.log
2022-05-03 22:23:43,500 INFO    Thread-11 :4976 [dir_watcher.py:_on_file_modified():257] file/dir modified: C:\Research\PINNs_Adaptive_thermal\wandb\run-20220503_221853-9ecn7dv5\files\output.log
2022-05-03 22:23:49,558 INFO    Thread-11 :4976 [dir_watcher.py:_on_file_modified():257] file/dir modified: C:\Research\PINNs_Adaptive_thermal\wandb\run-20220503_221853-9ecn7dv5\files\output.log
2022-05-03 22:23:53,551 DEBUG   HandlerThread:4976 [handler.py:handle_request():141] handle_request: stop_status
2022-05-03 22:23:53,551 DEBUG   SenderThread:4976 [sender.py:send_request():246] send_request: stop_status
2022-05-03 22:23:53,595 INFO    Thread-11 :4976 [dir_watcher.py:_on_file_modified():257] file/dir modified: C:\Research\PINNs_Adaptive_thermal\wandb\run-20220503_221853-9ecn7dv5\files\output.log
2022-05-03 22:23:57,627 INFO    Thread-11 :4976 [dir_watcher.py:_on_file_modified():257] file/dir modified: C:\Research\PINNs_Adaptive_thermal\wandb\run-20220503_221853-9ecn7dv5\files\output.log
2022-05-03 22:24:00,770 DEBUG   SenderThread:4976 [sender.py:send():232] send: stats
2022-05-03 22:24:03,698 INFO    Thread-11 :4976 [dir_watcher.py:_on_file_modified():257] file/dir modified: C:\Research\PINNs_Adaptive_thermal\wandb\run-20220503_221853-9ecn7dv5\files\output.log
2022-05-03 22:24:07,715 INFO    Thread-11 :4976 [dir_watcher.py:_on_file_modified():257] file/dir modified: C:\Research\PINNs_Adaptive_thermal\wandb\run-20220503_221853-9ecn7dv5\files\output.log
2022-05-03 22:24:08,720 DEBUG   HandlerThread:4976 [handler.py:handle_request():141] handle_request: stop_status
2022-05-03 22:24:08,721 DEBUG   SenderThread:4976 [sender.py:send_request():246] send_request: stop_status
2022-05-03 22:24:13,763 INFO    Thread-11 :4976 [dir_watcher.py:_on_file_modified():257] file/dir modified: C:\Research\PINNs_Adaptive_thermal\wandb\run-20220503_221853-9ecn7dv5\files\output.log
2022-05-03 22:24:19,859 INFO    Thread-11 :4976 [dir_watcher.py:_on_file_modified():257] file/dir modified: C:\Research\PINNs_Adaptive_thermal\wandb\run-20220503_221853-9ecn7dv5\files\output.log
2022-05-03 22:24:23,902 DEBUG   HandlerThread:4976 [handler.py:handle_request():141] handle_request: stop_status
2022-05-03 22:24:23,902 DEBUG   SenderThread:4976 [sender.py:send_request():246] send_request: stop_status
2022-05-03 22:24:27,933 INFO    Thread-11 :4976 [dir_watcher.py:_on_file_modified():257] file/dir modified: C:\Research\PINNs_Adaptive_thermal\wandb\run-20220503_221853-9ecn7dv5\files\output.log
2022-05-03 22:24:33,981 INFO    Thread-11 :4976 [dir_watcher.py:_on_file_modified():257] file/dir modified: C:\Research\PINNs_Adaptive_thermal\wandb\run-20220503_221853-9ecn7dv5\files\output.log
2022-05-03 22:24:34,713 DEBUG   SenderThread:4976 [sender.py:send():232] send: stats
2022-05-03 22:24:39,092 DEBUG   HandlerThread:4976 [handler.py:handle_request():141] handle_request: stop_status
2022-05-03 22:24:39,092 DEBUG   SenderThread:4976 [sender.py:send_request():246] send_request: stop_status
2022-05-03 22:24:40,016 INFO    Thread-11 :4976 [dir_watcher.py:_on_file_modified():257] file/dir modified: C:\Research\PINNs_Adaptive_thermal\wandb\run-20220503_221853-9ecn7dv5\files\output.log
2022-05-03 22:24:44,052 INFO    Thread-11 :4976 [dir_watcher.py:_on_file_modified():257] file/dir modified: C:\Research\PINNs_Adaptive_thermal\wandb\run-20220503_221853-9ecn7dv5\files\output.log
2022-05-03 22:24:50,107 INFO    Thread-11 :4976 [dir_watcher.py:_on_file_modified():257] file/dir modified: C:\Research\PINNs_Adaptive_thermal\wandb\run-20220503_221853-9ecn7dv5\files\output.log
2022-05-03 22:24:54,139 INFO    Thread-11 :4976 [dir_watcher.py:_on_file_modified():257] file/dir modified: C:\Research\PINNs_Adaptive_thermal\wandb\run-20220503_221853-9ecn7dv5\files\output.log
2022-05-03 22:24:54,629 DEBUG   HandlerThread:4976 [handler.py:handle_request():141] handle_request: stop_status
2022-05-03 22:24:54,630 DEBUG   SenderThread:4976 [sender.py:send_request():246] send_request: stop_status
2022-05-03 22:25:00,177 INFO    Thread-11 :4976 [dir_watcher.py:_on_file_modified():257] file/dir modified: C:\Research\PINNs_Adaptive_thermal\wandb\run-20220503_221853-9ecn7dv5\files\output.log
2022-05-03 22:25:04,208 INFO    Thread-11 :4976 [dir_watcher.py:_on_file_modified():257] file/dir modified: C:\Research\PINNs_Adaptive_thermal\wandb\run-20220503_221853-9ecn7dv5\files\output.log
2022-05-03 22:25:08,638 DEBUG   SenderThread:4976 [sender.py:send():232] send: stats
2022-05-03 22:25:09,804 DEBUG   HandlerThread:4976 [handler.py:handle_request():141] handle_request: stop_status
2022-05-03 22:25:09,804 DEBUG   SenderThread:4976 [sender.py:send_request():246] send_request: stop_status
2022-05-03 22:25:10,271 INFO    Thread-11 :4976 [dir_watcher.py:_on_file_modified():257] file/dir modified: C:\Research\PINNs_Adaptive_thermal\wandb\run-20220503_221853-9ecn7dv5\files\output.log
2022-05-03 22:25:14,316 INFO    Thread-11 :4976 [dir_watcher.py:_on_file_modified():257] file/dir modified: C:\Research\PINNs_Adaptive_thermal\wandb\run-20220503_221853-9ecn7dv5\files\output.log
2022-05-03 22:25:20,360 INFO    Thread-11 :4976 [dir_watcher.py:_on_file_modified():257] file/dir modified: C:\Research\PINNs_Adaptive_thermal\wandb\run-20220503_221853-9ecn7dv5\files\output.log
2022-05-03 22:25:24,383 INFO    Thread-11 :4976 [dir_watcher.py:_on_file_modified():257] file/dir modified: C:\Research\PINNs_Adaptive_thermal\wandb\run-20220503_221853-9ecn7dv5\files\output.log
2022-05-03 22:25:25,093 DEBUG   HandlerThread:4976 [handler.py:handle_request():141] handle_request: stop_status
2022-05-03 22:25:25,094 DEBUG   SenderThread:4976 [sender.py:send_request():246] send_request: stop_status
2022-05-03 22:25:30,439 INFO    Thread-11 :4976 [dir_watcher.py:_on_file_modified():257] file/dir modified: C:\Research\PINNs_Adaptive_thermal\wandb\run-20220503_221853-9ecn7dv5\files\output.log
2022-05-03 22:25:36,485 INFO    Thread-11 :4976 [dir_watcher.py:_on_file_modified():257] file/dir modified: C:\Research\PINNs_Adaptive_thermal\wandb\run-20220503_221853-9ecn7dv5\files\output.log
2022-05-03 22:25:40,314 DEBUG   HandlerThread:4976 [handler.py:handle_request():141] handle_request: stop_status
2022-05-03 22:25:40,314 DEBUG   SenderThread:4976 [sender.py:send_request():246] send_request: stop_status
2022-05-03 22:25:40,520 INFO    Thread-11 :4976 [dir_watcher.py:_on_file_modified():257] file/dir modified: C:\Research\PINNs_Adaptive_thermal\wandb\run-20220503_221853-9ecn7dv5\files\output.log
2022-05-03 22:25:42,480 DEBUG   SenderThread:4976 [sender.py:send():232] send: stats
2022-05-03 22:25:47,566 INFO    Thread-11 :4976 [dir_watcher.py:_on_file_modified():257] file/dir modified: C:\Research\PINNs_Adaptive_thermal\wandb\run-20220503_221853-9ecn7dv5\files\output.log
2022-05-03 22:25:53,625 INFO    Thread-11 :4976 [dir_watcher.py:_on_file_modified():257] file/dir modified: C:\Research\PINNs_Adaptive_thermal\wandb\run-20220503_221853-9ecn7dv5\files\output.log
2022-05-03 22:25:55,527 DEBUG   HandlerThread:4976 [handler.py:handle_request():141] handle_request: stop_status
2022-05-03 22:25:55,527 DEBUG   SenderThread:4976 [sender.py:send_request():246] send_request: stop_status
2022-05-03 22:25:57,653 INFO    Thread-11 :4976 [dir_watcher.py:_on_file_modified():257] file/dir modified: C:\Research\PINNs_Adaptive_thermal\wandb\run-20220503_221853-9ecn7dv5\files\output.log
2022-05-03 22:26:03,711 INFO    Thread-11 :4976 [dir_watcher.py:_on_file_modified():257] file/dir modified: C:\Research\PINNs_Adaptive_thermal\wandb\run-20220503_221853-9ecn7dv5\files\output.log
2022-05-03 22:26:07,740 INFO    Thread-11 :4976 [dir_watcher.py:_on_file_modified():257] file/dir modified: C:\Research\PINNs_Adaptive_thermal\wandb\run-20220503_221853-9ecn7dv5\files\output.log
2022-05-03 22:26:10,695 DEBUG   HandlerThread:4976 [handler.py:handle_request():141] handle_request: stop_status
2022-05-03 22:26:10,695 DEBUG   SenderThread:4976 [sender.py:send_request():246] send_request: stop_status
2022-05-03 22:26:13,794 INFO    Thread-11 :4976 [dir_watcher.py:_on_file_modified():257] file/dir modified: C:\Research\PINNs_Adaptive_thermal\wandb\run-20220503_221853-9ecn7dv5\files\output.log
2022-05-03 22:26:16,351 DEBUG   SenderThread:4976 [sender.py:send():232] send: stats
2022-05-03 22:26:17,842 INFO    Thread-11 :4976 [dir_watcher.py:_on_file_modified():257] file/dir modified: C:\Research\PINNs_Adaptive_thermal\wandb\run-20220503_221853-9ecn7dv5\files\output.log
2022-05-03 22:26:23,912 INFO    Thread-11 :4976 [dir_watcher.py:_on_file_modified():257] file/dir modified: C:\Research\PINNs_Adaptive_thermal\wandb\run-20220503_221853-9ecn7dv5\files\output.log
2022-05-03 22:26:25,948 DEBUG   HandlerThread:4976 [handler.py:handle_request():141] handle_request: stop_status
2022-05-03 22:26:25,948 DEBUG   SenderThread:4976 [sender.py:send_request():246] send_request: stop_status
2022-05-03 22:26:29,969 INFO    Thread-11 :4976 [dir_watcher.py:_on_file_modified():257] file/dir modified: C:\Research\PINNs_Adaptive_thermal\wandb\run-20220503_221853-9ecn7dv5\files\output.log
2022-05-03 22:26:34,001 INFO    Thread-11 :4976 [dir_watcher.py:_on_file_modified():257] file/dir modified: C:\Research\PINNs_Adaptive_thermal\wandb\run-20220503_221853-9ecn7dv5\files\output.log
2022-05-03 22:26:40,051 INFO    Thread-11 :4976 [dir_watcher.py:_on_file_modified():257] file/dir modified: C:\Research\PINNs_Adaptive_thermal\wandb\run-20220503_221853-9ecn7dv5\files\output.log
2022-05-03 22:26:41,123 DEBUG   HandlerThread:4976 [handler.py:handle_request():141] handle_request: stop_status
2022-05-03 22:26:41,124 DEBUG   SenderThread:4976 [sender.py:send_request():246] send_request: stop_status
2022-05-03 22:26:44,089 INFO    Thread-11 :4976 [dir_watcher.py:_on_file_modified():257] file/dir modified: C:\Research\PINNs_Adaptive_thermal\wandb\run-20220503_221853-9ecn7dv5\files\output.log
2022-05-03 22:26:50,150 INFO    Thread-11 :4976 [dir_watcher.py:_on_file_modified():257] file/dir modified: C:\Research\PINNs_Adaptive_thermal\wandb\run-20220503_221853-9ecn7dv5\files\output.log
2022-05-03 22:26:50,272 DEBUG   SenderThread:4976 [sender.py:send():232] send: stats
2022-05-03 22:26:54,183 INFO    Thread-11 :4976 [dir_watcher.py:_on_file_modified():257] file/dir modified: C:\Research\PINNs_Adaptive_thermal\wandb\run-20220503_221853-9ecn7dv5\files\output.log
2022-05-03 22:26:56,327 DEBUG   HandlerThread:4976 [handler.py:handle_request():141] handle_request: stop_status
2022-05-03 22:26:56,327 DEBUG   SenderThread:4976 [sender.py:send_request():246] send_request: stop_status
2022-05-03 22:27:00,235 INFO    Thread-11 :4976 [dir_watcher.py:_on_file_modified():257] file/dir modified: C:\Research\PINNs_Adaptive_thermal\wandb\run-20220503_221853-9ecn7dv5\files\output.log
2022-05-03 22:27:04,274 INFO    Thread-11 :4976 [dir_watcher.py:_on_file_modified():257] file/dir modified: C:\Research\PINNs_Adaptive_thermal\wandb\run-20220503_221853-9ecn7dv5\files\output.log
2022-05-03 22:27:10,319 INFO    Thread-11 :4976 [dir_watcher.py:_on_file_modified():257] file/dir modified: C:\Research\PINNs_Adaptive_thermal\wandb\run-20220503_221853-9ecn7dv5\files\output.log
2022-05-03 22:27:11,516 DEBUG   HandlerThread:4976 [handler.py:handle_request():141] handle_request: stop_status
2022-05-03 22:27:11,516 DEBUG   SenderThread:4976 [sender.py:send_request():246] send_request: stop_status
2022-05-03 22:27:15,372 INFO    Thread-11 :4976 [dir_watcher.py:_on_file_modified():257] file/dir modified: C:\Research\PINNs_Adaptive_thermal\wandb\run-20220503_221853-9ecn7dv5\files\output.log
2022-05-03 22:27:19,396 INFO    Thread-11 :4976 [dir_watcher.py:_on_file_modified():257] file/dir modified: C:\Research\PINNs_Adaptive_thermal\wandb\run-20220503_221853-9ecn7dv5\files\output.log
2022-05-03 22:27:24,077 DEBUG   SenderThread:4976 [sender.py:send():232] send: stats
2022-05-03 22:27:26,475 INFO    Thread-11 :4976 [dir_watcher.py:_on_file_modified():257] file/dir modified: C:\Research\PINNs_Adaptive_thermal\wandb\run-20220503_221853-9ecn7dv5\files\output.log
2022-05-03 22:27:26,682 DEBUG   HandlerThread:4976 [handler.py:handle_request():141] handle_request: stop_status
2022-05-03 22:27:26,683 DEBUG   SenderThread:4976 [sender.py:send_request():246] send_request: stop_status
2022-05-03 22:27:32,544 INFO    Thread-11 :4976 [dir_watcher.py:_on_file_modified():257] file/dir modified: C:\Research\PINNs_Adaptive_thermal\wandb\run-20220503_221853-9ecn7dv5\files\output.log
2022-05-03 22:27:36,583 INFO    Thread-11 :4976 [dir_watcher.py:_on_file_modified():257] file/dir modified: C:\Research\PINNs_Adaptive_thermal\wandb\run-20220503_221853-9ecn7dv5\files\output.log
2022-05-03 22:27:41,859 DEBUG   HandlerThread:4976 [handler.py:handle_request():141] handle_request: stop_status
2022-05-03 22:27:41,859 DEBUG   SenderThread:4976 [sender.py:send_request():246] send_request: stop_status
2022-05-03 22:27:42,632 INFO    Thread-11 :4976 [dir_watcher.py:_on_file_modified():257] file/dir modified: C:\Research\PINNs_Adaptive_thermal\wandb\run-20220503_221853-9ecn7dv5\files\output.log
2022-05-03 22:27:46,668 INFO    Thread-11 :4976 [dir_watcher.py:_on_file_modified():257] file/dir modified: C:\Research\PINNs_Adaptive_thermal\wandb\run-20220503_221853-9ecn7dv5\files\output.log
2022-05-03 22:27:50,709 INFO    Thread-11 :4976 [dir_watcher.py:_on_file_modified():257] file/dir modified: C:\Research\PINNs_Adaptive_thermal\wandb\run-20220503_221853-9ecn7dv5\files\output.log
2022-05-03 22:27:56,756 INFO    Thread-11 :4976 [dir_watcher.py:_on_file_modified():257] file/dir modified: C:\Research\PINNs_Adaptive_thermal\wandb\run-20220503_221853-9ecn7dv5\files\output.log
2022-05-03 22:27:57,042 DEBUG   HandlerThread:4976 [handler.py:handle_request():141] handle_request: stop_status
2022-05-03 22:27:57,042 DEBUG   SenderThread:4976 [sender.py:send_request():246] send_request: stop_status
2022-05-03 22:27:57,902 DEBUG   SenderThread:4976 [sender.py:send():232] send: stats
2022-05-03 22:28:00,787 INFO    Thread-11 :4976 [dir_watcher.py:_on_file_modified():257] file/dir modified: C:\Research\PINNs_Adaptive_thermal\wandb\run-20220503_221853-9ecn7dv5\files\output.log
2022-05-03 22:28:06,833 INFO    Thread-11 :4976 [dir_watcher.py:_on_file_modified():257] file/dir modified: C:\Research\PINNs_Adaptive_thermal\wandb\run-20220503_221853-9ecn7dv5\files\output.log
2022-05-03 22:28:10,855 INFO    Thread-11 :4976 [dir_watcher.py:_on_file_modified():257] file/dir modified: C:\Research\PINNs_Adaptive_thermal\wandb\run-20220503_221853-9ecn7dv5\files\output.log
2022-05-03 22:28:12,221 DEBUG   HandlerThread:4976 [handler.py:handle_request():141] handle_request: stop_status
2022-05-03 22:28:12,221 DEBUG   SenderThread:4976 [sender.py:send_request():246] send_request: stop_status
2022-05-03 22:28:16,908 INFO    Thread-11 :4976 [dir_watcher.py:_on_file_modified():257] file/dir modified: C:\Research\PINNs_Adaptive_thermal\wandb\run-20220503_221853-9ecn7dv5\files\output.log
2022-05-03 22:28:20,945 INFO    Thread-11 :4976 [dir_watcher.py:_on_file_modified():257] file/dir modified: C:\Research\PINNs_Adaptive_thermal\wandb\run-20220503_221853-9ecn7dv5\files\output.log
2022-05-03 22:28:24,969 INFO    Thread-11 :4976 [dir_watcher.py:_on_file_modified():257] file/dir modified: C:\Research\PINNs_Adaptive_thermal\wandb\run-20220503_221853-9ecn7dv5\files\output.log
2022-05-03 22:28:27,540 DEBUG   HandlerThread:4976 [handler.py:handle_request():141] handle_request: stop_status
2022-05-03 22:28:27,540 DEBUG   SenderThread:4976 [sender.py:send_request():246] send_request: stop_status
2022-05-03 22:28:31,015 INFO    Thread-11 :4976 [dir_watcher.py:_on_file_modified():257] file/dir modified: C:\Research\PINNs_Adaptive_thermal\wandb\run-20220503_221853-9ecn7dv5\files\output.log
2022-05-03 22:28:31,840 DEBUG   SenderThread:4976 [sender.py:send():232] send: stats
2022-05-03 22:28:35,055 INFO    Thread-11 :4976 [dir_watcher.py:_on_file_modified():257] file/dir modified: C:\Research\PINNs_Adaptive_thermal\wandb\run-20220503_221853-9ecn7dv5\files\output.log
2022-05-03 22:28:39,096 INFO    Thread-11 :4976 [dir_watcher.py:_on_file_modified():257] file/dir modified: C:\Research\PINNs_Adaptive_thermal\wandb\run-20220503_221853-9ecn7dv5\files\output.log
2022-05-03 22:28:42,708 DEBUG   HandlerThread:4976 [handler.py:handle_request():141] handle_request: stop_status
2022-05-03 22:28:42,708 DEBUG   SenderThread:4976 [sender.py:send_request():246] send_request: stop_status
2022-05-03 22:28:45,158 INFO    Thread-11 :4976 [dir_watcher.py:_on_file_modified():257] file/dir modified: C:\Research\PINNs_Adaptive_thermal\wandb\run-20220503_221853-9ecn7dv5\files\output.log
2022-05-03 22:28:49,192 INFO    Thread-11 :4976 [dir_watcher.py:_on_file_modified():257] file/dir modified: C:\Research\PINNs_Adaptive_thermal\wandb\run-20220503_221853-9ecn7dv5\files\output.log
2022-05-03 22:28:55,240 INFO    Thread-11 :4976 [dir_watcher.py:_on_file_modified():257] file/dir modified: C:\Research\PINNs_Adaptive_thermal\wandb\run-20220503_221853-9ecn7dv5\files\output.log
2022-05-03 22:28:57,891 DEBUG   HandlerThread:4976 [handler.py:handle_request():141] handle_request: stop_status
2022-05-03 22:28:57,892 DEBUG   SenderThread:4976 [sender.py:send_request():246] send_request: stop_status
2022-05-03 22:29:01,291 INFO    Thread-11 :4976 [dir_watcher.py:_on_file_modified():257] file/dir modified: C:\Research\PINNs_Adaptive_thermal\wandb\run-20220503_221853-9ecn7dv5\files\output.log
2022-05-03 22:29:05,327 INFO    Thread-11 :4976 [dir_watcher.py:_on_file_modified():257] file/dir modified: C:\Research\PINNs_Adaptive_thermal\wandb\run-20220503_221853-9ecn7dv5\files\output.log
2022-05-03 22:29:05,705 DEBUG   SenderThread:4976 [sender.py:send():232] send: stats
2022-05-03 22:29:11,363 INFO    Thread-11 :4976 [dir_watcher.py:_on_file_modified():257] file/dir modified: C:\Research\PINNs_Adaptive_thermal\wandb\run-20220503_221853-9ecn7dv5\files\output.log
2022-05-03 22:29:13,095 DEBUG   HandlerThread:4976 [handler.py:handle_request():141] handle_request: stop_status
2022-05-03 22:29:13,095 DEBUG   SenderThread:4976 [sender.py:send_request():246] send_request: stop_status
2022-05-03 22:29:14,390 INFO    Thread-11 :4976 [dir_watcher.py:_on_file_modified():257] file/dir modified: C:\Research\PINNs_Adaptive_thermal\wandb\run-20220503_221853-9ecn7dv5\files\output.log
2022-05-03 22:29:24,471 INFO    Thread-11 :4976 [dir_watcher.py:_on_file_modified():257] file/dir modified: C:\Research\PINNs_Adaptive_thermal\wandb\run-20220503_221853-9ecn7dv5\files\output.log
2022-05-03 22:29:28,315 DEBUG   HandlerThread:4976 [handler.py:handle_request():141] handle_request: stop_status
2022-05-03 22:29:28,315 DEBUG   SenderThread:4976 [sender.py:send_request():246] send_request: stop_status
2022-05-03 22:29:28,498 INFO    Thread-11 :4976 [dir_watcher.py:_on_file_modified():257] file/dir modified: C:\Research\PINNs_Adaptive_thermal\wandb\run-20220503_221853-9ecn7dv5\files\output.log
2022-05-03 22:29:32,539 INFO    Thread-11 :4976 [dir_watcher.py:_on_file_modified():257] file/dir modified: C:\Research\PINNs_Adaptive_thermal\wandb\run-20220503_221853-9ecn7dv5\files\output.log
2022-05-03 22:29:38,587 INFO    Thread-11 :4976 [dir_watcher.py:_on_file_modified():257] file/dir modified: C:\Research\PINNs_Adaptive_thermal\wandb\run-20220503_221853-9ecn7dv5\files\output.log
2022-05-03 22:29:39,535 DEBUG   SenderThread:4976 [sender.py:send():232] send: stats
2022-05-03 22:29:42,633 INFO    Thread-11 :4976 [dir_watcher.py:_on_file_modified():257] file/dir modified: C:\Research\PINNs_Adaptive_thermal\wandb\run-20220503_221853-9ecn7dv5\files\output.log
2022-05-03 22:29:43,481 DEBUG   HandlerThread:4976 [handler.py:handle_request():141] handle_request: stop_status
2022-05-03 22:29:43,481 DEBUG   SenderThread:4976 [sender.py:send_request():246] send_request: stop_status
2022-05-03 22:29:47,683 INFO    Thread-11 :4976 [dir_watcher.py:_on_file_modified():257] file/dir modified: C:\Research\PINNs_Adaptive_thermal\wandb\run-20220503_221853-9ecn7dv5\files\output.log
2022-05-03 22:29:51,732 INFO    Thread-11 :4976 [dir_watcher.py:_on_file_modified():257] file/dir modified: C:\Research\PINNs_Adaptive_thermal\wandb\run-20220503_221853-9ecn7dv5\files\output.log
2022-05-03 22:29:57,781 INFO    Thread-11 :4976 [dir_watcher.py:_on_file_modified():257] file/dir modified: C:\Research\PINNs_Adaptive_thermal\wandb\run-20220503_221853-9ecn7dv5\files\output.log
2022-05-03 22:29:58,666 DEBUG   HandlerThread:4976 [handler.py:handle_request():141] handle_request: stop_status
2022-05-03 22:29:58,667 DEBUG   SenderThread:4976 [sender.py:send_request():246] send_request: stop_status
2022-05-03 22:30:01,811 INFO    Thread-11 :4976 [dir_watcher.py:_on_file_modified():257] file/dir modified: C:\Research\PINNs_Adaptive_thermal\wandb\run-20220503_221853-9ecn7dv5\files\output.log
2022-05-03 22:30:07,873 INFO    Thread-11 :4976 [dir_watcher.py:_on_file_modified():257] file/dir modified: C:\Research\PINNs_Adaptive_thermal\wandb\run-20220503_221853-9ecn7dv5\files\output.log
2022-05-03 22:30:11,490 DEBUG   HandlerThread:4976 [handler.py:handle_request():141] handle_request: partial_history
2022-05-03 22:30:11,509 DEBUG   SenderThread:4976 [sender.py:send():232] send: history
2022-05-03 22:30:11,509 DEBUG   SenderThread:4976 [sender.py:send():232] send: summary
2022-05-03 22:30:11,517 INFO    SenderThread:4976 [sender.py:_save_file():948] saving file wandb-summary.json with policy end
2022-05-03 22:30:11,918 INFO    Thread-11 :4976 [dir_watcher.py:_on_file_modified():257] file/dir modified: C:\Research\PINNs_Adaptive_thermal\wandb\run-20220503_221853-9ecn7dv5\files\wandb-summary.json
2022-05-03 22:30:11,918 INFO    Thread-11 :4976 [dir_watcher.py:_on_file_modified():257] file/dir modified: C:\Research\PINNs_Adaptive_thermal\wandb\run-20220503_221853-9ecn7dv5\files\output.log
2022-05-03 22:30:12,685 DEBUG   SenderThread:4976 [sender.py:send():232] send: telemetry
2022-05-03 22:30:12,929 INFO    Thread-11 :4976 [dir_watcher.py:_on_file_modified():257] file/dir modified: C:\Research\PINNs_Adaptive_thermal\wandb\run-20220503_221853-9ecn7dv5\files\output.log
2022-05-03 22:30:13,403 DEBUG   HandlerThread:4976 [handler.py:handle_request():141] handle_request: poll_exit
2022-05-03 22:30:13,403 DEBUG   SenderThread:4976 [sender.py:send():232] send: exit
2022-05-03 22:30:13,403 INFO    SenderThread:4976 [sender.py:send_exit():368] handling exit code: 1
2022-05-03 22:30:13,430 INFO    SenderThread:4976 [sender.py:send_exit():370] handling runtime: 677
2022-05-03 22:30:13,449 INFO    SenderThread:4976 [sender.py:_save_file():948] saving file wandb-summary.json with policy end
2022-05-03 22:30:13,449 INFO    SenderThread:4976 [sender.py:send_exit():376] send defer
2022-05-03 22:30:13,453 DEBUG   SenderThread:4976 [sender.py:send_request():246] send_request: poll_exit
2022-05-03 22:30:13,458 DEBUG   HandlerThread:4976 [handler.py:handle_request():141] handle_request: defer
2022-05-03 22:30:13,459 INFO    HandlerThread:4976 [handler.py:handle_request_defer():164] handle defer: 0
2022-05-03 22:30:13,460 DEBUG   SenderThread:4976 [sender.py:send_request():246] send_request: defer
2022-05-03 22:30:13,460 INFO    SenderThread:4976 [sender.py:send_request_defer():385] handle sender defer: 0
2022-05-03 22:30:13,461 INFO    SenderThread:4976 [sender.py:transition_state():389] send defer: 1
2022-05-03 22:30:13,461 DEBUG   HandlerThread:4976 [handler.py:handle_request():141] handle_request: defer
2022-05-03 22:30:13,461 INFO    HandlerThread:4976 [handler.py:handle_request_defer():164] handle defer: 1
2022-05-03 22:30:13,514 DEBUG   SenderThread:4976 [sender.py:send_request():246] send_request: defer
2022-05-03 22:30:13,514 INFO    SenderThread:4976 [sender.py:send_request_defer():385] handle sender defer: 1
2022-05-03 22:30:13,514 INFO    SenderThread:4976 [sender.py:transition_state():389] send defer: 2
2022-05-03 22:30:13,519 DEBUG   HandlerThread:4976 [handler.py:handle_request():141] handle_request: defer
2022-05-03 22:30:13,519 INFO    HandlerThread:4976 [handler.py:handle_request_defer():164] handle defer: 2
2022-05-03 22:30:13,519 DEBUG   SenderThread:4976 [sender.py:send():232] send: stats
2022-05-03 22:30:13,519 DEBUG   SenderThread:4976 [sender.py:send_request():246] send_request: defer
2022-05-03 22:30:13,519 INFO    SenderThread:4976 [sender.py:send_request_defer():385] handle sender defer: 2
2022-05-03 22:30:13,519 INFO    SenderThread:4976 [sender.py:transition_state():389] send defer: 3
2022-05-03 22:30:13,519 DEBUG   HandlerThread:4976 [handler.py:handle_request():141] handle_request: defer
2022-05-03 22:30:13,520 INFO    HandlerThread:4976 [handler.py:handle_request_defer():164] handle defer: 3
2022-05-03 22:30:13,523 DEBUG   SenderThread:4976 [sender.py:send_request():246] send_request: defer
2022-05-03 22:30:13,523 INFO    SenderThread:4976 [sender.py:send_request_defer():385] handle sender defer: 3
2022-05-03 22:30:13,523 INFO    SenderThread:4976 [sender.py:transition_state():389] send defer: 4
2022-05-03 22:30:13,523 DEBUG   HandlerThread:4976 [handler.py:handle_request():141] handle_request: defer
2022-05-03 22:30:13,523 INFO    HandlerThread:4976 [handler.py:handle_request_defer():164] handle defer: 4
2022-05-03 22:30:13,523 DEBUG   SenderThread:4976 [sender.py:send():232] send: summary
2022-05-03 22:30:13,525 INFO    SenderThread:4976 [sender.py:_save_file():948] saving file wandb-summary.json with policy end
2022-05-03 22:30:13,525 DEBUG   SenderThread:4976 [sender.py:send_request():246] send_request: defer
2022-05-03 22:30:13,525 INFO    SenderThread:4976 [sender.py:send_request_defer():385] handle sender defer: 4
2022-05-03 22:30:13,525 INFO    SenderThread:4976 [sender.py:transition_state():389] send defer: 5
2022-05-03 22:30:13,525 DEBUG   HandlerThread:4976 [handler.py:handle_request():141] handle_request: defer
2022-05-03 22:30:13,525 INFO    HandlerThread:4976 [handler.py:handle_request_defer():164] handle defer: 5
2022-05-03 22:30:13,525 DEBUG   SenderThread:4976 [sender.py:send_request():246] send_request: defer
2022-05-03 22:30:13,525 INFO    SenderThread:4976 [sender.py:send_request_defer():385] handle sender defer: 5
2022-05-03 22:30:13,572 DEBUG   HandlerThread:4976 [handler.py:handle_request():141] handle_request: poll_exit
2022-05-03 22:30:13,936 INFO    Thread-11 :4976 [dir_watcher.py:_on_file_modified():257] file/dir modified: C:\Research\PINNs_Adaptive_thermal\wandb\run-20220503_221853-9ecn7dv5\files\wandb-summary.json
2022-05-03 22:30:13,936 INFO    Thread-11 :4976 [dir_watcher.py:_on_file_modified():257] file/dir modified: C:\Research\PINNs_Adaptive_thermal\wandb\run-20220503_221853-9ecn7dv5\files\output.log
2022-05-03 22:30:18,688 DEBUG   HandlerThread:4976 [handler.py:handle_request():141] handle_request: poll_exit
2022-05-03 22:30:23,813 DEBUG   HandlerThread:4976 [handler.py:handle_request():141] handle_request: poll_exit
2022-05-03 22:30:25,111 INFO    SenderThread:4976 [sender.py:transition_state():389] send defer: 6
2022-05-03 22:30:25,112 DEBUG   SenderThread:4976 [sender.py:send_request():246] send_request: poll_exit
2022-05-03 22:30:25,112 DEBUG   SenderThread:4976 [sender.py:send_request():246] send_request: poll_exit
2022-05-03 22:30:25,112 DEBUG   SenderThread:4976 [sender.py:send_request():246] send_request: poll_exit
2022-05-03 22:30:25,112 DEBUG   HandlerThread:4976 [handler.py:handle_request():141] handle_request: defer
2022-05-03 22:30:25,112 INFO    HandlerThread:4976 [handler.py:handle_request_defer():164] handle defer: 6
2022-05-03 22:30:25,112 DEBUG   SenderThread:4976 [sender.py:send_request():246] send_request: defer
2022-05-03 22:30:25,112 INFO    SenderThread:4976 [sender.py:send_request_defer():385] handle sender defer: 6
2022-05-03 22:30:25,113 INFO    SenderThread:4976 [dir_watcher.py:finish():312] shutting down directory watcher
2022-05-03 22:30:25,229 DEBUG   HandlerThread:4976 [handler.py:handle_request():141] handle_request: poll_exit
2022-05-03 22:30:26,043 INFO    SenderThread:4976 [dir_watcher.py:_on_file_modified():257] file/dir modified: C:\Research\PINNs_Adaptive_thermal\wandb\run-20220503_221853-9ecn7dv5\files\config.yaml
2022-05-03 22:30:26,051 INFO    SenderThread:4976 [dir_watcher.py:finish():342] scan: C:\Research\PINNs_Adaptive_thermal\wandb\run-20220503_221853-9ecn7dv5\files
2022-05-03 22:30:26,055 INFO    SenderThread:4976 [dir_watcher.py:finish():356] scan save: C:\Research\PINNs_Adaptive_thermal\wandb\run-20220503_221853-9ecn7dv5\files\conda-environment.yaml conda-environment.yaml
2022-05-03 22:30:26,057 INFO    SenderThread:4976 [dir_watcher.py:finish():356] scan save: C:\Research\PINNs_Adaptive_thermal\wandb\run-20220503_221853-9ecn7dv5\files\config.yaml config.yaml
2022-05-03 22:30:26,058 INFO    SenderThread:4976 [dir_watcher.py:finish():356] scan save: C:\Research\PINNs_Adaptive_thermal\wandb\run-20220503_221853-9ecn7dv5\files\output.log output.log
2022-05-03 22:30:26,059 INFO    SenderThread:4976 [dir_watcher.py:finish():356] scan save: C:\Research\PINNs_Adaptive_thermal\wandb\run-20220503_221853-9ecn7dv5\files\requirements.txt requirements.txt
2022-05-03 22:30:26,063 INFO    SenderThread:4976 [dir_watcher.py:finish():356] scan save: C:\Research\PINNs_Adaptive_thermal\wandb\run-20220503_221853-9ecn7dv5\files\wandb-metadata.json wandb-metadata.json
2022-05-03 22:30:26,063 INFO    SenderThread:4976 [dir_watcher.py:finish():356] scan save: C:\Research\PINNs_Adaptive_thermal\wandb\run-20220503_221853-9ecn7dv5\files\wandb-summary.json wandb-summary.json
2022-05-03 22:30:26,064 INFO    SenderThread:4976 [sender.py:transition_state():389] send defer: 7
2022-05-03 22:30:26,082 DEBUG   SenderThread:4976 [sender.py:send_request():246] send_request: poll_exit
2022-05-03 22:30:26,084 DEBUG   HandlerThread:4976 [handler.py:handle_request():141] handle_request: defer
2022-05-03 22:30:26,084 INFO    HandlerThread:4976 [handler.py:handle_request_defer():164] handle defer: 7
2022-05-03 22:30:26,084 DEBUG   SenderThread:4976 [sender.py:send_request():246] send_request: defer
2022-05-03 22:30:26,084 INFO    SenderThread:4976 [sender.py:send_request_defer():385] handle sender defer: 7
2022-05-03 22:30:26,085 INFO    SenderThread:4976 [file_pusher.py:finish():145] shutting down file pusher
2022-05-03 22:30:26,196 DEBUG   HandlerThread:4976 [handler.py:handle_request():141] handle_request: poll_exit
2022-05-03 22:30:26,196 DEBUG   SenderThread:4976 [sender.py:send_request():246] send_request: poll_exit
2022-05-03 22:30:26,305 DEBUG   HandlerThread:4976 [handler.py:handle_request():141] handle_request: poll_exit
2022-05-03 22:30:26,305 DEBUG   SenderThread:4976 [sender.py:send_request():246] send_request: poll_exit
2022-05-03 22:30:26,414 DEBUG   HandlerThread:4976 [handler.py:handle_request():141] handle_request: poll_exit
2022-05-03 22:30:26,414 DEBUG   SenderThread:4976 [sender.py:send_request():246] send_request: poll_exit
2022-05-03 22:30:26,524 DEBUG   HandlerThread:4976 [handler.py:handle_request():141] handle_request: poll_exit
2022-05-03 22:30:26,524 DEBUG   SenderThread:4976 [sender.py:send_request():246] send_request: poll_exit
2022-05-03 22:30:26,632 DEBUG   HandlerThread:4976 [handler.py:handle_request():141] handle_request: poll_exit
2022-05-03 22:30:26,632 DEBUG   SenderThread:4976 [sender.py:send_request():246] send_request: poll_exit
2022-05-03 22:30:26,637 INFO    Thread-21 :4976 [upload_job.py:push():132] Uploaded file C:\Research\PINNs_Adaptive_thermal\wandb\run-20220503_221853-9ecn7dv5\files\requirements.txt
2022-05-03 22:30:26,640 INFO    Thread-19 :4976 [upload_job.py:push():132] Uploaded file C:\Research\PINNs_Adaptive_thermal\wandb\run-20220503_221853-9ecn7dv5\files\config.yaml
2022-05-03 22:30:26,659 INFO    Thread-18 :4976 [upload_job.py:push():132] Uploaded file C:\Research\PINNs_Adaptive_thermal\wandb\run-20220503_221853-9ecn7dv5\files\conda-environment.yaml
2022-05-03 22:30:26,683 INFO    Thread-20 :4976 [upload_job.py:push():132] Uploaded file C:\Research\PINNs_Adaptive_thermal\wandb\run-20220503_221853-9ecn7dv5\files\output.log
2022-05-03 22:30:26,744 DEBUG   HandlerThread:4976 [handler.py:handle_request():141] handle_request: poll_exit
2022-05-03 22:30:26,745 DEBUG   SenderThread:4976 [sender.py:send_request():246] send_request: poll_exit
2022-05-03 22:30:26,852 DEBUG   HandlerThread:4976 [handler.py:handle_request():141] handle_request: poll_exit
2022-05-03 22:30:26,853 DEBUG   SenderThread:4976 [sender.py:send_request():246] send_request: poll_exit
2022-05-03 22:30:26,962 DEBUG   HandlerThread:4976 [handler.py:handle_request():141] handle_request: poll_exit
2022-05-03 22:30:26,962 DEBUG   SenderThread:4976 [sender.py:send_request():246] send_request: poll_exit
2022-05-03 22:30:27,072 DEBUG   HandlerThread:4976 [handler.py:handle_request():141] handle_request: poll_exit
2022-05-03 22:30:27,073 DEBUG   SenderThread:4976 [sender.py:send_request():246] send_request: poll_exit
2022-05-03 22:30:27,182 DEBUG   HandlerThread:4976 [handler.py:handle_request():141] handle_request: poll_exit
2022-05-03 22:30:27,182 DEBUG   SenderThread:4976 [sender.py:send_request():246] send_request: poll_exit
2022-05-03 22:30:27,293 INFO    Thread-22 :4976 [upload_job.py:push():132] Uploaded file C:\Research\PINNs_Adaptive_thermal\wandb\run-20220503_221853-9ecn7dv5\files\wandb-summary.json
2022-05-03 22:30:27,293 DEBUG   HandlerThread:4976 [handler.py:handle_request():141] handle_request: poll_exit
2022-05-03 22:30:27,293 DEBUG   SenderThread:4976 [sender.py:send_request():246] send_request: poll_exit
2022-05-03 22:30:27,402 DEBUG   HandlerThread:4976 [handler.py:handle_request():141] handle_request: poll_exit
2022-05-03 22:30:27,402 DEBUG   SenderThread:4976 [sender.py:send_request():246] send_request: poll_exit
2022-05-03 22:30:27,512 INFO    Thread-10 :4976 [sender.py:transition_state():389] send defer: 8
2022-05-03 22:30:27,512 DEBUG   HandlerThread:4976 [handler.py:handle_request():141] handle_request: poll_exit
2022-05-03 22:30:27,512 DEBUG   HandlerThread:4976 [handler.py:handle_request():141] handle_request: defer
2022-05-03 22:30:27,512 INFO    HandlerThread:4976 [handler.py:handle_request_defer():164] handle defer: 8
2022-05-03 22:30:27,513 DEBUG   SenderThread:4976 [sender.py:send_request():246] send_request: poll_exit
2022-05-03 22:30:27,513 DEBUG   SenderThread:4976 [sender.py:send_request():246] send_request: defer
2022-05-03 22:30:27,513 INFO    SenderThread:4976 [sender.py:send_request_defer():385] handle sender defer: 8
2022-05-03 22:30:27,622 DEBUG   HandlerThread:4976 [handler.py:handle_request():141] handle_request: poll_exit
2022-05-03 22:30:27,904 INFO    SenderThread:4976 [sender.py:transition_state():389] send defer: 9
2022-05-03 22:30:27,905 DEBUG   SenderThread:4976 [sender.py:send_request():246] send_request: poll_exit
2022-05-03 22:30:27,905 DEBUG   HandlerThread:4976 [handler.py:handle_request():141] handle_request: defer
2022-05-03 22:30:27,905 INFO    HandlerThread:4976 [handler.py:handle_request_defer():164] handle defer: 9
2022-05-03 22:30:27,905 DEBUG   SenderThread:4976 [sender.py:send_request():246] send_request: defer
2022-05-03 22:30:27,906 INFO    SenderThread:4976 [sender.py:send_request_defer():385] handle sender defer: 9
2022-05-03 22:30:27,909 INFO    SenderThread:4976 [sender.py:transition_state():389] send defer: 10
2022-05-03 22:30:27,909 DEBUG   HandlerThread:4976 [handler.py:handle_request():141] handle_request: defer
2022-05-03 22:30:27,909 INFO    HandlerThread:4976 [handler.py:handle_request_defer():164] handle defer: 10
2022-05-03 22:30:27,909 DEBUG   SenderThread:4976 [sender.py:send():232] send: final
2022-05-03 22:30:27,910 DEBUG   SenderThread:4976 [sender.py:send():232] send: footer
2022-05-03 22:30:27,910 DEBUG   SenderThread:4976 [sender.py:send_request():246] send_request: defer
2022-05-03 22:30:27,910 INFO    SenderThread:4976 [sender.py:send_request_defer():385] handle sender defer: 10
2022-05-03 22:30:28,018 DEBUG   HandlerThread:4976 [handler.py:handle_request():141] handle_request: poll_exit
2022-05-03 22:30:28,019 DEBUG   SenderThread:4976 [sender.py:send_request():246] send_request: poll_exit
2022-05-03 22:30:28,019 INFO    SenderThread:4976 [file_pusher.py:join():150] waiting for file pusher
2022-05-03 22:30:28,437 DEBUG   HandlerThread:4976 [handler.py:handle_request():141] handle_request: sampled_history
2022-05-03 22:30:28,441 DEBUG   HandlerThread:4976 [handler.py:handle_request():141] handle_request: get_summary
2022-05-03 22:30:28,444 DEBUG   HandlerThread:4976 [handler.py:handle_request():141] handle_request: shutdown
2022-05-03 22:30:28,446 INFO    HandlerThread:4976 [handler.py:finish():806] shutting down handler
2022-05-03 22:30:28,922 INFO    WriterThread:4976 [datastore.py:close():279] close: C:\Research\PINNs_Adaptive_thermal\wandb\run-20220503_221853-9ecn7dv5\run-9ecn7dv5.wandb
2022-05-03 22:30:29,333 INFO    SenderThread:4976 [sender.py:finish():1110] shutting down sender
2022-05-03 22:30:29,333 INFO    SenderThread:4976 [file_pusher.py:finish():145] shutting down file pusher
2022-05-03 22:30:29,334 INFO    SenderThread:4976 [file_pusher.py:join():150] waiting for file pusher
2022-05-03 22:30:29,388 INFO    MainThread:4976 [internal.py:handle_exit():80] Internal process exited
