2022-05-03 22:18:53,816 INFO    MainThread:18980 [wandb_setup.py:_flush():76] Loading settings from C:\Users\ganat\.config\wandb\settings
2022-05-03 22:18:53,816 INFO    MainThread:18980 [wandb_setup.py:_flush():76] Loading settings from C:\Research\PINNs_Adaptive_thermal\wandb\settings
2022-05-03 22:18:53,816 INFO    MainThread:18980 [wandb_setup.py:_flush():76] Loading settings from environment variables: {}
2022-05-03 22:18:53,816 INFO    MainThread:18980 [wandb_setup.py:_flush():76] Inferring run settings from compute environment: {'program_relpath': 'main.py', 'program': 'main.py'}
2022-05-03 22:18:53,817 INFO    MainThread:18980 [wandb_init.py:_log_setup():428] Logging user logs to C:\Research\PINNs_Adaptive_thermal\wandb\run-20220503_221853-9ecn7dv5\logs\debug.log
2022-05-03 22:18:53,817 INFO    MainThread:18980 [wandb_init.py:_log_setup():429] Logging internal logs to C:\Research\PINNs_Adaptive_thermal\wandb\run-20220503_221853-9ecn7dv5\logs\debug-internal.log
2022-05-03 22:18:53,817 INFO    MainThread:18980 [wandb_init.py:init():462] calling init triggers
2022-05-03 22:18:53,817 INFO    MainThread:18980 [wandb_init.py:init():466] wandb.init called with sweep_config: {}
config: {}
2022-05-03 22:18:53,817 INFO    MainThread:18980 [wandb_init.py:init():515] starting backend
2022-05-03 22:18:53,817 INFO    MainThread:18980 [backend.py:_multiprocessing_setup():99] multiprocessing start_methods=spawn, using: spawn
2022-05-03 22:18:53,825 INFO    MainThread:18980 [backend.py:ensure_launched():217] starting backend process...
2022-05-03 22:18:53,909 INFO    MainThread:18980 [backend.py:ensure_launched():222] started backend process with pid: 4976
2022-05-03 22:18:53,910 INFO    MainThread:18980 [wandb_init.py:init():525] backend started and connected
2022-05-03 22:18:53,911 INFO    MainThread:18980 [wandb_init.py:init():596] updated telemetry
2022-05-03 22:18:53,953 INFO    MainThread:18980 [wandb_init.py:init():628] communicating run to backend with 30 second timeout
2022-05-03 22:18:55,951 INFO    MainThread:18980 [wandb_run.py:_on_init():1924] communicating current version
2022-05-03 22:18:56,069 INFO    MainThread:18980 [wandb_run.py:_on_init():1928] got version response 
2022-05-03 22:18:56,069 INFO    MainThread:18980 [wandb_init.py:init():662] starting run threads in backend
2022-05-03 22:19:01,094 INFO    MainThread:18980 [wandb_run.py:_console_start():1898] atexit reg
2022-05-03 22:19:01,095 INFO    MainThread:18980 [wandb_run.py:_redirect():1771] redirect: SettingsConsole.WRAP
2022-05-03 22:19:01,095 INFO    MainThread:18980 [wandb_run.py:_redirect():1808] Wrapping output streams.
2022-05-03 22:19:01,097 INFO    MainThread:18980 [wandb_run.py:_redirect():1832] Redirects installed.
2022-05-03 22:19:01,097 INFO    MainThread:18980 [wandb_init.py:init():688] run started, returning control to user process
2022-05-03 22:30:12,676 INFO    MainThread:18980 [wandb_run.py:_atexit_cleanup():1867] got exitcode: 1
2022-05-03 22:30:12,683 INFO    MainThread:18980 [wandb_run.py:_restore():1839] restore
2022-05-03 22:30:13,458 INFO    MainThread:18980 [wandb_run.py:_on_finish():1996] got exit ret: file_counts {
  wandb_count: 1
}
pusher_stats {
  uploaded_bytes: 781
  total_bytes: 781
}

2022-05-03 22:30:18,577 INFO    MainThread:18980 [wandb_run.py:_on_finish():1996] got exit ret: None
2022-05-03 22:30:23,701 INFO    MainThread:18980 [wandb_run.py:_on_finish():1996] got exit ret: None
2022-05-03 22:30:25,113 INFO    MainThread:18980 [wandb_run.py:_on_finish():1996] got exit ret: file_counts {
  wandb_count: 1
}
pusher_stats {
  uploaded_bytes: 781
  total_bytes: 781
}

2022-05-03 22:30:26,084 INFO    MainThread:18980 [wandb_run.py:_on_finish():1996] got exit ret: file_counts {
  wandb_count: 6
}
pusher_stats {
  uploaded_bytes: 781
  total_bytes: 11940
}

2022-05-03 22:30:26,197 INFO    MainThread:18980 [wandb_run.py:_on_finish():1996] got exit ret: file_counts {
  wandb_count: 6
}
pusher_stats {
  uploaded_bytes: 781
  total_bytes: 11940
}

2022-05-03 22:30:26,306 INFO    MainThread:18980 [wandb_run.py:_on_finish():1996] got exit ret: file_counts {
  wandb_count: 6
}
pusher_stats {
  uploaded_bytes: 781
  total_bytes: 11940
}

2022-05-03 22:30:26,415 INFO    MainThread:18980 [wandb_run.py:_on_finish():1996] got exit ret: file_counts {
  wandb_count: 6
}
pusher_stats {
  uploaded_bytes: 11674
  total_bytes: 11940
}

2022-05-03 22:30:26,525 INFO    MainThread:18980 [wandb_run.py:_on_finish():1996] got exit ret: file_counts {
  wandb_count: 6
}
pusher_stats {
  uploaded_bytes: 11674
  total_bytes: 11940
}

2022-05-03 22:30:26,633 INFO    MainThread:18980 [wandb_run.py:_on_finish():1996] got exit ret: file_counts {
  wandb_count: 6
}
pusher_stats {
  uploaded_bytes: 11674
  total_bytes: 11940
}

2022-05-03 22:30:26,746 INFO    MainThread:18980 [wandb_run.py:_on_finish():1996] got exit ret: file_counts {
  wandb_count: 6
}
pusher_stats {
  uploaded_bytes: 11674
  total_bytes: 11940
}

2022-05-03 22:30:26,854 INFO    MainThread:18980 [wandb_run.py:_on_finish():1996] got exit ret: file_counts {
  wandb_count: 6
}
pusher_stats {
  uploaded_bytes: 11674
  total_bytes: 11940
}

2022-05-03 22:30:26,963 INFO    MainThread:18980 [wandb_run.py:_on_finish():1996] got exit ret: file_counts {
  wandb_count: 6
}
pusher_stats {
  uploaded_bytes: 11674
  total_bytes: 11940
}

2022-05-03 22:30:27,074 INFO    MainThread:18980 [wandb_run.py:_on_finish():1996] got exit ret: file_counts {
  wandb_count: 6
}
pusher_stats {
  uploaded_bytes: 11940
  total_bytes: 11940
}

2022-05-03 22:30:27,182 INFO    MainThread:18980 [wandb_run.py:_on_finish():1996] got exit ret: file_counts {
  wandb_count: 6
}
pusher_stats {
  uploaded_bytes: 11940
  total_bytes: 11940
}

2022-05-03 22:30:27,294 INFO    MainThread:18980 [wandb_run.py:_on_finish():1996] got exit ret: file_counts {
  wandb_count: 6
}
pusher_stats {
  uploaded_bytes: 11940
  total_bytes: 11940
}

2022-05-03 22:30:27,403 INFO    MainThread:18980 [wandb_run.py:_on_finish():1996] got exit ret: file_counts {
  wandb_count: 6
}
pusher_stats {
  uploaded_bytes: 11940
  total_bytes: 11940
}

2022-05-03 22:30:27,513 INFO    MainThread:18980 [wandb_run.py:_on_finish():1996] got exit ret: file_counts {
  wandb_count: 6
}
pusher_stats {
  uploaded_bytes: 11940
  total_bytes: 11940
}

2022-05-03 22:30:27,905 INFO    MainThread:18980 [wandb_run.py:_on_finish():1996] got exit ret: file_counts {
  wandb_count: 6
}
pusher_stats {
  uploaded_bytes: 11940
  total_bytes: 11940
}

2022-05-03 22:30:28,332 INFO    MainThread:18980 [wandb_run.py:_on_finish():1996] got exit ret: done: true
exit_result {
}
file_counts {
  wandb_count: 6
}
pusher_stats {
  uploaded_bytes: 11940
  total_bytes: 11940
}
local_info {
}

2022-05-03 22:30:30,462 INFO    MainThread:18980 [wandb_run.py:_footer_history_summary_info():3104] rendering history
2022-05-03 22:30:30,464 INFO    MainThread:18980 [wandb_run.py:_footer_history_summary_info():3136] rendering summary
2022-05-03 22:30:30,480 INFO    MainThread:18980 [wandb_run.py:_footer_sync_info():3060] logging synced files
